This is pdfTeX, Version 3.1415926-2.4-1.40.13 (MiKTeX 2.9 64-bit) (preloaded format=pdflatex 2013.10.1)  8 OCT 2013 10:57
entering extended mode
**Pflichtenheft.tex
(F:\workspace\sep13\Pflichtenheft.tex
LaTeX2e <2011/06/27>
Babel <v3.8m> and hyphenation patterns for english, afrikaans, ancientgreek, ar
abic, armenian, assamese, basque, bengali, bokmal, bulgarian, catalan, coptic, 
croatian, czech, danish, dutch, esperanto, estonian, farsi, finnish, french, ga
lician, german, german-x-2012-05-30, greek, gujarati, hindi, hungarian, iceland
ic, indonesian, interlingua, irish, italian, kannada, kurmanji, latin, latvian,
 lithuanian, malayalam, marathi, mongolian, mongolianlmc, monogreek, ngerman, n
german-x-2012-05-30, nynorsk, oriya, panjabi, pinyin, polish, portuguese, roman
ian, russian, sanskrit, serbian, slovak, slovenian, spanish, swedish, swissgerm
an, tamil, telugu, turkish, turkmen, ukenglish, ukrainian, uppersorbian, usengl
ishmax, welsh, loaded.
(E:\Programme\TeX\tex\latex\base\article.cls
Document Class: article 2007/10/19 v1.4h Standard LaTeX document class
(E:\Programme\TeX\tex\latex\base\size10.clo
File: size10.clo 2007/10/19 v1.4h Standard LaTeX file (size option)
)
\c@part=\count79
\c@section=\count80
\c@subsection=\count81
\c@subsubsection=\count82
\c@paragraph=\count83
\c@subparagraph=\count84
\c@figure=\count85
\c@table=\count86
\abovecaptionskip=\skip41
\belowcaptionskip=\skip42
\bibindent=\dimen102
)
(E:\Programme\TeX\tex\latex\graphics\graphicx.sty
Package: graphicx 1999/02/16 v1.0f Enhanced LaTeX Graphics (DPC,SPQR)

(E:\Programme\TeX\tex\latex\graphics\keyval.sty
Package: keyval 1999/03/16 v1.13 key=value parser (DPC)
\KV@toks@=\toks14
)
(E:\Programme\TeX\tex\latex\graphics\graphics.sty
Package: graphics 2009/02/05 v1.0o Standard LaTeX Graphics (DPC,SPQR)

(E:\Programme\TeX\tex\latex\graphics\trig.sty
Package: trig 1999/03/16 v1.09 sin cos tan (DPC)
)
(E:\Programme\TeX\tex\latex\00miktex\graphics.cfg
File: graphics.cfg 2007/01/18 v1.5 graphics configuration of teTeX/TeXLive
)
Package graphics Info: Driver file: pdftex.def on input line 91.

(E:\Programme\TeX\tex\latex\pdftex-def\pdftex.def
File: pdftex.def 2011/05/27 v0.06d Graphics/color for pdfTeX

(E:\Programme\TeX\tex\generic\oberdiek\infwarerr.sty
Package: infwarerr 2010/04/08 v1.3 Providing info/warning/error messages (HO)
)
(E:\Programme\TeX\tex\generic\oberdiek\ltxcmds.sty
Package: ltxcmds 2011/11/09 v1.22 LaTeX kernel commands for general use (HO)
)
\Gread@gobject=\count87
))
\Gin@req@height=\dimen103
\Gin@req@width=\dimen104
)
(E:\Programme\TeX\tex\latex\german\german.sty v2.5e 1998-07-08
Package: german 1998/07/08 v2.5e Support for writing german texts (br)
\grmnU@D=\dimen105
german -- \language number for Austrian undefined, default 22 used.
)
(E:\Programme\TeX\tex\latex\base\inputenc.sty
Package: inputenc 2008/03/30 v1.1d Input encoding file
\inpenc@prehook=\toks15
\inpenc@posthook=\toks16

(E:\Programme\TeX\tex\latex\base\latin1.def
File: latin1.def 2008/03/30 v1.1d Input encoding file
))
(E:\Programme\TeX\tex\latex\glossaries\base\glossaries.sty
Package: glossaries 2013/04/21 v3.05 (NLCT)

(E:\Programme\TeX\tex\latex\base\ifthen.sty
Package: ifthen 2001/05/26 v1.1c Standard LaTeX ifthen package (DPC)
)
(E:\Programme\TeX\tex\latex\xkeyval\xkeyval.sty
Package: xkeyval 2012/10/14 v2.6b package option processing (HA)

(E:\Programme\TeX\tex\generic\xkeyval\xkeyval.tex
\XKV@toks=\toks17
\XKV@tempa@toks=\toks18
\XKV@depth=\count88
File: xkeyval.tex 2012/10/14 v2.6b key=value parser (HA)
))
(E:\Programme\TeX\tex\latex\glossaries\base\mfirstuc.sty
Package: mfirstuc 2012/05/21 v1.06 (NLCT)

(E:\Programme\TeX\tex\latex\etoolbox\etoolbox.sty
Package: etoolbox 2011/01/03 v2.1 e-TeX tools for LaTeX

(E:\Programme\TeX\tex\latex\misc\etex.sty
Package: etex 1998/03/26 v2.0 eTeX basic definition package (PEB)
\et@xins=\count89
)
\etb@tempcnta=\count90
)
\@glsmfirst=\toks19
\@glsmrest=\toks20
)
(E:\Programme\TeX\tex\latex\xfor\xfor.sty
Package: xfor 2009/02/05 v1.05 (NLCT)
)
(E:\Programme\TeX\tex\latex\datatool\datatool-base.sty
Package: datatool-base 2013/01/15 v2.13 (NLCT)

(E:\Programme\TeX\tex\latex\amsmath\amsmath.sty
Package: amsmath 2013/01/14 v2.14 AMS math features
\@mathmargin=\skip43

For additional information on amsmath, use the `?' option.
(E:\Programme\TeX\tex\latex\amsmath\amstext.sty
Package: amstext 2000/06/29 v2.01

(E:\Programme\TeX\tex\latex\amsmath\amsgen.sty
File: amsgen.sty 1999/11/30 v2.0
\@emptytoks=\toks21
\ex@=\dimen106
))
(E:\Programme\TeX\tex\latex\amsmath\amsbsy.sty
Package: amsbsy 1999/11/29 v1.2d
\pmbraise@=\dimen107
)
(E:\Programme\TeX\tex\latex\amsmath\amsopn.sty
Package: amsopn 1999/12/14 v2.01 operator names
)
\inf@bad=\count91
LaTeX Info: Redefining \frac on input line 210.
\uproot@=\count92
\leftroot@=\count93
LaTeX Info: Redefining \overline on input line 306.
\classnum@=\count94
\DOTSCASE@=\count95
LaTeX Info: Redefining \ldots on input line 378.
LaTeX Info: Redefining \dots on input line 381.
LaTeX Info: Redefining \cdots on input line 466.
\Mathstrutbox@=\box26
\strutbox@=\box27
\big@size=\dimen108
LaTeX Font Info:    Redeclaring font encoding OML on input line 566.
LaTeX Font Info:    Redeclaring font encoding OMS on input line 567.
\macc@depth=\count96
\c@MaxMatrixCols=\count97
\dotsspace@=\muskip10
\c@parentequation=\count98
\dspbrk@lvl=\count99
\tag@help=\toks22
\row@=\count100
\column@=\count101
\maxfields@=\count102
\andhelp@=\toks23
\eqnshift@=\dimen109
\alignsep@=\dimen110
\tagshift@=\dimen111
\tagwidth@=\dimen112
\totwidth@=\dimen113
\lineht@=\dimen114
\@envbody=\toks24
\multlinegap=\skip44
\multlinetaggap=\skip45
\mathdisplay@stack=\toks25
LaTeX Info: Redefining \[ on input line 2665.
LaTeX Info: Redefining \] on input line 2666.
)
(E:\Programme\TeX\tex\latex\substr\substr.sty
Package: substr 2009/10/20 v1.2 Handle substrings
\c@su@anzahl=\count103
)
(E:\Programme\TeX\tex\latex\datatool\datatool-fp.sty
Package: datatool-fp 2013/01/15 v2.13 (NLCT)

(E:\Programme\TeX\tex\latex\fp\fp.sty
Package: fp 1995/04/02

`Fixed Point Package', Version 0.8, April 2, 1995 (C) Michael Mehlich
(E:\Programme\TeX\tex\latex\fp\defpattern.sty
Package: defpattern 1994/10/12
\actioncount=\count104
)
(E:\Programme\TeX\tex\latex\fp\fp-basic.sty
Package: fp-basic 1996/05/13
\FP@xs=\count105
\FP@xia=\count106
\FP@xib=\count107
\FP@xfa=\count108
\FP@xfb=\count109
\FP@rega=\count110
\FP@regb=\count111
\FP@regs=\count112
\FP@times=\count113
)
(E:\Programme\TeX\tex\latex\fp\fp-addons.sty
Package: fp-addons 1995/03/15
)
(E:\Programme\TeX\tex\latex\fp\fp-snap.sty
Package: fp-snap 1995/04/05
)
(E:\Programme\TeX\tex\latex\fp\fp-exp.sty
Package: fp-exp 1995/04/03
)
(E:\Programme\TeX\tex\latex\fp\fp-trigo.sty
Package: fp-trigo 1995/04/14
)
(E:\Programme\TeX\tex\latex\fp\fp-pas.sty
Package: fp-pas 1994/08/29
)
(E:\Programme\TeX\tex\latex\fp\fp-random.sty
Package: fp-random 1995/02/23
\FPseed=\count114
)
(E:\Programme\TeX\tex\latex\fp\fp-eqn.sty
Package: fp-eqn 1995/04/03
)
(E:\Programme\TeX\tex\latex\fp\fp-upn.sty
Package: fp-upn 1996/10/21
)
(E:\Programme\TeX\tex\latex\fp\fp-eval.sty
Package: fp-eval 1995/04/03
)))
\@dtl@toks=\toks26
\@dtl@tmpcount=\count115
\dtl@tmplength=\skip46
\dtl@sortresult=\count116
\@dtl@numgrpsepcount=\count117
\@dtl@datatype=\count118
\dtl@codeA=\count119
\dtl@codeB=\count120
\@dtl@foreach@level=\count121
)
\gls@level=\count122
\@gls@tmpb=\toks27
\gls@tmplen=\skip47
\glswrite=\write3
\glskeylisttok=\toks28
\glslabeltok=\toks29
\glsshorttok=\toks30
\glslongtok=\toks31

(E:\Programme\TeX\tex\latex\glossaries\styles\glossary-hypernav.sty
Package: glossary-hypernav 2007/07/04 v1.01 (NLCT)
)
(E:\Programme\TeX\tex\latex\glossaries\styles\glossary-list.sty
Package: glossary-list 2012/11/11 v3.04 (NLCT)
\glslistdottedwidth=\skip48
)
(E:\Programme\TeX\tex\latex\glossaries\styles\glossary-long.sty
Package: glossary-long 2012/09/21 v3.03 (NLCT)

(E:\Programme\TeX\tex\latex\tools\longtable.sty
Package: longtable 2004/02/01 v4.11 Multi-page Table package (DPC)
\LTleft=\skip49
\LTright=\skip50
\LTpre=\skip51
\LTpost=\skip52
\LTchunksize=\count123
\LTcapwidth=\dimen115
\LT@head=\box28
\LT@firsthead=\box29
\LT@foot=\box30
\LT@lastfoot=\box31
\LT@cols=\count124
\LT@rows=\count125
\c@LT@tables=\count126
\c@LT@chunks=\count127
\LT@p@ftn=\toks32
)
\glsdescwidth=\skip53
\glspagelistwidth=\skip54
)
(E:\Programme\TeX\tex\latex\glossaries\styles\glossary-super.sty
Package: glossary-super 2012/09/21 v3.03 (NLCT)

(E:\Programme\TeX\tex\latex\supertabular\supertabular.sty
Package: supertabular 2004/02/20 v4.1e the supertabular environment
\c@tracingst=\count128
\ST@wd=\dimen116
\ST@rightskip=\skip55
\ST@leftskip=\skip56
\ST@parfillskip=\skip57
\ST@pageleft=\dimen117
\ST@headht=\dimen118
\ST@tailht=\dimen119
\ST@pagesofar=\dimen120
\ST@pboxht=\dimen121
\ST@lineht=\dimen122
\ST@stretchht=\dimen123
\ST@prevht=\dimen124
\ST@toadd=\dimen125
\ST@dimen=\dimen126
\ST@pbox=\box32
))
(E:\Programme\TeX\tex\latex\glossaries\styles\glossary-tree.sty
Package: glossary-tree 2012/09/21 v3.03 (NLCT)
\glstreeindent=\skip58
))
\glo@main@file=\write4
Package glossaries Info: Writing glossary file Pflichtenheft.glo on input line 
6.

(F:\workspace\sep13\Pflichtenheft.aux)
LaTeX Font Info:    Checking defaults for OML/cmm/m/it on input line 32.
LaTeX Font Info:    ... okay on input line 32.
LaTeX Font Info:    Checking defaults for T1/cmr/m/n on input line 32.
LaTeX Font Info:    ... okay on input line 32.
LaTeX Font Info:    Checking defaults for OT1/cmr/m/n on input line 32.
LaTeX Font Info:    ... okay on input line 32.
LaTeX Font Info:    Checking defaults for OMS/cmsy/m/n on input line 32.
LaTeX Font Info:    ... okay on input line 32.
LaTeX Font Info:    Checking defaults for OMX/cmex/m/n on input line 32.
LaTeX Font Info:    ... okay on input line 32.
LaTeX Font Info:    Checking defaults for U/cmr/m/n on input line 32.
LaTeX Font Info:    ... okay on input line 32.

(E:\Programme\TeX\tex\context\base\supp-pdf.mkii
[Loading MPS to PDF converter (version 2006.09.02).]
\scratchcounter=\count129
\scratchdimen=\dimen127
\scratchbox=\box33
\nofMPsegments=\count130
\nofMParguments=\count131
\everyMPshowfont=\toks33
\MPscratchCnt=\count132
\MPscratchDim=\dimen128
\MPnumerator=\count133
\makeMPintoPDFobject=\count134
\everyMPtoPDFconversion=\toks34
)

LaTeX Font Warning: Font shape `OT1/cmr/bx/sc' undefined
(Font)              using `OT1/cmr/bx/n' instead on input line 36.

<Bild.pdf, id=1, 291.0875pt x 291.0875pt>
File: Bild.pdf Graphic file (type pdf)
 <use Bild.pdf>
Package pdftex.def Info: Bild.pdf used on input line 41.
(pdftex.def)             Requested size: 291.08678pt x 291.08678pt.
 [1

{C:/ProgramData/MiKTeX/2.9/pdftex/config/pdftex.map} <E:/Programme/TeX/tex/late
x/IMTEKda/figures/Bild.pdf>] [2] (F:\workspace\sep13\Pflichtenheft.toc)
\tf@toc=\write5
 [1]
LaTeX Font Info:    Try loading font information for OMS+cmr on input line 71.

(E:\Programme\TeX\tex\latex\base\omscmr.fd
File: omscmr.fd 1999/05/25 v2.5h Standard LaTeX font definitions
)
LaTeX Font Info:    Font shape `OMS/cmr/m/n' in size <10> not available
(Font)              Font shape `OMS/cmsy/m/n' tried instead on input line 71.
 [2] [3] [4] [5]
<GUI_images/Login.png, id=37, 241.65282pt x 161.10187pt>
File: GUI_images/Login.png Graphic file (type png)

<use GUI_images/Login.png>
Package pdftex.def Info: GUI_images/Login.png used on input line 270.
(pdftex.def)             Requested size: 241.65222pt x 161.10147pt.
 [6]
<GUI_images/ServerLobby.png, id=41, 496.10344pt x 376.40625pt>
File: GUI_images/ServerLobby.png Graphic file (type png)

<use GUI_images/ServerLobby.png>
Package pdftex.def Info: GUI_images/ServerLobby.png used on input line 271.
(pdftex.def)             Requested size: 347.27003pt x 263.48257pt.

Overfull \hbox (27.27007pt too wide) in paragraph at lines 271--272
[] 
 []

<GUI_images/CreateGame.png, id=42, 343.2825pt x 231.11343pt>
File: GUI_images/CreateGame.png Graphic file (type png)

<use GUI_images/CreateGame.png>
Package pdftex.def Info: GUI_images/CreateGame.png used on input line 273.
(pdftex.def)             Requested size: 274.62636pt x 184.89099pt.
 [7 <F:/workspace/sep13/GUI_images/Login.png> <F:/workspace/sep13/GUI_images/Se
rverLobby.png>]
<GUI_images/GameLobby.png, id=46, 347.79938pt x 330.48468pt>
File: GUI_images/GameLobby.png Graphic file (type png)

<use GUI_images/GameLobby.png>
Package pdftex.def Info: GUI_images/GameLobby.png used on input line 274.
(pdftex.def)             Requested size: 243.4579pt x 231.33769pt.

<GUI_images/PasswordRequest.png, id=47, 278.54062pt x 173.14688pt>
File: GUI_images/PasswordRequest.png Graphic file (type png)

<use GUI_images/PasswordRequest.png>
Package pdftex.def Info: GUI_images/PasswordRequest.png used on input line 275.

(pdftex.def)             Requested size: 278.53993pt x 173.14645pt.
 [8 <F:/workspace/sep13/GUI_images/CreateGame.png> <F:/workspace/sep13/GUI_imag
es/GameLobby.png>]
<GUI_images/GameClient.png, id=51, 657.95813pt x 492.33937pt>
File: GUI_images/GameClient.png Graphic file (type png)

<use GUI_images/GameClient.png>
Package pdftex.def Info: GUI_images/GameClient.png used on input line 276.
(pdftex.def)             Requested size: 394.77792pt x 295.40588pt.

Overfull \hbox (74.77795pt too wide) in paragraph at lines 276--277
[] 
 []

[9 <F:/workspace/sep13/GUI_images/PasswordRequest.png> <F:/workspace/sep13/GUI_
images/GameClient.png>] [10] (F:\workspace\sep13\Pflichtenheft.gls) [11]
(F:\workspace\sep13\Pflichtenheft.aux)

LaTeX Font Warning: Some font shapes were not available, defaults substituted.

 ) 
Here is how much of TeX's memory you used:
 5495 strings out of 493921
 73351 string characters out of 3151690
 174403 words of memory out of 3000000
 8691 multiletter control sequences out of 15000+200000
 5919 words of font info for 22 fonts, out of 3000000 for 9000
 841 hyphenation exceptions out of 8191
 46i,6n,38p,1500b,389s stack positions out of 5000i,500n,10000p,200000b,50000s
<E:/Programme/TeX/fonts/type1/public/amsfonts/cm/cmbx10.pfb><E:/Programme/TeX
/fonts/type1/public/amsfonts/cm/cmbx12.pfb><E:/Programme/TeX/fonts/type1/public
/amsfonts/cm/cmr10.pfb><E:/Programme/TeX/fonts/type1/public/amsfonts/cm/cmr12.p
fb><E:/Programme/TeX/fonts/type1/public/amsfonts/cm/cmr7.pfb><E:/Programme/TeX/
fonts/type1/public/amsfonts/cm/cmsy10.pfb>
Output written on Pflichtenheft.pdf (13 pages, 500263 bytes).
PDF statistics:
 82 PDF objects out of 1000 (max. 8388607)
 0 named destinations out of 1000 (max. 500000)
 36 words of extra memory for PDF output out of 10000 (max. 10000000)

