\BOOKMARK [1][-]{section.1}{Zielbestimmung}{}% 1
\BOOKMARK [2][-]{subsection.1.1}{Musskriterien}{section.1}% 2
\BOOKMARK [3][-]{subsubsection.1.1.1}{Server}{subsection.1.1}% 3
\BOOKMARK [3][-]{subsubsection.1.1.2}{Client}{subsection.1.1}% 4
\BOOKMARK [2][-]{subsection.1.2}{Wunschkriterien}{section.1}% 5
\BOOKMARK [2][-]{subsection.1.3}{Abgrenzungskriterien}{section.1}% 6
\BOOKMARK [1][-]{section.2}{Produkteinsatz}{}% 7
\BOOKMARK [2][-]{subsection.2.1}{Anwendungsbereich}{section.2}% 8
\BOOKMARK [2][-]{subsection.2.2}{Zielgruppe}{section.2}% 9
\BOOKMARK [2][-]{subsection.2.3}{Betriebsbedingungen}{section.2}% 10
\BOOKMARK [1][-]{section.3}{Produktumgebung}{}% 11
\BOOKMARK [2][-]{subsection.3.1}{Software}{section.3}% 12
\BOOKMARK [2][-]{subsection.3.2}{Hardware}{section.3}% 13
\BOOKMARK [2][-]{subsection.3.3}{Orgware}{section.3}% 14
\BOOKMARK [1][-]{section.4}{Produktfunktionen}{}% 15
\BOOKMARK [2][-]{subsection.4.1}{Startseite}{section.4}% 16
\BOOKMARK [2][-]{subsection.4.2}{Lobby}{section.4}% 17
\BOOKMARK [2][-]{subsection.4.3}{Erstellungsfenster}{section.4}% 18
\BOOKMARK [2][-]{subsection.4.4}{Passwortabfrage}{section.4}% 19
\BOOKMARK [2][-]{subsection.4.5}{Wartefenster}{section.4}% 20
\BOOKMARK [2][-]{subsection.4.6}{Spiel}{section.4}% 21
\BOOKMARK [1][-]{section.5}{Produktdaten}{}% 22
\BOOKMARK [1][-]{section.6}{Produktleistungen}{}% 23
\BOOKMARK [1][-]{section.7}{Benutzungsoberfl\344che}{}% 24
\BOOKMARK [1][-]{section.8}{Testszenarien}{}% 25
\BOOKMARK [1][-]{section.9}{Entwicklungsumgebung}{}% 26
\BOOKMARK [2][-]{subsection.9.1}{Software}{section.9}% 27
\BOOKMARK [2][-]{subsection.9.2}{Hardware}{section.9}% 28
\BOOKMARK [2][-]{subsection.9.3}{Orgware}{section.9}% 29
\BOOKMARK [1][-]{section.10}{Erg\344nzung}{}% 30
\BOOKMARK [1][-]{section*.2}{Glossary}{}% 31
