\BOOKMARK [1][-]{section.1}{\376\377\000E\000i\000n\000l\000e\000i\000t\000u\000n\000g}{}% 1
\BOOKMARK [1][-]{section.2}{\376\377\000\304\000n\000d\000e\000r\000u\000n\000g\000e\000n\000\040\000i\000m\000\040\000V\000e\000r\000g\000l\000e\000i\000c\000h\000\040\000z\000u\000m\000\040\000E\000n\000t\000w\000u\000r\000f}{}% 2
\BOOKMARK [2][-]{subsection.2.1}{\376\377\000S\000e\000r\000v\000e\000r}{section.2}% 3
\BOOKMARK [3][-]{subsubsection.2.1.1}{\376\377\000S\000e\000r\000v\000e\000r}{subsection.2.1}% 4
\BOOKMARK [2][-]{subsection.2.2}{\376\377\000C\000l\000i\000e\000n\000t}{section.2}% 5
\BOOKMARK [3][-]{subsubsection.2.2.1}{\376\377\000L\000a\000n\000g\000u\000a\000g\000e}{subsection.2.2}% 6
\BOOKMARK [3][-]{subsubsection.2.2.2}{\376\377\000M\000V\000M\000e\000s\000s\000a\000g\000e}{subsection.2.2}% 7
\BOOKMARK [3][-]{subsubsection.2.2.3}{\376\377\000C\000l\000i\000e\000n\000t\000S\000t\000a\000t\000e\000-\000E\000n\000u\000m}{subsection.2.2}% 8
\BOOKMARK [2][-]{subsection.2.3}{\376\377\000C\000l\000i\000e\000n\000t\000V\000i\000e\000w}{section.2}% 9
\BOOKMARK [3][-]{subsubsection.2.3.1}{\376\377\000M\000V\000M\000e\000s\000s\000a\000g\000e\000s}{subsection.2.3}% 10
\BOOKMARK [3][-]{subsubsection.2.3.2}{\376\377\000V\000i\000e\000w\000C\000a\000r\000d}{subsection.2.3}% 11
\BOOKMARK [2][-]{subsection.2.4}{\376\377\000R\000u\000l\000e\000s\000e\000t}{section.2}% 12
\BOOKMARK [3][-]{subsubsection.2.4.1}{\376\377\000S\000e\000r\000v\000e\000r\000R\000u\000l\000e\000s\000e\000t}{subsection.2.4}% 13
\BOOKMARK [3][-]{subsubsection.2.4.2}{\376\377\000C\000l\000i\000e\000n\000t\000R\000u\000l\000e\000s\000e\000t}{subsection.2.4}% 14
\BOOKMARK [3][-]{subsubsection.2.4.3}{\376\377\000C\000a\000r\000d}{subsection.2.4}% 15
\BOOKMARK [3][-]{subsubsection.2.4.4}{\376\377\000C\000o\000l\000o\000u\000r}{subsection.2.4}% 16
\BOOKMARK [3][-]{subsubsection.2.4.5}{\376\377\000R\000u\000l\000e\000s\000e\000t\000T\000y\000p\000e}{subsection.2.4}% 17
\BOOKMARK [2][-]{subsection.2.5}{\376\377\000C\000o\000m\000O\000b\000j\000e\000c\000t\000s}{section.2}% 18
\BOOKMARK [3][-]{subsubsection.2.5.1}{\376\377\000C\000o\000m\000O\000b\000j\000e\000c\000t}{subsection.2.5}% 19
\BOOKMARK [3][-]{subsubsection.2.5.2}{\376\377\000R\000u\000l\000e\000s\000e\000t\000M\000e\000s\000s\000a\000g\000e}{subsection.2.5}% 20
\BOOKMARK [3][-]{subsubsection.2.5.3}{\376\377\000C\000o\000m\000L\000o\000g\000i\000n}{subsection.2.5}% 21
\BOOKMARK [3][-]{subsubsection.2.5.4}{\376\377\000C\000o\000m\000K\000i\000c\000k\000P\000l\000a\000y\000e\000r}{subsection.2.5}% 22
\BOOKMARK [3][-]{subsubsection.2.5.5}{\376\377\000G\000a\000m\000e\000C\000l\000i\000e\000n\000t\000U\000p\000d\000a\000t\000e}{subsection.2.5}% 23
\BOOKMARK [3][-]{subsubsection.2.5.6}{\376\377\000c\000o\000m\000m\000a\000n\000d\000s}{subsection.2.5}% 24
\BOOKMARK [3][-]{subsubsection.2.5.7}{\376\377\000t\000y\000p\000e\000s}{subsection.2.5}% 25
\BOOKMARK [3][-]{subsubsection.2.5.8}{\376\377\000C\000o\000m\000B\000e\000e\000n\000K\000i\000c\000k\000e\000d}{subsection.2.5}% 26
\BOOKMARK [3][-]{subsubsection.2.5.9}{\376\377\000C\000o\000m\000C\000l\000i\000e\000n\000t\000L\000e\000a\000v\000e}{subsection.2.5}% 27
\BOOKMARK [3][-]{subsubsection.2.5.10}{\376\377\000C\000o\000m\000C\000l\000i\000e\000n\000t\000Q\000u\000i\000t}{subsection.2.5}% 28
\BOOKMARK [3][-]{subsubsection.2.5.11}{\376\377\000C\000o\000m\000C\000r\000e\000a\000t\000e\000G\000a\000m\000e\000R\000e\000q\000u\000e\000s\000t}{subsection.2.5}% 29
\BOOKMARK [3][-]{subsubsection.2.5.12}{\376\377\000C\000o\000m\000G\000a\000m\000e\000E\000n\000d}{subsection.2.5}% 30
\BOOKMARK [3][-]{subsubsection.2.5.13}{\376\377\000C\000o\000m\000S\000e\000r\000v\000e\000r\000A\000c\000k\000n\000o\000w\000l\000e\000d\000g\000e\000m\000e\000n\000t}{subsection.2.5}% 31
\BOOKMARK [3][-]{subsubsection.2.5.14}{\376\377\000C\000o\000m\000S\000t\000a\000r\000t\000G\000a\000m\000e}{subsection.2.5}% 32
\BOOKMARK [3][-]{subsubsection.2.5.15}{\376\377\000C\000o\000m\000W\000a\000r\000n\000i\000n\000g}{subsection.2.5}% 33
\BOOKMARK [3][-]{subsubsection.2.5.16}{\376\377\000M\000s\000g\000C\000a\000r\000d\000R\000e\000q\000u\000e\000s\000t}{subsection.2.5}% 34
\BOOKMARK [3][-]{subsubsection.2.5.17}{\376\377\000M\000s\000g\000M\000u\000l\000t\000i\000C\000a\000r\000d\000s\000R\000e\000q\000u\000e\000s\000t}{subsection.2.5}% 35
\BOOKMARK [3][-]{subsubsection.2.5.18}{\376\377\000M\000s\000g\000N\000u\000m\000b\000e\000r\000R\000e\000q\000u\000e\000s\000t}{subsection.2.5}% 36
\BOOKMARK [3][-]{subsubsection.2.5.19}{\376\377\000M\000s\000g\000S\000e\000l\000e\000c\000t\000i\000o\000n\000R\000e\000q\000u\000e\000s\000t}{subsection.2.5}% 37
\BOOKMARK [3][-]{subsubsection.2.5.20}{\376\377\000C\000o\000m\000O\000b\000j\000e\000c\000t\000s\000-\000K\000l\000a\000s\000s\000e\000n\000\040\000a\000l\000l\000g\000e\000m\000e\000i\000n}{subsection.2.5}% 38
\BOOKMARK [1][-]{section.3}{\376\377\000H\000i\000e\000r\000a\000r\000c\000h\000i\000e\000-\000V\000e\000r\000z\000e\000i\000c\000h\000n\000i\000s}{}% 39
\BOOKMARK [2][-]{subsection.3.1}{\376\377\000K\000l\000a\000s\000s\000e\000n\000h\000i\000e\000r\000a\000r\000c\000h\000i\000e}{section.3}% 40
\BOOKMARK [1][-]{section.4}{\376\377\000K\000l\000a\000s\000s\000e\000n\000-\000V\000e\000r\000z\000e\000i\000c\000h\000n\000i\000s}{}% 41
\BOOKMARK [2][-]{subsection.4.1}{\376\377\000A\000u\000f\000l\000i\000s\000t\000u\000n\000g\000\040\000d\000e\000r\000\040\000K\000l\000a\000s\000s\000e\000n}{section.4}% 42
\BOOKMARK [1][-]{section.5}{\376\377\000K\000l\000a\000s\000s\000e\000n\000-\000D\000o\000k\000u\000m\000e\000n\000t\000a\000t\000i\000o\000n}{}% 43
\BOOKMARK [2][-]{subsection.5.1}{\376\377\000C\000l\000i\000e\000n\000t\000C\000o\000n\000t\000r\000o\000l\000l\000e\000r\000\040\000K\000l\000a\000s\000s\000e\000n\000r\000e\000f\000e\000r\000e\000n\000z}{section.5}% 44
\BOOKMARK [3][-]{subsubsection.5.1.1}{\376\377\000A\000u\000s\000f\000\374\000h\000r\000l\000i\000c\000h\000e\000\040\000B\000e\000s\000c\000h\000r\000e\000i\000b\000u\000n\000g}{subsection.5.1}% 45
\BOOKMARK [2][-]{subsection.5.2}{\376\377\000C\000l\000i\000e\000n\000t\000M\000a\000i\000n\000\040\000K\000l\000a\000s\000s\000e\000n\000r\000e\000f\000e\000r\000e\000n\000z}{section.5}% 46
\BOOKMARK [3][-]{subsubsection.5.2.1}{\376\377\000A\000u\000s\000f\000\374\000h\000r\000l\000i\000c\000h\000e\000\040\000B\000e\000s\000c\000h\000r\000e\000i\000b\000u\000n\000g}{subsection.5.2}% 47
\BOOKMARK [3][-]{subsubsection.5.2.2}{\376\377\000D\000o\000k\000u\000m\000e\000n\000t\000a\000t\000i\000o\000n\000\040\000d\000e\000r\000\040\000E\000l\000e\000m\000e\000n\000t\000f\000u\000n\000k\000t\000i\000o\000n\000e\000n}{subsection.5.2}% 48
\BOOKMARK [2][-]{subsection.5.3}{\376\377\000C\000l\000i\000e\000n\000t\000M\000o\000d\000e\000l\000\040\000K\000l\000a\000s\000s\000e\000n\000r\000e\000f\000e\000r\000e\000n\000z}{section.5}% 49
\BOOKMARK [3][-]{subsubsection.5.3.1}{\376\377\000A\000u\000s\000f\000\374\000h\000r\000l\000i\000c\000h\000e\000\040\000B\000e\000s\000c\000h\000r\000e\000i\000b\000u\000n\000g}{subsection.5.3}% 50
\BOOKMARK [3][-]{subsubsection.5.3.2}{\376\377\000B\000e\000s\000c\000h\000r\000e\000i\000b\000u\000n\000g\000\040\000d\000e\000r\000\040\000K\000o\000n\000s\000t\000r\000u\000k\000t\000o\000r\000e\000n\000\040\000u\000n\000d\000\040\000D\000e\000s\000t\000r\000u\000k\000t\000o\000r\000e\000n}{subsection.5.3}% 51
\BOOKMARK [3][-]{subsubsection.5.3.3}{\376\377\000D\000o\000k\000u\000m\000e\000n\000t\000a\000t\000i\000o\000n\000\040\000d\000e\000r\000\040\000E\000l\000e\000m\000e\000n\000t\000f\000u\000n\000k\000t\000i\000o\000n\000e\000n}{subsection.5.3}% 52
\BOOKMARK [2][-]{subsection.5.4}{\376\377\000C\000l\000i\000e\000n\000t\000S\000t\000a\000t\000e\000\040\000E\000n\000u\000m\000-\000R\000e\000f\000e\000r\000e\000n\000z}{section.5}% 53
\BOOKMARK [3][-]{subsubsection.5.4.1}{\376\377\000A\000u\000s\000f\000\374\000h\000r\000l\000i\000c\000h\000e\000\040\000B\000e\000s\000c\000h\000r\000e\000i\000b\000u\000n\000g}{subsection.5.4}% 54
\BOOKMARK [2][-]{subsection.5.5}{\376\377\000M\000e\000s\000s\000a\000g\000e\000L\000i\000s\000t\000e\000n\000e\000r\000T\000h\000r\000e\000a\000d\000\040\000K\000l\000a\000s\000s\000e\000n\000r\000e\000f\000e\000r\000e\000n\000z}{section.5}% 55
\BOOKMARK [3][-]{subsubsection.5.5.1}{\376\377\000A\000u\000s\000f\000\374\000h\000r\000l\000i\000c\000h\000e\000\040\000B\000e\000s\000c\000h\000r\000e\000i\000b\000u\000n\000g}{subsection.5.5}% 56
\BOOKMARK [3][-]{subsubsection.5.5.2}{\376\377\000D\000o\000k\000u\000m\000e\000n\000t\000a\000t\000i\000o\000n\000\040\000d\000e\000r\000\040\000E\000l\000e\000m\000e\000n\000t\000f\000u\000n\000k\000t\000i\000o\000n\000e\000n}{subsection.5.5}% 57
\BOOKMARK [2][-]{subsection.5.6}{\376\377\000C\000h\000o\000o\000s\000e\000C\000a\000r\000d\000s\000\040\000K\000l\000a\000s\000s\000e\000n\000r\000e\000f\000e\000r\000e\000n\000z}{section.5}% 58
\BOOKMARK [3][-]{subsubsection.5.6.1}{\376\377\000A\000u\000s\000f\000\374\000h\000r\000l\000i\000c\000h\000e\000\040\000B\000e\000s\000c\000h\000r\000e\000i\000b\000u\000n\000g}{subsection.5.6}% 59
\BOOKMARK [3][-]{subsubsection.5.6.2}{\376\377\000D\000o\000k\000u\000m\000e\000n\000t\000a\000t\000i\000o\000n\000\040\000d\000e\000r\000\040\000E\000l\000e\000m\000e\000n\000t\000f\000u\000n\000k\000t\000i\000o\000n\000e\000n}{subsection.5.6}% 60
\BOOKMARK [2][-]{subsection.5.7}{\376\377\000C\000h\000o\000o\000s\000e\000I\000t\000e\000m\000\040\000K\000l\000a\000s\000s\000e\000n\000r\000e\000f\000e\000r\000e\000n\000z}{section.5}% 61
\BOOKMARK [3][-]{subsubsection.5.7.1}{\376\377\000A\000u\000s\000f\000\374\000h\000r\000l\000i\000c\000h\000e\000\040\000B\000e\000s\000c\000h\000r\000e\000i\000b\000u\000n\000g}{subsection.5.7}% 62
\BOOKMARK [3][-]{subsubsection.5.7.2}{\376\377\000D\000o\000k\000u\000m\000e\000n\000t\000a\000t\000i\000o\000n\000\040\000d\000e\000r\000\040\000E\000l\000e\000m\000e\000n\000t\000f\000u\000n\000k\000t\000i\000o\000n\000e\000n}{subsection.5.7}% 63
\BOOKMARK [2][-]{subsection.5.8}{\376\377\000C\000r\000e\000a\000t\000e\000G\000a\000m\000e\000\040\000K\000l\000a\000s\000s\000e\000n\000r\000e\000f\000e\000r\000e\000n\000z}{section.5}% 64
\BOOKMARK [3][-]{subsubsection.5.8.1}{\376\377\000A\000u\000s\000f\000\374\000h\000r\000l\000i\000c\000h\000e\000\040\000B\000e\000s\000c\000h\000r\000e\000i\000b\000u\000n\000g}{subsection.5.8}% 65
\BOOKMARK [3][-]{subsubsection.5.8.2}{\376\377\000D\000o\000k\000u\000m\000e\000n\000t\000a\000t\000i\000o\000n\000\040\000d\000e\000r\000\040\000E\000l\000e\000m\000e\000n\000t\000f\000u\000n\000k\000t\000i\000o\000n\000e\000n}{subsection.5.8}% 66
\BOOKMARK [2][-]{subsection.5.9}{\376\377\000D\000i\000s\000c\000a\000r\000d\000P\000i\000l\000e\000\040\000K\000l\000a\000s\000s\000e\000n\000r\000e\000f\000e\000r\000e\000n\000z}{section.5}% 67
\BOOKMARK [3][-]{subsubsection.5.9.1}{\376\377\000A\000u\000s\000f\000\374\000h\000r\000l\000i\000c\000h\000e\000\040\000B\000e\000s\000c\000h\000r\000e\000i\000b\000u\000n\000g}{subsection.5.9}% 68
\BOOKMARK [2][-]{subsection.5.10}{\376\377\000D\000r\000a\000w\000D\000e\000c\000k\000\040\000K\000l\000a\000s\000s\000e\000n\000r\000e\000f\000e\000r\000e\000n\000z}{section.5}% 69
\BOOKMARK [3][-]{subsubsection.5.10.1}{\376\377\000A\000u\000s\000f\000\374\000h\000r\000l\000i\000c\000h\000e\000\040\000B\000e\000s\000c\000h\000r\000e\000i\000b\000u\000n\000g}{subsection.5.10}% 70
\BOOKMARK [2][-]{subsection.5.11}{\376\377\000G\000a\000m\000e\000\040\000K\000l\000a\000s\000s\000e\000n\000r\000e\000f\000e\000r\000e\000n\000z}{section.5}% 71
\BOOKMARK [3][-]{subsubsection.5.11.1}{\376\377\000A\000u\000s\000f\000\374\000h\000r\000l\000i\000c\000h\000e\000\040\000B\000e\000s\000c\000h\000r\000e\000i\000b\000u\000n\000g}{subsection.5.11}% 72
\BOOKMARK [3][-]{subsubsection.5.11.2}{\376\377\000B\000e\000s\000c\000h\000r\000e\000i\000b\000u\000n\000g\000\040\000d\000e\000r\000\040\000K\000o\000n\000s\000t\000r\000u\000k\000t\000o\000r\000e\000n\000\040\000u\000n\000d\000\040\000D\000e\000s\000t\000r\000u\000k\000t\000o\000r\000e\000n}{subsection.5.11}% 73
\BOOKMARK [3][-]{subsubsection.5.11.3}{\376\377\000D\000o\000k\000u\000m\000e\000n\000t\000a\000t\000i\000o\000n\000\040\000d\000e\000r\000\040\000E\000l\000e\000m\000e\000n\000t\000f\000u\000n\000k\000t\000i\000o\000n\000e\000n}{subsection.5.11}% 74
\BOOKMARK [2][-]{subsection.5.12}{\376\377\000G\000a\000m\000e\000L\000o\000b\000b\000y\000\040\000K\000l\000a\000s\000s\000e\000n\000r\000e\000f\000e\000r\000e\000n\000z}{section.5}% 75
\BOOKMARK [3][-]{subsubsection.5.12.1}{\376\377\000A\000u\000s\000f\000\374\000h\000r\000l\000i\000c\000h\000e\000\040\000B\000e\000s\000c\000h\000r\000e\000i\000b\000u\000n\000g}{subsection.5.12}% 76
\BOOKMARK [3][-]{subsubsection.5.12.2}{\376\377\000D\000o\000k\000u\000m\000e\000n\000t\000a\000t\000i\000o\000n\000\040\000d\000e\000r\000\040\000E\000l\000e\000m\000e\000n\000t\000f\000u\000n\000k\000t\000i\000o\000n\000e\000n}{subsection.5.12}% 77
\BOOKMARK [2][-]{subsection.5.13}{\376\377\000G\000a\000m\000e\000P\000a\000n\000e\000l\000\040\000K\000l\000a\000s\000s\000e\000n\000r\000e\000f\000e\000r\000e\000n\000z}{section.5}% 78
\BOOKMARK [3][-]{subsubsection.5.13.1}{\376\377\000A\000u\000s\000f\000\374\000h\000r\000l\000i\000c\000h\000e\000\040\000B\000e\000s\000c\000h\000r\000e\000i\000b\000u\000n\000g}{subsection.5.13}% 79
\BOOKMARK [2][-]{subsection.5.14}{\376\377\000I\000n\000p\000u\000t\000N\000u\000m\000b\000e\000r\000\040\000K\000l\000a\000s\000s\000e\000n\000r\000e\000f\000e\000r\000e\000n\000z}{section.5}% 80
\BOOKMARK [3][-]{subsubsection.5.14.1}{\376\377\000A\000u\000s\000f\000\374\000h\000r\000l\000i\000c\000h\000e\000\040\000B\000e\000s\000c\000h\000r\000e\000i\000b\000u\000n\000g}{subsection.5.14}% 81
\BOOKMARK [3][-]{subsubsection.5.14.2}{\376\377\000D\000o\000k\000u\000m\000e\000n\000t\000a\000t\000i\000o\000n\000\040\000d\000e\000r\000\040\000E\000l\000e\000m\000e\000n\000t\000f\000u\000n\000k\000t\000i\000o\000n\000e\000n}{subsection.5.14}% 82
\BOOKMARK [2][-]{subsection.5.15}{\376\377\000L\000a\000n\000g\000u\000a\000g\000e\000\040\000E\000n\000u\000m\000-\000R\000e\000f\000e\000r\000e\000n\000z}{section.5}% 83
\BOOKMARK [3][-]{subsubsection.5.15.1}{\376\377\000A\000u\000s\000f\000\374\000h\000r\000l\000i\000c\000h\000e\000\040\000B\000e\000s\000c\000h\000r\000e\000i\000b\000u\000n\000g}{subsection.5.15}% 84
\BOOKMARK [2][-]{subsection.5.16}{\376\377\000L\000o\000b\000b\000y\000\040\000K\000l\000a\000s\000s\000e\000n\000r\000e\000f\000e\000r\000e\000n\000z}{section.5}% 85
\BOOKMARK [3][-]{subsubsection.5.16.1}{\376\377\000A\000u\000s\000f\000\374\000h\000r\000l\000i\000c\000h\000e\000\040\000B\000e\000s\000c\000h\000r\000e\000i\000b\000u\000n\000g}{subsection.5.16}% 86
\BOOKMARK [3][-]{subsubsection.5.16.2}{\376\377\000D\000o\000k\000u\000m\000e\000n\000t\000a\000t\000i\000o\000n\000\040\000d\000e\000r\000\040\000E\000l\000e\000m\000e\000n\000t\000f\000u\000n\000k\000t\000i\000o\000n\000e\000n}{subsection.5.16}% 87
\BOOKMARK [2][-]{subsection.5.17}{\376\377\000L\000o\000g\000i\000n\000\040\000K\000l\000a\000s\000s\000e\000n\000r\000e\000f\000e\000r\000e\000n\000z}{section.5}% 88
\BOOKMARK [3][-]{subsubsection.5.17.1}{\376\377\000A\000u\000s\000f\000\374\000h\000r\000l\000i\000c\000h\000e\000\040\000B\000e\000s\000c\000h\000r\000e\000i\000b\000u\000n\000g}{subsection.5.17}% 89
\BOOKMARK [3][-]{subsubsection.5.17.2}{\376\377\000D\000o\000k\000u\000m\000e\000n\000t\000a\000t\000i\000o\000n\000\040\000d\000e\000r\000\040\000E\000l\000e\000m\000e\000n\000t\000f\000u\000n\000k\000t\000i\000o\000n\000e\000n}{subsection.5.17}% 90
\BOOKMARK [2][-]{subsection.5.18}{\376\377\000O\000t\000h\000e\000r\000P\000l\000a\000y\000e\000r\000\040\000K\000l\000a\000s\000s\000e\000n\000r\000e\000f\000e\000r\000e\000n\000z}{section.5}% 91
\BOOKMARK [3][-]{subsubsection.5.18.1}{\376\377\000A\000u\000s\000f\000\374\000h\000r\000l\000i\000c\000h\000e\000\040\000B\000e\000s\000c\000h\000r\000e\000i\000b\000u\000n\000g}{subsection.5.18}% 92
\BOOKMARK [2][-]{subsection.5.19}{\376\377\000O\000w\000n\000H\000a\000n\000d\000\040\000K\000l\000a\000s\000s\000e\000n\000r\000e\000f\000e\000r\000e\000n\000z}{section.5}% 93
\BOOKMARK [3][-]{subsubsection.5.19.1}{\376\377\000A\000u\000s\000f\000\374\000h\000r\000l\000i\000c\000h\000e\000\040\000B\000e\000s\000c\000h\000r\000e\000i\000b\000u\000n\000g}{subsection.5.19}% 94
\BOOKMARK [2][-]{subsection.5.20}{\376\377\000P\000a\000s\000s\000w\000o\000r\000d\000\040\000K\000l\000a\000s\000s\000e\000n\000r\000e\000f\000e\000r\000e\000n\000z}{section.5}% 95
\BOOKMARK [3][-]{subsubsection.5.20.1}{\376\377\000A\000u\000s\000f\000\374\000h\000r\000l\000i\000c\000h\000e\000\040\000B\000e\000s\000c\000h\000r\000e\000i\000b\000u\000n\000g}{subsection.5.20}% 96
\BOOKMARK [3][-]{subsubsection.5.20.2}{\376\377\000D\000o\000k\000u\000m\000e\000n\000t\000a\000t\000i\000o\000n\000\040\000d\000e\000r\000\040\000E\000l\000e\000m\000e\000n\000t\000f\000u\000n\000k\000t\000i\000o\000n\000e\000n}{subsection.5.20}% 97
\BOOKMARK [2][-]{subsection.5.21}{\376\377\000S\000c\000o\000r\000e\000W\000i\000n\000d\000o\000w\000\040\000K\000l\000a\000s\000s\000e\000n\000r\000e\000f\000e\000r\000e\000n\000z}{section.5}% 98
\BOOKMARK [3][-]{subsubsection.5.21.1}{\376\377\000A\000u\000s\000f\000\374\000h\000r\000l\000i\000c\000h\000e\000\040\000B\000e\000s\000c\000h\000r\000e\000i\000b\000u\000n\000g}{subsection.5.21}% 99
\BOOKMARK [3][-]{subsubsection.5.21.2}{\376\377\000D\000o\000k\000u\000m\000e\000n\000t\000a\000t\000i\000o\000n\000\040\000d\000e\000r\000\040\000E\000l\000e\000m\000e\000n\000t\000f\000u\000n\000k\000t\000i\000o\000n\000e\000n}{subsection.5.21}% 100
\BOOKMARK [2][-]{subsection.5.22}{\376\377\000V\000i\000e\000w\000C\000a\000r\000d\000\040\000K\000l\000a\000s\000s\000e\000n\000r\000e\000f\000e\000r\000e\000n\000z}{section.5}% 101
\BOOKMARK [3][-]{subsubsection.5.22.1}{\376\377\000A\000u\000s\000f\000\374\000h\000r\000l\000i\000c\000h\000e\000\040\000B\000e\000s\000c\000h\000r\000e\000i\000b\000u\000n\000g}{subsection.5.22}% 102
\BOOKMARK [3][-]{subsubsection.5.22.2}{\376\377\000B\000e\000s\000c\000h\000r\000e\000i\000b\000u\000n\000g\000\040\000d\000e\000r\000\040\000K\000o\000n\000s\000t\000r\000u\000k\000t\000o\000r\000e\000n\000\040\000u\000n\000d\000\040\000D\000e\000s\000t\000r\000u\000k\000t\000o\000r\000e\000n}{subsection.5.22}% 103
\BOOKMARK [3][-]{subsubsection.5.22.3}{\376\377\000D\000o\000k\000u\000m\000e\000n\000t\000a\000t\000i\000o\000n\000\040\000d\000e\000r\000\040\000E\000l\000e\000m\000e\000n\000t\000f\000u\000n\000k\000t\000i\000o\000n\000e\000n}{subsection.5.22}% 104
\BOOKMARK [2][-]{subsection.5.23}{\376\377\000W\000a\000r\000n\000i\000n\000g\000\040\000K\000l\000a\000s\000s\000e\000n\000r\000e\000f\000e\000r\000e\000n\000z}{section.5}% 105
\BOOKMARK [3][-]{subsubsection.5.23.1}{\376\377\000A\000u\000s\000f\000\374\000h\000r\000l\000i\000c\000h\000e\000\040\000B\000e\000s\000c\000h\000r\000e\000i\000b\000u\000n\000g}{subsection.5.23}% 106
\BOOKMARK [3][-]{subsubsection.5.23.2}{\376\377\000D\000o\000k\000u\000m\000e\000n\000t\000a\000t\000i\000o\000n\000\040\000d\000e\000r\000\040\000E\000l\000e\000m\000e\000n\000t\000f\000u\000n\000k\000t\000i\000o\000n\000e\000n}{subsection.5.23}% 107
\BOOKMARK [2][-]{subsection.5.24}{\376\377\000V\000i\000e\000w\000N\000o\000t\000i\000f\000i\000c\000a\000t\000i\000o\000n\000\040\000E\000n\000u\000m\000-\000R\000e\000f\000e\000r\000e\000n\000z}{section.5}% 108
\BOOKMARK [3][-]{subsubsection.5.24.1}{\376\377\000A\000u\000s\000f\000\374\000h\000r\000l\000i\000c\000h\000e\000\040\000B\000e\000s\000c\000h\000r\000e\000i\000b\000u\000n\000g}{subsection.5.24}% 109
\BOOKMARK [2][-]{subsection.5.25}{\376\377\000C\000o\000m\000B\000e\000e\000n\000K\000i\000c\000k\000e\000d\000\040\000K\000l\000a\000s\000s\000e\000n\000r\000e\000f\000e\000r\000e\000n\000z}{section.5}% 110
\BOOKMARK [3][-]{subsubsection.5.25.1}{\376\377\000A\000u\000s\000f\000\374\000h\000r\000l\000i\000c\000h\000e\000\040\000B\000e\000s\000c\000h\000r\000e\000i\000b\000u\000n\000g}{subsection.5.25}% 111
\BOOKMARK [3][-]{subsubsection.5.25.2}{\376\377\000B\000e\000s\000c\000h\000r\000e\000i\000b\000u\000n\000g\000\040\000d\000e\000r\000\040\000K\000o\000n\000s\000t\000r\000u\000k\000t\000o\000r\000e\000n\000\040\000u\000n\000d\000\040\000D\000e\000s\000t\000r\000u\000k\000t\000o\000r\000e\000n}{subsection.5.25}% 112
\BOOKMARK [3][-]{subsubsection.5.25.3}{\376\377\000D\000o\000k\000u\000m\000e\000n\000t\000a\000t\000i\000o\000n\000\040\000d\000e\000r\000\040\000E\000l\000e\000m\000e\000n\000t\000f\000u\000n\000k\000t\000i\000o\000n\000e\000n}{subsection.5.25}% 113
\BOOKMARK [2][-]{subsection.5.26}{\376\377\000C\000o\000m\000C\000h\000a\000t\000M\000e\000s\000s\000a\000g\000e\000\040\000K\000l\000a\000s\000s\000e\000n\000r\000e\000f\000e\000r\000e\000n\000z}{section.5}% 114
\BOOKMARK [3][-]{subsubsection.5.26.1}{\376\377\000A\000u\000s\000f\000\374\000h\000r\000l\000i\000c\000h\000e\000\040\000B\000e\000s\000c\000h\000r\000e\000i\000b\000u\000n\000g}{subsection.5.26}% 115
\BOOKMARK [3][-]{subsubsection.5.26.2}{\376\377\000B\000e\000s\000c\000h\000r\000e\000i\000b\000u\000n\000g\000\040\000d\000e\000r\000\040\000K\000o\000n\000s\000t\000r\000u\000k\000t\000o\000r\000e\000n\000\040\000u\000n\000d\000\040\000D\000e\000s\000t\000r\000u\000k\000t\000o\000r\000e\000n}{subsection.5.26}% 116
\BOOKMARK [3][-]{subsubsection.5.26.3}{\376\377\000D\000o\000k\000u\000m\000e\000n\000t\000a\000t\000i\000o\000n\000\040\000d\000e\000r\000\040\000E\000l\000e\000m\000e\000n\000t\000f\000u\000n\000k\000t\000i\000o\000n\000e\000n}{subsection.5.26}% 117
\BOOKMARK [2][-]{subsection.5.27}{\376\377\000C\000o\000m\000C\000l\000i\000e\000n\000t\000L\000e\000a\000v\000e\000\040\000K\000l\000a\000s\000s\000e\000n\000r\000e\000f\000e\000r\000e\000n\000z}{section.5}% 118
\BOOKMARK [3][-]{subsubsection.5.27.1}{\376\377\000A\000u\000s\000f\000\374\000h\000r\000l\000i\000c\000h\000e\000\040\000B\000e\000s\000c\000h\000r\000e\000i\000b\000u\000n\000g}{subsection.5.27}% 119
\BOOKMARK [3][-]{subsubsection.5.27.2}{\376\377\000D\000o\000k\000u\000m\000e\000n\000t\000a\000t\000i\000o\000n\000\040\000d\000e\000r\000\040\000E\000l\000e\000m\000e\000n\000t\000f\000u\000n\000k\000t\000i\000o\000n\000e\000n}{subsection.5.27}% 120
\BOOKMARK [2][-]{subsection.5.28}{\376\377\000C\000o\000m\000C\000l\000i\000e\000n\000t\000Q\000u\000i\000t\000\040\000K\000l\000a\000s\000s\000e\000n\000r\000e\000f\000e\000r\000e\000n\000z}{section.5}% 121
\BOOKMARK [3][-]{subsubsection.5.28.1}{\376\377\000A\000u\000s\000f\000\374\000h\000r\000l\000i\000c\000h\000e\000\040\000B\000e\000s\000c\000h\000r\000e\000i\000b\000u\000n\000g}{subsection.5.28}% 122
\BOOKMARK [3][-]{subsubsection.5.28.2}{\376\377\000D\000o\000k\000u\000m\000e\000n\000t\000a\000t\000i\000o\000n\000\040\000d\000e\000r\000\040\000E\000l\000e\000m\000e\000n\000t\000f\000u\000n\000k\000t\000i\000o\000n\000e\000n}{subsection.5.28}% 123
\BOOKMARK [2][-]{subsection.5.29}{\376\377\000C\000o\000m\000C\000r\000e\000a\000t\000e\000G\000a\000m\000e\000R\000e\000q\000u\000e\000s\000t\000\040\000K\000l\000a\000s\000s\000e\000n\000r\000e\000f\000e\000r\000e\000n\000z}{section.5}% 124
\BOOKMARK [3][-]{subsubsection.5.29.1}{\376\377\000A\000u\000s\000f\000\374\000h\000r\000l\000i\000c\000h\000e\000\040\000B\000e\000s\000c\000h\000r\000e\000i\000b\000u\000n\000g}{subsection.5.29}% 125
\BOOKMARK [3][-]{subsubsection.5.29.2}{\376\377\000B\000e\000s\000c\000h\000r\000e\000i\000b\000u\000n\000g\000\040\000d\000e\000r\000\040\000K\000o\000n\000s\000t\000r\000u\000k\000t\000o\000r\000e\000n\000\040\000u\000n\000d\000\040\000D\000e\000s\000t\000r\000u\000k\000t\000o\000r\000e\000n}{subsection.5.29}% 126
\BOOKMARK [3][-]{subsubsection.5.29.3}{\376\377\000D\000o\000k\000u\000m\000e\000n\000t\000a\000t\000i\000o\000n\000\040\000d\000e\000r\000\040\000E\000l\000e\000m\000e\000n\000t\000f\000u\000n\000k\000t\000i\000o\000n\000e\000n}{subsection.5.29}% 127
\BOOKMARK [2][-]{subsection.5.30}{\376\377\000C\000o\000m\000G\000a\000m\000e\000E\000n\000d\000\040\000K\000l\000a\000s\000s\000e\000n\000r\000e\000f\000e\000r\000e\000n\000z}{section.5}% 128
\BOOKMARK [3][-]{subsubsection.5.30.1}{\376\377\000A\000u\000s\000f\000\374\000h\000r\000l\000i\000c\000h\000e\000\040\000B\000e\000s\000c\000h\000r\000e\000i\000b\000u\000n\000g}{subsection.5.30}% 129
\BOOKMARK [3][-]{subsubsection.5.30.2}{\376\377\000B\000e\000s\000c\000h\000r\000e\000i\000b\000u\000n\000g\000\040\000d\000e\000r\000\040\000K\000o\000n\000s\000t\000r\000u\000k\000t\000o\000r\000e\000n\000\040\000u\000n\000d\000\040\000D\000e\000s\000t\000r\000u\000k\000t\000o\000r\000e\000n}{subsection.5.30}% 130
\BOOKMARK [3][-]{subsubsection.5.30.3}{\376\377\000D\000o\000k\000u\000m\000e\000n\000t\000a\000t\000i\000o\000n\000\040\000d\000e\000r\000\040\000E\000l\000e\000m\000e\000n\000t\000f\000u\000n\000k\000t\000i\000o\000n\000e\000n}{subsection.5.30}% 131
\BOOKMARK [2][-]{subsection.5.31}{\376\377\000C\000o\000m\000I\000n\000i\000t\000G\000a\000m\000e\000L\000o\000b\000b\000y\000\040\000K\000l\000a\000s\000s\000e\000n\000r\000e\000f\000e\000r\000e\000n\000z}{section.5}% 132
\BOOKMARK [3][-]{subsubsection.5.31.1}{\376\377\000A\000u\000s\000f\000\374\000h\000r\000l\000i\000c\000h\000e\000\040\000B\000e\000s\000c\000h\000r\000e\000i\000b\000u\000n\000g}{subsection.5.31}% 133
\BOOKMARK [3][-]{subsubsection.5.31.2}{\376\377\000B\000e\000s\000c\000h\000r\000e\000i\000b\000u\000n\000g\000\040\000d\000e\000r\000\040\000K\000o\000n\000s\000t\000r\000u\000k\000t\000o\000r\000e\000n\000\040\000u\000n\000d\000\040\000D\000e\000s\000t\000r\000u\000k\000t\000o\000r\000e\000n}{subsection.5.31}% 134
\BOOKMARK [3][-]{subsubsection.5.31.3}{\376\377\000D\000o\000k\000u\000m\000e\000n\000t\000a\000t\000i\000o\000n\000\040\000d\000e\000r\000\040\000E\000l\000e\000m\000e\000n\000t\000f\000u\000n\000k\000t\000i\000o\000n\000e\000n}{subsection.5.31}% 135
\BOOKMARK [2][-]{subsection.5.32}{\376\377\000C\000o\000m\000I\000n\000i\000t\000L\000o\000b\000b\000y\000\040\000K\000l\000a\000s\000s\000e\000n\000r\000e\000f\000e\000r\000e\000n\000z}{section.5}% 136
\BOOKMARK [3][-]{subsubsection.5.32.1}{\376\377\000A\000u\000s\000f\000\374\000h\000r\000l\000i\000c\000h\000e\000\040\000B\000e\000s\000c\000h\000r\000e\000i\000b\000u\000n\000g}{subsection.5.32}% 137
\BOOKMARK [3][-]{subsubsection.5.32.2}{\376\377\000B\000e\000s\000c\000h\000r\000e\000i\000b\000u\000n\000g\000\040\000d\000e\000r\000\040\000K\000o\000n\000s\000t\000r\000u\000k\000t\000o\000r\000e\000n\000\040\000u\000n\000d\000\040\000D\000e\000s\000t\000r\000u\000k\000t\000o\000r\000e\000n}{subsection.5.32}% 138
\BOOKMARK [3][-]{subsubsection.5.32.3}{\376\377\000D\000o\000k\000u\000m\000e\000n\000t\000a\000t\000i\000o\000n\000\040\000d\000e\000r\000\040\000E\000l\000e\000m\000e\000n\000t\000f\000u\000n\000k\000t\000i\000o\000n\000e\000n}{subsection.5.32}% 139
\BOOKMARK [2][-]{subsection.5.33}{\376\377\000C\000o\000m\000J\000o\000i\000n\000R\000e\000q\000u\000e\000s\000t\000\040\000K\000l\000a\000s\000s\000e\000n\000r\000e\000f\000e\000r\000e\000n\000z}{section.5}% 140
\BOOKMARK [3][-]{subsubsection.5.33.1}{\376\377\000A\000u\000s\000f\000\374\000h\000r\000l\000i\000c\000h\000e\000\040\000B\000e\000s\000c\000h\000r\000e\000i\000b\000u\000n\000g}{subsection.5.33}% 141
\BOOKMARK [3][-]{subsubsection.5.33.2}{\376\377\000B\000e\000s\000c\000h\000r\000e\000i\000b\000u\000n\000g\000\040\000d\000e\000r\000\040\000K\000o\000n\000s\000t\000r\000u\000k\000t\000o\000r\000e\000n\000\040\000u\000n\000d\000\040\000D\000e\000s\000t\000r\000u\000k\000t\000o\000r\000e\000n}{subsection.5.33}% 142
\BOOKMARK [3][-]{subsubsection.5.33.3}{\376\377\000D\000o\000k\000u\000m\000e\000n\000t\000a\000t\000i\000o\000n\000\040\000d\000e\000r\000\040\000E\000l\000e\000m\000e\000n\000t\000f\000u\000n\000k\000t\000i\000o\000n\000e\000n}{subsection.5.33}% 143
\BOOKMARK [3][-]{subsubsection.5.33.4}{\376\377\000D\000o\000k\000u\000m\000e\000n\000t\000a\000t\000i\000o\000n\000\040\000d\000e\000r\000\040\000D\000a\000t\000e\000n\000e\000l\000e\000m\000e\000n\000t\000e}{subsection.5.33}% 144
\BOOKMARK [2][-]{subsection.5.34}{\376\377\000C\000o\000m\000K\000i\000c\000k\000P\000l\000a\000y\000e\000r\000R\000e\000q\000u\000e\000s\000t\000\040\000K\000l\000a\000s\000s\000e\000n\000r\000e\000f\000e\000r\000e\000n\000z}{section.5}% 145
\BOOKMARK [3][-]{subsubsection.5.34.1}{\376\377\000A\000u\000s\000f\000\374\000h\000r\000l\000i\000c\000h\000e\000\040\000B\000e\000s\000c\000h\000r\000e\000i\000b\000u\000n\000g}{subsection.5.34}% 146
\BOOKMARK [3][-]{subsubsection.5.34.2}{\376\377\000B\000e\000s\000c\000h\000r\000e\000i\000b\000u\000n\000g\000\040\000d\000e\000r\000\040\000K\000o\000n\000s\000t\000r\000u\000k\000t\000o\000r\000e\000n\000\040\000u\000n\000d\000\040\000D\000e\000s\000t\000r\000u\000k\000t\000o\000r\000e\000n}{subsection.5.34}% 147
\BOOKMARK [3][-]{subsubsection.5.34.3}{\376\377\000D\000o\000k\000u\000m\000e\000n\000t\000a\000t\000i\000o\000n\000\040\000d\000e\000r\000\040\000E\000l\000e\000m\000e\000n\000t\000f\000u\000n\000k\000t\000i\000o\000n\000e\000n}{subsection.5.34}% 148
\BOOKMARK [2][-]{subsection.5.35}{\376\377\000C\000o\000m\000L\000o\000b\000b\000y\000U\000p\000d\000a\000t\000e\000G\000a\000m\000e\000l\000i\000s\000t\000\040\000K\000l\000a\000s\000s\000e\000n\000r\000e\000f\000e\000r\000e\000n\000z}{section.5}% 149
\BOOKMARK [3][-]{subsubsection.5.35.1}{\376\377\000A\000u\000s\000f\000\374\000h\000r\000l\000i\000c\000h\000e\000\040\000B\000e\000s\000c\000h\000r\000e\000i\000b\000u\000n\000g}{subsection.5.35}% 150
\BOOKMARK [3][-]{subsubsection.5.35.2}{\376\377\000B\000e\000s\000c\000h\000r\000e\000i\000b\000u\000n\000g\000\040\000d\000e\000r\000\040\000K\000o\000n\000s\000t\000r\000u\000k\000t\000o\000r\000e\000n\000\040\000u\000n\000d\000\040\000D\000e\000s\000t\000r\000u\000k\000t\000o\000r\000e\000n}{subsection.5.35}% 151
\BOOKMARK [3][-]{subsubsection.5.35.3}{\376\377\000D\000o\000k\000u\000m\000e\000n\000t\000a\000t\000i\000o\000n\000\040\000d\000e\000r\000\040\000E\000l\000e\000m\000e\000n\000t\000f\000u\000n\000k\000t\000i\000o\000n\000e\000n}{subsection.5.35}% 152
\BOOKMARK [2][-]{subsection.5.36}{\376\377\000C\000o\000m\000L\000o\000g\000i\000n\000R\000e\000q\000u\000e\000s\000t\000\040\000K\000l\000a\000s\000s\000e\000n\000r\000e\000f\000e\000r\000e\000n\000z}{section.5}% 153
\BOOKMARK [3][-]{subsubsection.5.36.1}{\376\377\000A\000u\000s\000f\000\374\000h\000r\000l\000i\000c\000h\000e\000\040\000B\000e\000s\000c\000h\000r\000e\000i\000b\000u\000n\000g}{subsection.5.36}% 154
\BOOKMARK [3][-]{subsubsection.5.36.2}{\376\377\000B\000e\000s\000c\000h\000r\000e\000i\000b\000u\000n\000g\000\040\000d\000e\000r\000\040\000K\000o\000n\000s\000t\000r\000u\000k\000t\000o\000r\000e\000n\000\040\000u\000n\000d\000\040\000D\000e\000s\000t\000r\000u\000k\000t\000o\000r\000e\000n}{subsection.5.36}% 155
\BOOKMARK [3][-]{subsubsection.5.36.3}{\376\377\000D\000o\000k\000u\000m\000e\000n\000t\000a\000t\000i\000o\000n\000\040\000d\000e\000r\000\040\000E\000l\000e\000m\000e\000n\000t\000f\000u\000n\000k\000t\000i\000o\000n\000e\000n}{subsection.5.36}% 156
\BOOKMARK [2][-]{subsection.5.37}{\376\377\000C\000o\000m\000O\000b\000j\000e\000c\000t\000\040\000S\000c\000h\000n\000i\000t\000t\000s\000t\000e\000l\000l\000e\000n\000r\000e\000f\000e\000r\000e\000n\000z}{section.5}% 157
\BOOKMARK [3][-]{subsubsection.5.37.1}{\376\377\000A\000u\000s\000f\000\374\000h\000r\000l\000i\000c\000h\000e\000\040\000B\000e\000s\000c\000h\000r\000e\000i\000b\000u\000n\000g}{subsection.5.37}% 158
\BOOKMARK [3][-]{subsubsection.5.37.2}{\376\377\000D\000o\000k\000u\000m\000e\000n\000t\000a\000t\000i\000o\000n\000\040\000d\000e\000r\000\040\000E\000l\000e\000m\000e\000n\000t\000f\000u\000n\000k\000t\000i\000o\000n\000e\000n}{subsection.5.37}% 159
\BOOKMARK [2][-]{subsection.5.38}{\376\377\000C\000o\000m\000R\000u\000l\000e\000s\000e\000t\000\040\000K\000l\000a\000s\000s\000e\000n\000r\000e\000f\000e\000r\000e\000n\000z}{section.5}% 160
\BOOKMARK [3][-]{subsubsection.5.38.1}{\376\377\000A\000u\000s\000f\000\374\000h\000r\000l\000i\000c\000h\000e\000\040\000B\000e\000s\000c\000h\000r\000e\000i\000b\000u\000n\000g}{subsection.5.38}% 161
\BOOKMARK [3][-]{subsubsection.5.38.2}{\376\377\000B\000e\000s\000c\000h\000r\000e\000i\000b\000u\000n\000g\000\040\000d\000e\000r\000\040\000K\000o\000n\000s\000t\000r\000u\000k\000t\000o\000r\000e\000n\000\040\000u\000n\000d\000\040\000D\000e\000s\000t\000r\000u\000k\000t\000o\000r\000e\000n}{subsection.5.38}% 162
\BOOKMARK [3][-]{subsubsection.5.38.3}{\376\377\000D\000o\000k\000u\000m\000e\000n\000t\000a\000t\000i\000o\000n\000\040\000d\000e\000r\000\040\000E\000l\000e\000m\000e\000n\000t\000f\000u\000n\000k\000t\000i\000o\000n\000e\000n}{subsection.5.38}% 163
\BOOKMARK [2][-]{subsection.5.39}{\376\377\000C\000o\000m\000S\000e\000r\000v\000e\000r\000A\000c\000k\000n\000o\000w\000l\000e\000d\000g\000e\000m\000e\000n\000t\000\040\000K\000l\000a\000s\000s\000e\000n\000r\000e\000f\000e\000r\000e\000n\000z}{section.5}% 164
\BOOKMARK [3][-]{subsubsection.5.39.1}{\376\377\000A\000u\000s\000f\000\374\000h\000r\000l\000i\000c\000h\000e\000\040\000B\000e\000s\000c\000h\000r\000e\000i\000b\000u\000n\000g}{subsection.5.39}% 165
\BOOKMARK [3][-]{subsubsection.5.39.2}{\376\377\000D\000o\000k\000u\000m\000e\000n\000t\000a\000t\000i\000o\000n\000\040\000d\000e\000r\000\040\000E\000l\000e\000m\000e\000n\000t\000f\000u\000n\000k\000t\000i\000o\000n\000e\000n}{subsection.5.39}% 166
\BOOKMARK [2][-]{subsection.5.40}{\376\377\000C\000o\000m\000S\000t\000a\000r\000t\000G\000a\000m\000e\000\040\000K\000l\000a\000s\000s\000e\000n\000r\000e\000f\000e\000r\000e\000n\000z}{section.5}% 167
\BOOKMARK [3][-]{subsubsection.5.40.1}{\376\377\000A\000u\000s\000f\000\374\000h\000r\000l\000i\000c\000h\000e\000\040\000B\000e\000s\000c\000h\000r\000e\000i\000b\000u\000n\000g}{subsection.5.40}% 168
\BOOKMARK [3][-]{subsubsection.5.40.2}{\376\377\000D\000o\000k\000u\000m\000e\000n\000t\000a\000t\000i\000o\000n\000\040\000d\000e\000r\000\040\000E\000l\000e\000m\000e\000n\000t\000f\000u\000n\000k\000t\000i\000o\000n\000e\000n}{subsection.5.40}% 169
\BOOKMARK [2][-]{subsection.5.41}{\376\377\000C\000o\000m\000U\000p\000d\000a\000t\000e\000P\000l\000a\000y\000e\000r\000l\000i\000s\000t\000\040\000K\000l\000a\000s\000s\000e\000n\000r\000e\000f\000e\000r\000e\000n\000z}{section.5}% 170
\BOOKMARK [3][-]{subsubsection.5.41.1}{\376\377\000A\000u\000s\000f\000\374\000h\000r\000l\000i\000c\000h\000e\000\040\000B\000e\000s\000c\000h\000r\000e\000i\000b\000u\000n\000g}{subsection.5.41}% 171
\BOOKMARK [3][-]{subsubsection.5.41.2}{\376\377\000B\000e\000s\000c\000h\000r\000e\000i\000b\000u\000n\000g\000\040\000d\000e\000r\000\040\000K\000o\000n\000s\000t\000r\000u\000k\000t\000o\000r\000e\000n\000\040\000u\000n\000d\000\040\000D\000e\000s\000t\000r\000u\000k\000t\000o\000r\000e\000n}{subsection.5.41}% 172
\BOOKMARK [3][-]{subsubsection.5.41.3}{\376\377\000D\000o\000k\000u\000m\000e\000n\000t\000a\000t\000i\000o\000n\000\040\000d\000e\000r\000\040\000E\000l\000e\000m\000e\000n\000t\000f\000u\000n\000k\000t\000i\000o\000n\000e\000n}{subsection.5.41}% 173
\BOOKMARK [2][-]{subsection.5.42}{\376\377\000C\000o\000m\000W\000a\000r\000n\000i\000n\000g\000\040\000K\000l\000a\000s\000s\000e\000n\000r\000e\000f\000e\000r\000e\000n\000z}{section.5}% 174
\BOOKMARK [3][-]{subsubsection.5.42.1}{\376\377\000A\000u\000s\000f\000\374\000h\000r\000l\000i\000c\000h\000e\000\040\000B\000e\000s\000c\000h\000r\000e\000i\000b\000u\000n\000g}{subsection.5.42}% 175
\BOOKMARK [3][-]{subsubsection.5.42.2}{\376\377\000B\000e\000s\000c\000h\000r\000e\000i\000b\000u\000n\000g\000\040\000d\000e\000r\000\040\000K\000o\000n\000s\000t\000r\000u\000k\000t\000o\000r\000e\000n\000\040\000u\000n\000d\000\040\000D\000e\000s\000t\000r\000u\000k\000t\000o\000r\000e\000n}{subsection.5.42}% 176
\BOOKMARK [3][-]{subsubsection.5.42.3}{\376\377\000D\000o\000k\000u\000m\000e\000n\000t\000a\000t\000i\000o\000n\000\040\000d\000e\000r\000\040\000E\000l\000e\000m\000e\000n\000t\000f\000u\000n\000k\000t\000i\000o\000n\000e\000n}{subsection.5.42}% 177
\BOOKMARK [2][-]{subsection.5.43}{\376\377\000M\000s\000g\000C\000a\000r\000d\000\040\000K\000l\000a\000s\000s\000e\000n\000r\000e\000f\000e\000r\000e\000n\000z}{section.5}% 178
\BOOKMARK [3][-]{subsubsection.5.43.1}{\376\377\000A\000u\000s\000f\000\374\000h\000r\000l\000i\000c\000h\000e\000\040\000B\000e\000s\000c\000h\000r\000e\000i\000b\000u\000n\000g}{subsection.5.43}% 179
\BOOKMARK [3][-]{subsubsection.5.43.2}{\376\377\000B\000e\000s\000c\000h\000r\000e\000i\000b\000u\000n\000g\000\040\000d\000e\000r\000\040\000K\000o\000n\000s\000t\000r\000u\000k\000t\000o\000r\000e\000n\000\040\000u\000n\000d\000\040\000D\000e\000s\000t\000r\000u\000k\000t\000o\000r\000e\000n}{subsection.5.43}% 180
\BOOKMARK [3][-]{subsubsection.5.43.3}{\376\377\000D\000o\000k\000u\000m\000e\000n\000t\000a\000t\000i\000o\000n\000\040\000d\000e\000r\000\040\000E\000l\000e\000m\000e\000n\000t\000f\000u\000n\000k\000t\000i\000o\000n\000e\000n}{subsection.5.43}% 181
\BOOKMARK [2][-]{subsection.5.44}{\376\377\000M\000s\000g\000C\000a\000r\000d\000R\000e\000q\000u\000e\000s\000t\000\040\000K\000l\000a\000s\000s\000e\000n\000r\000e\000f\000e\000r\000e\000n\000z}{section.5}% 182
\BOOKMARK [3][-]{subsubsection.5.44.1}{\376\377\000A\000u\000s\000f\000\374\000h\000r\000l\000i\000c\000h\000e\000\040\000B\000e\000s\000c\000h\000r\000e\000i\000b\000u\000n\000g}{subsection.5.44}% 183
\BOOKMARK [3][-]{subsubsection.5.44.2}{\376\377\000D\000o\000k\000u\000m\000e\000n\000t\000a\000t\000i\000o\000n\000\040\000d\000e\000r\000\040\000E\000l\000e\000m\000e\000n\000t\000f\000u\000n\000k\000t\000i\000o\000n\000e\000n}{subsection.5.44}% 184
\BOOKMARK [2][-]{subsection.5.45}{\376\377\000M\000s\000g\000G\000a\000m\000e\000E\000n\000d\000\040\000K\000l\000a\000s\000s\000e\000n\000r\000e\000f\000e\000r\000e\000n\000z}{section.5}% 185
\BOOKMARK [3][-]{subsubsection.5.45.1}{\376\377\000A\000u\000s\000f\000\374\000h\000r\000l\000i\000c\000h\000e\000\040\000B\000e\000s\000c\000h\000r\000e\000i\000b\000u\000n\000g}{subsection.5.45}% 186
\BOOKMARK [3][-]{subsubsection.5.45.2}{\376\377\000B\000e\000s\000c\000h\000r\000e\000i\000b\000u\000n\000g\000\040\000d\000e\000r\000\040\000K\000o\000n\000s\000t\000r\000u\000k\000t\000o\000r\000e\000n\000\040\000u\000n\000d\000\040\000D\000e\000s\000t\000r\000u\000k\000t\000o\000r\000e\000n}{subsection.5.45}% 187
\BOOKMARK [3][-]{subsubsection.5.45.3}{\376\377\000D\000o\000k\000u\000m\000e\000n\000t\000a\000t\000i\000o\000n\000\040\000d\000e\000r\000\040\000E\000l\000e\000m\000e\000n\000t\000f\000u\000n\000k\000t\000i\000o\000n\000e\000n}{subsection.5.45}% 188
\BOOKMARK [2][-]{subsection.5.46}{\376\377\000M\000s\000g\000M\000u\000l\000t\000i\000C\000a\000r\000d\000s\000\040\000K\000l\000a\000s\000s\000e\000n\000r\000e\000f\000e\000r\000e\000n\000z}{section.5}% 189
\BOOKMARK [3][-]{subsubsection.5.46.1}{\376\377\000A\000u\000s\000f\000\374\000h\000r\000l\000i\000c\000h\000e\000\040\000B\000e\000s\000c\000h\000r\000e\000i\000b\000u\000n\000g}{subsection.5.46}% 190
\BOOKMARK [3][-]{subsubsection.5.46.2}{\376\377\000B\000e\000s\000c\000h\000r\000e\000i\000b\000u\000n\000g\000\040\000d\000e\000r\000\040\000K\000o\000n\000s\000t\000r\000u\000k\000t\000o\000r\000e\000n\000\040\000u\000n\000d\000\040\000D\000e\000s\000t\000r\000u\000k\000t\000o\000r\000e\000n}{subsection.5.46}% 191
\BOOKMARK [3][-]{subsubsection.5.46.3}{\376\377\000D\000o\000k\000u\000m\000e\000n\000t\000a\000t\000i\000o\000n\000\040\000d\000e\000r\000\040\000E\000l\000e\000m\000e\000n\000t\000f\000u\000n\000k\000t\000i\000o\000n\000e\000n}{subsection.5.46}% 192
\BOOKMARK [2][-]{subsection.5.47}{\376\377\000M\000s\000g\000M\000u\000l\000t\000i\000C\000a\000r\000d\000s\000R\000e\000q\000u\000e\000s\000t\000\040\000K\000l\000a\000s\000s\000e\000n\000r\000e\000f\000e\000r\000e\000n\000z}{section.5}% 193
\BOOKMARK [3][-]{subsubsection.5.47.1}{\376\377\000A\000u\000s\000f\000\374\000h\000r\000l\000i\000c\000h\000e\000\040\000B\000e\000s\000c\000h\000r\000e\000i\000b\000u\000n\000g}{subsection.5.47}% 194
\BOOKMARK [3][-]{subsubsection.5.47.2}{\376\377\000B\000e\000s\000c\000h\000r\000e\000i\000b\000u\000n\000g\000\040\000d\000e\000r\000\040\000K\000o\000n\000s\000t\000r\000u\000k\000t\000o\000r\000e\000n\000\040\000u\000n\000d\000\040\000D\000e\000s\000t\000r\000u\000k\000t\000o\000r\000e\000n}{subsection.5.47}% 195
\BOOKMARK [3][-]{subsubsection.5.47.3}{\376\377\000D\000o\000k\000u\000m\000e\000n\000t\000a\000t\000i\000o\000n\000\040\000d\000e\000r\000\040\000E\000l\000e\000m\000e\000n\000t\000f\000u\000n\000k\000t\000i\000o\000n\000e\000n}{subsection.5.47}% 196
\BOOKMARK [2][-]{subsection.5.48}{\376\377\000M\000s\000g\000N\000u\000m\000b\000e\000r\000\040\000K\000l\000a\000s\000s\000e\000n\000r\000e\000f\000e\000r\000e\000n\000z}{section.5}% 197
\BOOKMARK [3][-]{subsubsection.5.48.1}{\376\377\000A\000u\000s\000f\000\374\000h\000r\000l\000i\000c\000h\000e\000\040\000B\000e\000s\000c\000h\000r\000e\000i\000b\000u\000n\000g}{subsection.5.48}% 198
\BOOKMARK [3][-]{subsubsection.5.48.2}{\376\377\000B\000e\000s\000c\000h\000r\000e\000i\000b\000u\000n\000g\000\040\000d\000e\000r\000\040\000K\000o\000n\000s\000t\000r\000u\000k\000t\000o\000r\000e\000n\000\040\000u\000n\000d\000\040\000D\000e\000s\000t\000r\000u\000k\000t\000o\000r\000e\000n}{subsection.5.48}% 199
\BOOKMARK [3][-]{subsubsection.5.48.3}{\376\377\000D\000o\000k\000u\000m\000e\000n\000t\000a\000t\000i\000o\000n\000\040\000d\000e\000r\000\040\000E\000l\000e\000m\000e\000n\000t\000f\000u\000n\000k\000t\000i\000o\000n\000e\000n}{subsection.5.48}% 200
\BOOKMARK [2][-]{subsection.5.49}{\376\377\000M\000s\000g\000N\000u\000m\000b\000e\000r\000R\000e\000q\000u\000e\000s\000t\000\040\000K\000l\000a\000s\000s\000e\000n\000r\000e\000f\000e\000r\000e\000n\000z}{section.5}% 201
\BOOKMARK [3][-]{subsubsection.5.49.1}{\376\377\000A\000u\000s\000f\000\374\000h\000r\000l\000i\000c\000h\000e\000\040\000B\000e\000s\000c\000h\000r\000e\000i\000b\000u\000n\000g}{subsection.5.49}% 202
\BOOKMARK [3][-]{subsubsection.5.49.2}{\376\377\000D\000o\000k\000u\000m\000e\000n\000t\000a\000t\000i\000o\000n\000\040\000d\000e\000r\000\040\000E\000l\000e\000m\000e\000n\000t\000f\000u\000n\000k\000t\000i\000o\000n\000e\000n}{subsection.5.49}% 203
\BOOKMARK [2][-]{subsection.5.50}{\376\377\000M\000s\000g\000S\000e\000l\000e\000c\000t\000i\000o\000n\000\040\000K\000l\000a\000s\000s\000e\000n\000r\000e\000f\000e\000r\000e\000n\000z}{section.5}% 204
\BOOKMARK [3][-]{subsubsection.5.50.1}{\376\377\000A\000u\000s\000f\000\374\000h\000r\000l\000i\000c\000h\000e\000\040\000B\000e\000s\000c\000h\000r\000e\000i\000b\000u\000n\000g}{subsection.5.50}% 205
\BOOKMARK [3][-]{subsubsection.5.50.2}{\376\377\000B\000e\000s\000c\000h\000r\000e\000i\000b\000u\000n\000g\000\040\000d\000e\000r\000\040\000K\000o\000n\000s\000t\000r\000u\000k\000t\000o\000r\000e\000n\000\040\000u\000n\000d\000\040\000D\000e\000s\000t\000r\000u\000k\000t\000o\000r\000e\000n}{subsection.5.50}% 206
\BOOKMARK [3][-]{subsubsection.5.50.3}{\376\377\000D\000o\000k\000u\000m\000e\000n\000t\000a\000t\000i\000o\000n\000\040\000d\000e\000r\000\040\000E\000l\000e\000m\000e\000n\000t\000f\000u\000n\000k\000t\000i\000o\000n\000e\000n}{subsection.5.50}% 207
\BOOKMARK [2][-]{subsection.5.51}{\376\377\000M\000s\000g\000S\000e\000l\000e\000c\000t\000i\000o\000n\000R\000e\000q\000u\000e\000s\000t\000\040\000K\000l\000a\000s\000s\000e\000n\000r\000e\000f\000e\000r\000e\000n\000z}{section.5}% 208
\BOOKMARK [3][-]{subsubsection.5.51.1}{\376\377\000A\000u\000s\000f\000\374\000h\000r\000l\000i\000c\000h\000e\000\040\000B\000e\000s\000c\000h\000r\000e\000i\000b\000u\000n\000g}{subsection.5.51}% 209
\BOOKMARK [3][-]{subsubsection.5.51.2}{\376\377\000D\000o\000k\000u\000m\000e\000n\000t\000a\000t\000i\000o\000n\000\040\000d\000e\000r\000\040\000E\000l\000e\000m\000e\000n\000t\000f\000u\000n\000k\000t\000i\000o\000n\000e\000n}{subsection.5.51}% 210
\BOOKMARK [2][-]{subsection.5.52}{\376\377\000M\000s\000g\000U\000s\000e\000r\000\040\000K\000l\000a\000s\000s\000e\000n\000r\000e\000f\000e\000r\000e\000n\000z}{section.5}% 211
\BOOKMARK [3][-]{subsubsection.5.52.1}{\376\377\000A\000u\000s\000f\000\374\000h\000r\000l\000i\000c\000h\000e\000\040\000B\000e\000s\000c\000h\000r\000e\000i\000b\000u\000n\000g}{subsection.5.52}% 212
\BOOKMARK [3][-]{subsubsection.5.52.2}{\376\377\000B\000e\000s\000c\000h\000r\000e\000i\000b\000u\000n\000g\000\040\000d\000e\000r\000\040\000K\000o\000n\000s\000t\000r\000u\000k\000t\000o\000r\000e\000n\000\040\000u\000n\000d\000\040\000D\000e\000s\000t\000r\000u\000k\000t\000o\000r\000e\000n}{subsection.5.52}% 213
\BOOKMARK [3][-]{subsubsection.5.52.3}{\376\377\000D\000o\000k\000u\000m\000e\000n\000t\000a\000t\000i\000o\000n\000\040\000d\000e\000r\000\040\000E\000l\000e\000m\000e\000n\000t\000f\000u\000n\000k\000t\000i\000o\000n\000e\000n}{subsection.5.52}% 214
\BOOKMARK [2][-]{subsection.5.53}{\376\377\000R\000u\000l\000e\000s\000e\000t\000M\000e\000s\000s\000a\000g\000e\000\040\000S\000c\000h\000n\000i\000t\000t\000s\000t\000e\000l\000l\000e\000n\000r\000e\000f\000e\000r\000e\000n\000z}{section.5}% 215
\BOOKMARK [3][-]{subsubsection.5.53.1}{\376\377\000A\000u\000s\000f\000\374\000h\000r\000l\000i\000c\000h\000e\000\040\000B\000e\000s\000c\000h\000r\000e\000i\000b\000u\000n\000g}{subsection.5.53}% 216
\BOOKMARK [3][-]{subsubsection.5.53.2}{\376\377\000D\000o\000k\000u\000m\000e\000n\000t\000a\000t\000i\000o\000n\000\040\000d\000e\000r\000\040\000E\000l\000e\000m\000e\000n\000t\000f\000u\000n\000k\000t\000i\000o\000n\000e\000n}{subsection.5.53}% 217
\BOOKMARK [2][-]{subsection.5.54}{\376\377\000C\000a\000r\000d\000\040\000S\000c\000h\000n\000i\000t\000t\000s\000t\000e\000l\000l\000e\000n\000r\000e\000f\000e\000r\000e\000n\000z}{section.5}% 218
\BOOKMARK [3][-]{subsubsection.5.54.1}{\376\377\000A\000u\000s\000f\000\374\000h\000r\000l\000i\000c\000h\000e\000\040\000B\000e\000s\000c\000h\000r\000e\000i\000b\000u\000n\000g}{subsection.5.54}% 219
\BOOKMARK [3][-]{subsubsection.5.54.2}{\376\377\000D\000o\000k\000u\000m\000e\000n\000t\000a\000t\000i\000o\000n\000\040\000d\000e\000r\000\040\000E\000l\000e\000m\000e\000n\000t\000f\000u\000n\000k\000t\000i\000o\000n\000e\000n}{subsection.5.54}% 220
\BOOKMARK [2][-]{subsection.5.55}{\376\377\000C\000l\000i\000e\000n\000t\000H\000e\000a\000r\000t\000s\000\040\000K\000l\000a\000s\000s\000e\000n\000r\000e\000f\000e\000r\000e\000n\000z}{section.5}% 221
\BOOKMARK [3][-]{subsubsection.5.55.1}{\376\377\000A\000u\000s\000f\000\374\000h\000r\000l\000i\000c\000h\000e\000\040\000B\000e\000s\000c\000h\000r\000e\000i\000b\000u\000n\000g}{subsection.5.55}% 222
\BOOKMARK [3][-]{subsubsection.5.55.2}{\376\377\000B\000e\000s\000c\000h\000r\000e\000i\000b\000u\000n\000g\000\040\000d\000e\000r\000\040\000K\000o\000n\000s\000t\000r\000u\000k\000t\000o\000r\000e\000n\000\040\000u\000n\000d\000\040\000D\000e\000s\000t\000r\000u\000k\000t\000o\000r\000e\000n}{subsection.5.55}% 223
\BOOKMARK [3][-]{subsubsection.5.55.3}{\376\377\000D\000o\000k\000u\000m\000e\000n\000t\000a\000t\000i\000o\000n\000\040\000d\000e\000r\000\040\000E\000l\000e\000m\000e\000n\000t\000f\000u\000n\000k\000t\000i\000o\000n\000e\000n}{subsection.5.55}% 224
\BOOKMARK [2][-]{subsection.5.56}{\376\377\000C\000l\000i\000e\000n\000t\000R\000u\000l\000e\000s\000e\000t\000\040\000K\000l\000a\000s\000s\000e\000n\000r\000e\000f\000e\000r\000e\000n\000z}{section.5}% 225
\BOOKMARK [3][-]{subsubsection.5.56.1}{\376\377\000A\000u\000s\000f\000\374\000h\000r\000l\000i\000c\000h\000e\000\040\000B\000e\000s\000c\000h\000r\000e\000i\000b\000u\000n\000g}{subsection.5.56}% 226
\BOOKMARK [3][-]{subsubsection.5.56.2}{\376\377\000B\000e\000s\000c\000h\000r\000e\000i\000b\000u\000n\000g\000\040\000d\000e\000r\000\040\000K\000o\000n\000s\000t\000r\000u\000k\000t\000o\000r\000e\000n\000\040\000u\000n\000d\000\040\000D\000e\000s\000t\000r\000u\000k\000t\000o\000r\000e\000n}{subsection.5.56}% 227
\BOOKMARK [3][-]{subsubsection.5.56.3}{\376\377\000D\000o\000k\000u\000m\000e\000n\000t\000a\000t\000i\000o\000n\000\040\000d\000e\000r\000\040\000E\000l\000e\000m\000e\000n\000t\000f\000u\000n\000k\000t\000i\000o\000n\000e\000n}{subsection.5.56}% 228
\BOOKMARK [2][-]{subsection.5.57}{\376\377\000C\000l\000i\000e\000n\000t\000W\000i\000z\000a\000r\000d\000\040\000K\000l\000a\000s\000s\000e\000n\000r\000e\000f\000e\000r\000e\000n\000z}{section.5}% 229
\BOOKMARK [3][-]{subsubsection.5.57.1}{\376\377\000A\000u\000s\000f\000\374\000h\000r\000l\000i\000c\000h\000e\000\040\000B\000e\000s\000c\000h\000r\000e\000i\000b\000u\000n\000g}{subsection.5.57}% 230
\BOOKMARK [3][-]{subsubsection.5.57.2}{\376\377\000B\000e\000s\000c\000h\000r\000e\000i\000b\000u\000n\000g\000\040\000d\000e\000r\000\040\000K\000o\000n\000s\000t\000r\000u\000k\000t\000o\000r\000e\000n\000\040\000u\000n\000d\000\040\000D\000e\000s\000t\000r\000u\000k\000t\000o\000r\000e\000n}{subsection.5.57}% 231
\BOOKMARK [3][-]{subsubsection.5.57.3}{\376\377\000D\000o\000k\000u\000m\000e\000n\000t\000a\000t\000i\000o\000n\000\040\000d\000e\000r\000\040\000E\000l\000e\000m\000e\000n\000t\000f\000u\000n\000k\000t\000i\000o\000n\000e\000n}{subsection.5.57}% 232
\BOOKMARK [2][-]{subsection.5.58}{\376\377\000C\000o\000l\000o\000u\000r\000\040\000E\000n\000u\000m\000-\000R\000e\000f\000e\000r\000e\000n\000z}{section.5}% 233
\BOOKMARK [3][-]{subsubsection.5.58.1}{\376\377\000A\000u\000s\000f\000\374\000h\000r\000l\000i\000c\000h\000e\000\040\000B\000e\000s\000c\000h\000r\000e\000i\000b\000u\000n\000g}{subsection.5.58}% 234
\BOOKMARK [2][-]{subsection.5.59}{\376\377\000G\000a\000m\000e\000C\000l\000i\000e\000n\000t\000U\000p\000d\000a\000t\000e\000\040\000K\000l\000a\000s\000s\000e\000n\000r\000e\000f\000e\000r\000e\000n\000z}{section.5}% 235
\BOOKMARK [3][-]{subsubsection.5.59.1}{\376\377\000A\000u\000s\000f\000\374\000h\000r\000l\000i\000c\000h\000e\000\040\000B\000e\000s\000c\000h\000r\000e\000i\000b\000u\000n\000g}{subsection.5.59}% 236
\BOOKMARK [3][-]{subsubsection.5.59.2}{\376\377\000B\000e\000s\000c\000h\000r\000e\000i\000b\000u\000n\000g\000\040\000d\000e\000r\000\040\000K\000o\000n\000s\000t\000r\000u\000k\000t\000o\000r\000e\000n\000\040\000u\000n\000d\000\040\000D\000e\000s\000t\000r\000u\000k\000t\000o\000r\000e\000n}{subsection.5.59}% 237
\BOOKMARK [3][-]{subsubsection.5.59.3}{\376\377\000D\000o\000k\000u\000m\000e\000n\000t\000a\000t\000i\000o\000n\000\040\000d\000e\000r\000\040\000E\000l\000e\000m\000e\000n\000t\000f\000u\000n\000k\000t\000i\000o\000n\000e\000n}{subsection.5.59}% 238
\BOOKMARK [2][-]{subsection.5.60}{\376\377\000G\000a\000m\000e\000P\000h\000a\000s\000e\000\040\000E\000n\000u\000m\000-\000R\000e\000f\000e\000r\000e\000n\000z}{section.5}% 239
\BOOKMARK [3][-]{subsubsection.5.60.1}{\376\377\000A\000u\000s\000f\000\374\000h\000r\000l\000i\000c\000h\000e\000\040\000B\000e\000s\000c\000h\000r\000e\000i\000b\000u\000n\000g}{subsection.5.60}% 240
\BOOKMARK [2][-]{subsection.5.61}{\376\377\000G\000a\000m\000e\000S\000t\000a\000t\000e\000\040\000K\000l\000a\000s\000s\000e\000n\000r\000e\000f\000e\000r\000e\000n\000z}{section.5}% 241
\BOOKMARK [3][-]{subsubsection.5.61.1}{\376\377\000A\000u\000s\000f\000\374\000h\000r\000l\000i\000c\000h\000e\000\040\000B\000e\000s\000c\000h\000r\000e\000i\000b\000u\000n\000g}{subsection.5.61}% 242
\BOOKMARK [3][-]{subsubsection.5.61.2}{\376\377\000B\000e\000s\000c\000h\000r\000e\000i\000b\000u\000n\000g\000\040\000d\000e\000r\000\040\000K\000o\000n\000s\000t\000r\000u\000k\000t\000o\000r\000e\000n\000\040\000u\000n\000d\000\040\000D\000e\000s\000t\000r\000u\000k\000t\000o\000r\000e\000n}{subsection.5.61}% 243
\BOOKMARK [3][-]{subsubsection.5.61.3}{\376\377\000D\000o\000k\000u\000m\000e\000n\000t\000a\000t\000i\000o\000n\000\040\000d\000e\000r\000\040\000E\000l\000e\000m\000e\000n\000t\000f\000u\000n\000k\000t\000i\000o\000n\000e\000n}{subsection.5.61}% 244
\BOOKMARK [2][-]{subsection.5.62}{\376\377\000H\000e\000a\000r\000t\000s\000C\000a\000r\000d\000\040\000E\000n\000u\000m\000-\000R\000e\000f\000e\000r\000e\000n\000z}{section.5}% 245
\BOOKMARK [3][-]{subsubsection.5.62.1}{\376\377\000A\000u\000s\000f\000\374\000h\000r\000l\000i\000c\000h\000e\000\040\000B\000e\000s\000c\000h\000r\000e\000i\000b\000u\000n\000g}{subsection.5.62}% 246
\BOOKMARK [3][-]{subsubsection.5.62.2}{\376\377\000B\000e\000s\000c\000h\000r\000e\000i\000b\000u\000n\000g\000\040\000d\000e\000r\000\040\000K\000o\000n\000s\000t\000r\000u\000k\000t\000o\000r\000e\000n\000\040\000u\000n\000d\000\040\000D\000e\000s\000t\000r\000u\000k\000t\000o\000r\000e\000n}{subsection.5.62}% 247
\BOOKMARK [3][-]{subsubsection.5.62.3}{\376\377\000D\000o\000k\000u\000m\000e\000n\000t\000a\000t\000i\000o\000n\000\040\000d\000e\000r\000\040\000E\000l\000e\000m\000e\000n\000t\000f\000u\000n\000k\000t\000i\000o\000n\000e\000n}{subsection.5.62}% 248
\BOOKMARK [2][-]{subsection.5.63}{\376\377\000H\000e\000a\000r\000t\000s\000D\000a\000t\000a\000\040\000K\000l\000a\000s\000s\000e\000n\000r\000e\000f\000e\000r\000e\000n\000z}{section.5}% 249
\BOOKMARK [3][-]{subsubsection.5.63.1}{\376\377\000A\000u\000s\000f\000\374\000h\000r\000l\000i\000c\000h\000e\000\040\000B\000e\000s\000c\000h\000r\000e\000i\000b\000u\000n\000g}{subsection.5.63}% 250
\BOOKMARK [2][-]{subsection.5.64}{\376\377\000O\000t\000h\000e\000r\000D\000a\000t\000a\000\040\000K\000l\000a\000s\000s\000e\000n\000r\000e\000f\000e\000r\000e\000n\000z}{section.5}% 251
\BOOKMARK [3][-]{subsubsection.5.64.1}{\376\377\000A\000u\000s\000f\000\374\000h\000r\000l\000i\000c\000h\000e\000\040\000B\000e\000s\000c\000h\000r\000e\000i\000b\000u\000n\000g}{subsection.5.64}% 252
\BOOKMARK [3][-]{subsubsection.5.64.2}{\376\377\000D\000o\000k\000u\000m\000e\000n\000t\000a\000t\000i\000o\000n\000\040\000d\000e\000r\000\040\000E\000l\000e\000m\000e\000n\000t\000f\000u\000n\000k\000t\000i\000o\000n\000e\000n}{subsection.5.64}% 253
\BOOKMARK [2][-]{subsection.5.65}{\376\377\000P\000l\000a\000y\000e\000r\000S\000t\000a\000t\000e\000\040\000K\000l\000a\000s\000s\000e\000n\000r\000e\000f\000e\000r\000e\000n\000z}{section.5}% 254
\BOOKMARK [3][-]{subsubsection.5.65.1}{\376\377\000A\000u\000s\000f\000\374\000h\000r\000l\000i\000c\000h\000e\000\040\000B\000e\000s\000c\000h\000r\000e\000i\000b\000u\000n\000g}{subsection.5.65}% 255
\BOOKMARK [3][-]{subsubsection.5.65.2}{\376\377\000B\000e\000s\000c\000h\000r\000e\000i\000b\000u\000n\000g\000\040\000d\000e\000r\000\040\000K\000o\000n\000s\000t\000r\000u\000k\000t\000o\000r\000e\000n\000\040\000u\000n\000d\000\040\000D\000e\000s\000t\000r\000u\000k\000t\000o\000r\000e\000n}{subsection.5.65}% 256
\BOOKMARK [3][-]{subsubsection.5.65.3}{\376\377\000D\000o\000k\000u\000m\000e\000n\000t\000a\000t\000i\000o\000n\000\040\000d\000e\000r\000\040\000E\000l\000e\000m\000e\000n\000t\000f\000u\000n\000k\000t\000i\000o\000n\000e\000n}{subsection.5.65}% 257
\BOOKMARK [2][-]{subsection.5.66}{\376\377\000R\000u\000l\000e\000s\000e\000t\000T\000y\000p\000e\000\040\000E\000n\000u\000m\000-\000R\000e\000f\000e\000r\000e\000n\000z}{section.5}% 258
\BOOKMARK [3][-]{subsubsection.5.66.1}{\376\377\000A\000u\000s\000f\000\374\000h\000r\000l\000i\000c\000h\000e\000\040\000B\000e\000s\000c\000h\000r\000e\000i\000b\000u\000n\000g}{subsection.5.66}% 259
\BOOKMARK [2][-]{subsection.5.67}{\376\377\000S\000e\000r\000v\000e\000r\000H\000e\000a\000r\000t\000s\000\040\000K\000l\000a\000s\000s\000e\000n\000r\000e\000f\000e\000r\000e\000n\000z}{section.5}% 260
\BOOKMARK [3][-]{subsubsection.5.67.1}{\376\377\000A\000u\000s\000f\000\374\000h\000r\000l\000i\000c\000h\000e\000\040\000B\000e\000s\000c\000h\000r\000e\000i\000b\000u\000n\000g}{subsection.5.67}% 261
\BOOKMARK [3][-]{subsubsection.5.67.2}{\376\377\000D\000o\000k\000u\000m\000e\000n\000t\000a\000t\000i\000o\000n\000\040\000d\000e\000r\000\040\000E\000l\000e\000m\000e\000n\000t\000f\000u\000n\000k\000t\000i\000o\000n\000e\000n}{subsection.5.67}% 262
\BOOKMARK [2][-]{subsection.5.68}{\376\377\000S\000e\000r\000v\000e\000r\000R\000u\000l\000e\000s\000e\000t\000\040\000K\000l\000a\000s\000s\000e\000n\000r\000e\000f\000e\000r\000e\000n\000z}{section.5}% 263
\BOOKMARK [3][-]{subsubsection.5.68.1}{\376\377\000A\000u\000s\000f\000\374\000h\000r\000l\000i\000c\000h\000e\000\040\000B\000e\000s\000c\000h\000r\000e\000i\000b\000u\000n\000g}{subsection.5.68}% 264
\BOOKMARK [3][-]{subsubsection.5.68.2}{\376\377\000B\000e\000s\000c\000h\000r\000e\000i\000b\000u\000n\000g\000\040\000d\000e\000r\000\040\000K\000o\000n\000s\000t\000r\000u\000k\000t\000o\000r\000e\000n\000\040\000u\000n\000d\000\040\000D\000e\000s\000t\000r\000u\000k\000t\000o\000r\000e\000n}{subsection.5.68}% 265
\BOOKMARK [3][-]{subsubsection.5.68.3}{\376\377\000D\000o\000k\000u\000m\000e\000n\000t\000a\000t\000i\000o\000n\000\040\000d\000e\000r\000\040\000E\000l\000e\000m\000e\000n\000t\000f\000u\000n\000k\000t\000i\000o\000n\000e\000n}{subsection.5.68}% 266
\BOOKMARK [2][-]{subsection.5.69}{\376\377\000S\000e\000r\000v\000e\000r\000W\000i\000z\000a\000r\000d\000\040\000K\000l\000a\000s\000s\000e\000n\000r\000e\000f\000e\000r\000e\000n\000z}{section.5}% 267
\BOOKMARK [3][-]{subsubsection.5.69.1}{\376\377\000A\000u\000s\000f\000\374\000h\000r\000l\000i\000c\000h\000e\000\040\000B\000e\000s\000c\000h\000r\000e\000i\000b\000u\000n\000g}{subsection.5.69}% 268
\BOOKMARK [3][-]{subsubsection.5.69.2}{\376\377\000D\000o\000k\000u\000m\000e\000n\000t\000a\000t\000i\000o\000n\000\040\000d\000e\000r\000\040\000E\000l\000e\000m\000e\000n\000t\000f\000u\000n\000k\000t\000i\000o\000n\000e\000n}{subsection.5.69}% 269
\BOOKMARK [3][-]{subsubsection.5.69.3}{\376\377\000D\000o\000k\000u\000m\000e\000n\000t\000a\000t\000i\000o\000n\000\040\000d\000e\000r\000\040\000D\000a\000t\000e\000n\000e\000l\000e\000m\000e\000n\000t\000e}{subsection.5.69}% 270
\BOOKMARK [2][-]{subsection.5.70}{\376\377\000W\000i\000z\000a\000r\000d\000C\000a\000r\000d\000\040\000E\000n\000u\000m\000-\000R\000e\000f\000e\000r\000e\000n\000z}{section.5}% 271
\BOOKMARK [3][-]{subsubsection.5.70.1}{\376\377\000A\000u\000s\000f\000\374\000h\000r\000l\000i\000c\000h\000e\000\040\000B\000e\000s\000c\000h\000r\000e\000i\000b\000u\000n\000g}{subsection.5.70}% 272
\BOOKMARK [3][-]{subsubsection.5.70.2}{\376\377\000B\000e\000s\000c\000h\000r\000e\000i\000b\000u\000n\000g\000\040\000d\000e\000r\000\040\000K\000o\000n\000s\000t\000r\000u\000k\000t\000o\000r\000e\000n\000\040\000u\000n\000d\000\040\000D\000e\000s\000t\000r\000u\000k\000t\000o\000r\000e\000n}{subsection.5.70}% 273
\BOOKMARK [3][-]{subsubsection.5.70.3}{\376\377\000D\000o\000k\000u\000m\000e\000n\000t\000a\000t\000i\000o\000n\000\040\000d\000e\000r\000\040\000E\000l\000e\000m\000e\000n\000t\000f\000u\000n\000k\000t\000i\000o\000n\000e\000n}{subsection.5.70}% 274
\BOOKMARK [2][-]{subsection.5.71}{\376\377\000W\000i\000z\000D\000a\000t\000a\000\040\000K\000l\000a\000s\000s\000e\000n\000r\000e\000f\000e\000r\000e\000n\000z}{section.5}% 275
\BOOKMARK [3][-]{subsubsection.5.71.1}{\376\377\000A\000u\000s\000f\000\374\000h\000r\000l\000i\000c\000h\000e\000\040\000B\000e\000s\000c\000h\000r\000e\000i\000b\000u\000n\000g}{subsection.5.71}% 276
\BOOKMARK [3][-]{subsubsection.5.71.2}{\376\377\000D\000o\000k\000u\000m\000e\000n\000t\000a\000t\000i\000o\000n\000\040\000d\000e\000r\000\040\000E\000l\000e\000m\000e\000n\000t\000f\000u\000n\000k\000t\000i\000o\000n\000e\000n}{subsection.5.71}% 277
\BOOKMARK [2][-]{subsection.5.72}{\376\377\000G\000a\000m\000e\000S\000e\000r\000v\000e\000r\000\040\000K\000l\000a\000s\000s\000e\000n\000r\000e\000f\000e\000r\000e\000n\000z}{section.5}% 278
\BOOKMARK [3][-]{subsubsection.5.72.1}{\376\377\000A\000u\000s\000f\000\374\000h\000r\000l\000i\000c\000h\000e\000\040\000B\000e\000s\000c\000h\000r\000e\000i\000b\000u\000n\000g}{subsection.5.72}% 279
\BOOKMARK [3][-]{subsubsection.5.72.2}{\376\377\000B\000e\000s\000c\000h\000r\000e\000i\000b\000u\000n\000g\000\040\000d\000e\000r\000\040\000K\000o\000n\000s\000t\000r\000u\000k\000t\000o\000r\000e\000n\000\040\000u\000n\000d\000\040\000D\000e\000s\000t\000r\000u\000k\000t\000o\000r\000e\000n}{subsection.5.72}% 280
\BOOKMARK [3][-]{subsubsection.5.72.3}{\376\377\000D\000o\000k\000u\000m\000e\000n\000t\000a\000t\000i\000o\000n\000\040\000d\000e\000r\000\040\000E\000l\000e\000m\000e\000n\000t\000f\000u\000n\000k\000t\000i\000o\000n\000e\000n}{subsection.5.72}% 281
\BOOKMARK [3][-]{subsubsection.5.72.4}{\376\377\000D\000o\000k\000u\000m\000e\000n\000t\000a\000t\000i\000o\000n\000\040\000d\000e\000r\000\040\000D\000a\000t\000e\000n\000e\000l\000e\000m\000e\000n\000t\000e}{subsection.5.72}% 282
\BOOKMARK [2][-]{subsection.5.73}{\376\377\000G\000a\000m\000e\000S\000e\000r\000v\000e\000r\000R\000e\000p\000r\000e\000s\000e\000n\000t\000a\000t\000i\000o\000n\000\040\000K\000l\000a\000s\000s\000e\000n\000r\000e\000f\000e\000r\000e\000n\000z}{section.5}% 283
\BOOKMARK [3][-]{subsubsection.5.73.1}{\376\377\000A\000u\000s\000f\000\374\000h\000r\000l\000i\000c\000h\000e\000\040\000B\000e\000s\000c\000h\000r\000e\000i\000b\000u\000n\000g}{subsection.5.73}% 284
\BOOKMARK [3][-]{subsubsection.5.73.2}{\376\377\000B\000e\000s\000c\000h\000r\000e\000i\000b\000u\000n\000g\000\040\000d\000e\000r\000\040\000K\000o\000n\000s\000t\000r\000u\000k\000t\000o\000r\000e\000n\000\040\000u\000n\000d\000\040\000D\000e\000s\000t\000r\000u\000k\000t\000o\000r\000e\000n}{subsection.5.73}% 285
\BOOKMARK [2][-]{subsection.5.74}{\376\377\000L\000o\000b\000b\000y\000S\000e\000r\000v\000e\000r\000\040\000K\000l\000a\000s\000s\000e\000n\000r\000e\000f\000e\000r\000e\000n\000z}{section.5}% 286
\BOOKMARK [3][-]{subsubsection.5.74.1}{\376\377\000A\000u\000s\000f\000\374\000h\000r\000l\000i\000c\000h\000e\000\040\000B\000e\000s\000c\000h\000r\000e\000i\000b\000u\000n\000g}{subsection.5.74}% 287
\BOOKMARK [3][-]{subsubsection.5.74.2}{\376\377\000D\000o\000k\000u\000m\000e\000n\000t\000a\000t\000i\000o\000n\000\040\000d\000e\000r\000\040\000E\000l\000e\000m\000e\000n\000t\000f\000u\000n\000k\000t\000i\000o\000n\000e\000n}{subsection.5.74}% 288
\BOOKMARK [2][-]{subsection.5.75}{\376\377\000L\000o\000b\000b\000y\000S\000e\000r\000v\000e\000r\000.\000C\000l\000i\000e\000n\000t\000L\000i\000s\000t\000e\000n\000e\000r\000T\000h\000r\000e\000a\000d\000\040\000K\000l\000a\000s\000s\000e\000n\000r\000e\000f\000e\000r\000e\000n\000z}{section.5}% 289
\BOOKMARK [3][-]{subsubsection.5.75.1}{\376\377\000A\000u\000s\000f\000\374\000h\000r\000l\000i\000c\000h\000e\000\040\000B\000e\000s\000c\000h\000r\000e\000i\000b\000u\000n\000g}{subsection.5.75}% 290
\BOOKMARK [2][-]{subsection.5.76}{\376\377\000P\000l\000a\000y\000e\000r\000\040\000K\000l\000a\000s\000s\000e\000n\000r\000e\000f\000e\000r\000e\000n\000z}{section.5}% 291
\BOOKMARK [3][-]{subsubsection.5.76.1}{\376\377\000A\000u\000s\000f\000\374\000h\000r\000l\000i\000c\000h\000e\000\040\000B\000e\000s\000c\000h\000r\000e\000i\000b\000u\000n\000g}{subsection.5.76}% 292
\BOOKMARK [3][-]{subsubsection.5.76.2}{\376\377\000B\000e\000s\000c\000h\000r\000e\000i\000b\000u\000n\000g\000\040\000d\000e\000r\000\040\000K\000o\000n\000s\000t\000r\000u\000k\000t\000o\000r\000e\000n\000\040\000u\000n\000d\000\040\000D\000e\000s\000t\000r\000u\000k\000t\000o\000r\000e\000n}{subsection.5.76}% 293
\BOOKMARK [3][-]{subsubsection.5.76.3}{\376\377\000D\000o\000k\000u\000m\000e\000n\000t\000a\000t\000i\000o\000n\000\040\000d\000e\000r\000\040\000E\000l\000e\000m\000e\000n\000t\000f\000u\000n\000k\000t\000i\000o\000n\000e\000n}{subsection.5.76}% 294
\BOOKMARK [2][-]{subsection.5.77}{\376\377\000S\000e\000r\000v\000e\000r\000\040\000K\000l\000a\000s\000s\000e\000n\000r\000e\000f\000e\000r\000e\000n\000z}{section.5}% 295
\BOOKMARK [3][-]{subsubsection.5.77.1}{\376\377\000A\000u\000s\000f\000\374\000h\000r\000l\000i\000c\000h\000e\000\040\000B\000e\000s\000c\000h\000r\000e\000i\000b\000u\000n\000g}{subsection.5.77}% 296
\BOOKMARK [3][-]{subsubsection.5.77.2}{\376\377\000D\000o\000k\000u\000m\000e\000n\000t\000a\000t\000i\000o\000n\000\040\000d\000e\000r\000\040\000E\000l\000e\000m\000e\000n\000t\000f\000u\000n\000k\000t\000i\000o\000n\000e\000n}{subsection.5.77}% 297
\BOOKMARK [2][-]{subsection.5.78}{\376\377\000S\000e\000r\000v\000e\000r\000M\000a\000i\000n\000\040\000K\000l\000a\000s\000s\000e\000n\000r\000e\000f\000e\000r\000e\000n\000z}{section.5}% 298
\BOOKMARK [3][-]{subsubsection.5.78.1}{\376\377\000A\000u\000s\000f\000\374\000h\000r\000l\000i\000c\000h\000e\000\040\000B\000e\000s\000c\000h\000r\000e\000i\000b\000u\000n\000g}{subsection.5.78}% 299
\BOOKMARK [3][-]{subsubsection.5.78.2}{\376\377\000D\000o\000k\000u\000m\000e\000n\000t\000a\000t\000i\000o\000n\000\040\000d\000e\000r\000\040\000E\000l\000e\000m\000e\000n\000t\000f\000u\000n\000k\000t\000i\000o\000n\000e\000n}{subsection.5.78}% 300
\BOOKMARK [1][-]{section.6}{\376\377\000J\000U\000n\000i\000t\000-\000T\000e\000s\000t\000s}{}% 301
\BOOKMARK [2][-]{subsection.6.1}{\376\377\000i\000s\000V\000a\000l\000i\000d\000W\000i\000z\000a\000r\000d\000M\000o\000v\000e}{section.6}% 302
\BOOKMARK [2][-]{subsection.6.2}{\376\377\000i\000s\000V\000a\000l\000i\000d\000H\000e\000a\000r\000t\000s\000M\000o\000v\000e}{section.6}% 303
\BOOKMARK [2][-]{subsection.6.3}{\376\377\000g\000e\000t\000W\000i\000n\000n\000e\000r}{section.6}% 304
\BOOKMARK [2][-]{subsection.6.4}{\376\377\000Q\000u\000i\000t\000P\000l\000a\000y\000e\000r}{section.6}% 305
\BOOKMARK [2][-]{subsection.6.5}{\376\377\000C\000h\000a\000t}{section.6}% 306
\BOOKMARK [1][-]{section.7}{\376\377\000I\000m\000p\000l\000e\000m\000e\000n\000t\000i\000e\000r\000u\000n\000g\000s\000p\000l\000a\000n}{}% 307
\BOOKMARK [2][-]{subsection.7.1}{\376\377\000M\000i\000l\000e\000s\000t\000o\000n\000e\000\040\0001}{section.7}% 308
\BOOKMARK [2][-]{subsection.7.2}{\376\377\000M\000i\000l\000e\000s\000t\000o\000n\000e\000\040\0002}{section.7}% 309
\BOOKMARK [2][-]{subsection.7.3}{\376\377\000M\000i\000l\000e\000s\000t\000o\000n\000e\000\040\0003}{section.7}% 310
\BOOKMARK [2][-]{subsection.7.4}{\376\377\000F\000i\000n\000a\000l\000e\000\040\000V\000e\000r\000s\000i\000o\000n}{section.7}% 311
\BOOKMARK [2][-]{subsection.7.5}{\376\377\000G\000a\000n\000t\000t\000-\000D\000i\000a\000g\000r\000a\000m\000m\000e}{section.7}% 312
