\BOOKMARK [1][-]{section.1}{\376\377\000H\000i\000e\000r\000a\000r\000c\000h\000i\000e\000-\000V\000e\000r\000z\000e\000i\000c\000h\000n\000i\000s}{}% 1
\BOOKMARK [2][-]{subsection.1.1}{\376\377\000K\000l\000a\000s\000s\000e\000n\000h\000i\000e\000r\000a\000r\000c\000h\000i\000e}{section.1}% 2
\BOOKMARK [1][-]{section.2}{\376\377\000K\000l\000a\000s\000s\000e\000n\000-\000V\000e\000r\000z\000e\000i\000c\000h\000n\000i\000s}{}% 3
\BOOKMARK [2][-]{subsection.2.1}{\376\377\000A\000u\000f\000l\000i\000s\000t\000u\000n\000g\000\040\000d\000e\000r\000\040\000K\000l\000a\000s\000s\000e\000n}{section.2}% 4
\BOOKMARK [1][-]{section.3}{\376\377\000K\000l\000a\000s\000s\000e\000n\000-\000D\000o\000k\000u\000m\000e\000n\000t\000a\000t\000i\000o\000n}{}% 5
\BOOKMARK [2][-]{subsection.3.1}{\376\377\000C\000l\000i\000e\000n\000t\000.\000V\000i\000e\000w\000.\000C\000a\000r\000d\000\040\000K\000l\000a\000s\000s\000e\000n\000r\000e\000f\000e\000r\000e\000n\000z}{section.3}% 6
\BOOKMARK [3][-]{subsubsection.3.1.1}{\376\377\000A\000u\000s\000f\000\374\000h\000r\000l\000i\000c\000h\000e\000\040\000B\000e\000s\000c\000h\000r\000e\000i\000b\000u\000n\000g}{subsection.3.1}% 7
\BOOKMARK [3][-]{subsubsection.3.1.2}{\376\377\000B\000e\000s\000c\000h\000r\000e\000i\000b\000u\000n\000g\000\040\000d\000e\000r\000\040\000K\000o\000n\000s\000t\000r\000u\000k\000t\000o\000r\000e\000n\000\040\000u\000n\000d\000\040\000D\000e\000s\000t\000r\000u\000k\000t\000o\000r\000e\000n}{subsection.3.1}% 8
\BOOKMARK [2][-]{subsection.3.2}{\376\377\000R\000u\000l\000e\000s\000e\000t\000.\000C\000a\000r\000d\000\040\000K\000l\000a\000s\000s\000e\000n\000r\000e\000f\000e\000r\000e\000n\000z}{section.3}% 9
\BOOKMARK [3][-]{subsubsection.3.2.1}{\376\377\000A\000u\000s\000f\000\374\000h\000r\000l\000i\000c\000h\000e\000\040\000B\000e\000s\000c\000h\000r\000e\000i\000b\000u\000n\000g}{subsection.3.2}% 10
\BOOKMARK [3][-]{subsubsection.3.2.2}{\376\377\000D\000o\000k\000u\000m\000e\000n\000t\000a\000t\000i\000o\000n\000\040\000d\000e\000r\000\040\000E\000l\000e\000m\000e\000n\000t\000f\000u\000n\000k\000t\000i\000o\000n\000e\000n}{subsection.3.2}% 11
\BOOKMARK [2][-]{subsection.3.3}{\376\377\000R\000u\000l\000e\000s\000e\000t\000.\000C\000a\000r\000d\000D\000e\000c\000k\000\040\000K\000l\000a\000s\000s\000e\000n\000r\000e\000f\000e\000r\000e\000n\000z}{section.3}% 12
\BOOKMARK [2][-]{subsection.3.4}{\376\377\000R\000u\000l\000e\000s\000e\000t\000.\000C\000a\000r\000d\000D\000e\000c\000k\000B\000u\000i\000l\000d\000e\000r\000\040\000K\000l\000a\000s\000s\000e\000n\000r\000e\000f\000e\000r\000e\000n\000z}{section.3}% 13
\BOOKMARK [2][-]{subsection.3.5}{\376\377\000C\000l\000i\000e\000n\000t\000.\000C\000a\000r\000d\000I\000D\000\040\000E\000n\000u\000m\000-\000R\000e\000f\000e\000r\000e\000n\000z}{section.3}% 14
\BOOKMARK [2][-]{subsection.3.6}{\376\377\000C\000l\000i\000e\000n\000t\000.\000V\000i\000e\000w\000.\000C\000h\000o\000o\000s\000e\000C\000a\000r\000d\000s\000\040\000K\000l\000a\000s\000s\000e\000n\000r\000e\000f\000e\000r\000e\000n\000z}{section.3}% 15
\BOOKMARK [3][-]{subsubsection.3.6.1}{\376\377\000D\000o\000k\000u\000m\000e\000n\000t\000a\000t\000i\000o\000n\000\040\000d\000e\000r\000\040\000E\000l\000e\000m\000e\000n\000t\000f\000u\000n\000k\000t\000i\000o\000n\000e\000n}{subsection.3.6}% 16
\BOOKMARK [2][-]{subsection.3.7}{\376\377\000C\000l\000i\000e\000n\000t\000.\000V\000i\000e\000w\000.\000C\000h\000o\000o\000s\000e\000I\000t\000e\000m\000\040\000K\000l\000a\000s\000s\000e\000n\000r\000e\000f\000e\000r\000e\000n\000z}{section.3}% 17
\BOOKMARK [3][-]{subsubsection.3.7.1}{\376\377\000A\000u\000s\000f\000\374\000h\000r\000l\000i\000c\000h\000e\000\040\000B\000e\000s\000c\000h\000r\000e\000i\000b\000u\000n\000g}{subsection.3.7}% 18
\BOOKMARK [3][-]{subsubsection.3.7.2}{\376\377\000D\000o\000k\000u\000m\000e\000n\000t\000a\000t\000i\000o\000n\000\040\000d\000e\000r\000\040\000E\000l\000e\000m\000e\000n\000t\000f\000u\000n\000k\000t\000i\000o\000n\000e\000n}{subsection.3.7}% 19
\BOOKMARK [2][-]{subsection.3.8}{\376\377\000C\000l\000i\000e\000n\000t\000.\000C\000l\000i\000e\000n\000t\000C\000o\000n\000t\000r\000o\000l\000l\000e\000r\000\040\000K\000l\000a\000s\000s\000e\000n\000r\000e\000f\000e\000r\000e\000n\000z}{section.3}% 20
\BOOKMARK [2][-]{subsection.3.9}{\376\377\000R\000u\000l\000e\000s\000e\000t\000.\000C\000l\000i\000e\000n\000t\000H\000e\000a\000r\000t\000s\000\040\000K\000l\000a\000s\000s\000e\000n\000r\000e\000f\000e\000r\000e\000n\000z}{section.3}% 21
\BOOKMARK [3][-]{subsubsection.3.9.1}{\376\377\000D\000o\000k\000u\000m\000e\000n\000t\000a\000t\000i\000o\000n\000\040\000d\000e\000r\000\040\000E\000l\000e\000m\000e\000n\000t\000f\000u\000n\000k\000t\000i\000o\000n\000e\000n}{subsection.3.9}% 22
\BOOKMARK [2][-]{subsection.3.10}{\376\377\000S\000e\000r\000v\000e\000r\000.\000C\000l\000i\000e\000n\000t\000L\000i\000s\000t\000e\000n\000e\000r\000T\000h\000r\000e\000a\000d\000\040\000K\000l\000a\000s\000s\000e\000n\000r\000e\000f\000e\000r\000e\000n\000z}{section.3}% 23
\BOOKMARK [2][-]{subsection.3.11}{\376\377\000S\000e\000r\000v\000e\000r\000.\000L\000o\000b\000b\000y\000S\000e\000r\000v\000e\000r\000.\000C\000l\000i\000e\000n\000t\000L\000i\000s\000t\000e\000n\000e\000r\000T\000h\000r\000e\000a\000d\000\040\000K\000l\000a\000s\000s\000e\000n\000r\000e\000f\000e\000r\000e\000n\000z}{section.3}% 24
\BOOKMARK [3][-]{subsubsection.3.11.1}{\376\377\000A\000u\000s\000f\000\374\000h\000r\000l\000i\000c\000h\000e\000\040\000B\000e\000s\000c\000h\000r\000e\000i\000b\000u\000n\000g}{subsection.3.11}% 25
\BOOKMARK [2][-]{subsection.3.12}{\376\377\000C\000l\000i\000e\000n\000t\000.\000C\000l\000i\000e\000n\000t\000M\000a\000i\000n\000\040\000K\000l\000a\000s\000s\000e\000n\000r\000e\000f\000e\000r\000e\000n\000z}{section.3}% 26
\BOOKMARK [3][-]{subsubsection.3.12.1}{\376\377\000D\000o\000k\000u\000m\000e\000n\000t\000a\000t\000i\000o\000n\000\040\000d\000e\000r\000\040\000E\000l\000e\000m\000e\000n\000t\000f\000u\000n\000k\000t\000i\000o\000n\000e\000n}{subsection.3.12}% 27
\BOOKMARK [2][-]{subsection.3.13}{\376\377\000C\000l\000i\000e\000n\000t\000.\000C\000l\000i\000e\000n\000t\000M\000o\000d\000e\000l\000\040\000K\000l\000a\000s\000s\000e\000n\000r\000e\000f\000e\000r\000e\000n\000z}{section.3}% 28
\BOOKMARK [3][-]{subsubsection.3.13.1}{\376\377\000A\000u\000s\000f\000\374\000h\000r\000l\000i\000c\000h\000e\000\040\000B\000e\000s\000c\000h\000r\000e\000i\000b\000u\000n\000g}{subsection.3.13}% 29
\BOOKMARK [3][-]{subsubsection.3.13.2}{\376\377\000D\000o\000k\000u\000m\000e\000n\000t\000a\000t\000i\000o\000n\000\040\000d\000e\000r\000\040\000E\000l\000e\000m\000e\000n\000t\000f\000u\000n\000k\000t\000i\000o\000n\000e\000n}{subsection.3.13}% 30
\BOOKMARK [2][-]{subsection.3.14}{\376\377\000R\000u\000l\000e\000s\000e\000t\000.\000C\000l\000i\000e\000n\000t\000R\000u\000l\000e\000s\000e\000t\000\040\000K\000l\000a\000s\000s\000e\000n\000r\000e\000f\000e\000r\000e\000n\000z}{section.3}% 31
\BOOKMARK [3][-]{subsubsection.3.14.1}{\376\377\000A\000u\000s\000f\000\374\000h\000r\000l\000i\000c\000h\000e\000\040\000B\000e\000s\000c\000h\000r\000e\000i\000b\000u\000n\000g}{subsection.3.14}% 32
\BOOKMARK [3][-]{subsubsection.3.14.2}{\376\377\000D\000o\000k\000u\000m\000e\000n\000t\000a\000t\000i\000o\000n\000\040\000d\000e\000r\000\040\000E\000l\000e\000m\000e\000n\000t\000f\000u\000n\000k\000t\000i\000o\000n\000e\000n}{subsection.3.14}% 33
\BOOKMARK [2][-]{subsection.3.15}{\376\377\000C\000l\000i\000e\000n\000t\000.\000C\000l\000i\000e\000n\000t\000S\000t\000a\000t\000e\000\040\000E\000n\000u\000m\000-\000R\000e\000f\000e\000r\000e\000n\000z}{section.3}% 34
\BOOKMARK [2][-]{subsection.3.16}{\376\377\000R\000u\000l\000e\000s\000e\000t\000.\000C\000l\000i\000e\000n\000t\000W\000i\000z\000a\000r\000d\000\040\000K\000l\000a\000s\000s\000e\000n\000r\000e\000f\000e\000r\000e\000n\000z}{section.3}% 35
\BOOKMARK [3][-]{subsubsection.3.16.1}{\376\377\000D\000o\000k\000u\000m\000e\000n\000t\000a\000t\000i\000o\000n\000\040\000d\000e\000r\000\040\000E\000l\000e\000m\000e\000n\000t\000f\000u\000n\000k\000t\000i\000o\000n\000e\000n}{subsection.3.16}% 36
\BOOKMARK [2][-]{subsection.3.17}{\376\377\000R\000u\000l\000e\000s\000e\000t\000.\000C\000o\000l\000o\000u\000r\000\040\000E\000n\000u\000m\000-\000R\000e\000f\000e\000r\000e\000n\000z}{section.3}% 37
\BOOKMARK [2][-]{subsection.3.18}{\376\377\000C\000o\000m\000O\000b\000j\000e\000c\000t\000s\000.\000C\000o\000m\000B\000e\000e\000n\000K\000i\000c\000k\000e\000d\000\040\000K\000l\000a\000s\000s\000e\000n\000r\000e\000f\000e\000r\000e\000n\000z}{section.3}% 38
\BOOKMARK [3][-]{subsubsection.3.18.1}{\376\377\000A\000u\000s\000f\000\374\000h\000r\000l\000i\000c\000h\000e\000\040\000B\000e\000s\000c\000h\000r\000e\000i\000b\000u\000n\000g}{subsection.3.18}% 39
\BOOKMARK [3][-]{subsubsection.3.18.2}{\376\377\000B\000e\000s\000c\000h\000r\000e\000i\000b\000u\000n\000g\000\040\000d\000e\000r\000\040\000K\000o\000n\000s\000t\000r\000u\000k\000t\000o\000r\000e\000n\000\040\000u\000n\000d\000\040\000D\000e\000s\000t\000r\000u\000k\000t\000o\000r\000e\000n}{subsection.3.18}% 40
\BOOKMARK [3][-]{subsubsection.3.18.3}{\376\377\000D\000o\000k\000u\000m\000e\000n\000t\000a\000t\000i\000o\000n\000\040\000d\000e\000r\000\040\000E\000l\000e\000m\000e\000n\000t\000f\000u\000n\000k\000t\000i\000o\000n\000e\000n}{subsection.3.18}% 41
\BOOKMARK [2][-]{subsection.3.19}{\376\377\000C\000o\000m\000O\000b\000j\000e\000c\000t\000s\000.\000C\000o\000m\000C\000h\000a\000t\000M\000e\000s\000s\000a\000g\000e\000\040\000K\000l\000a\000s\000s\000e\000n\000r\000e\000f\000e\000r\000e\000n\000z}{section.3}% 42
\BOOKMARK [3][-]{subsubsection.3.19.1}{\376\377\000A\000u\000s\000f\000\374\000h\000r\000l\000i\000c\000h\000e\000\040\000B\000e\000s\000c\000h\000r\000e\000i\000b\000u\000n\000g}{subsection.3.19}% 43
\BOOKMARK [3][-]{subsubsection.3.19.2}{\376\377\000B\000e\000s\000c\000h\000r\000e\000i\000b\000u\000n\000g\000\040\000d\000e\000r\000\040\000K\000o\000n\000s\000t\000r\000u\000k\000t\000o\000r\000e\000n\000\040\000u\000n\000d\000\040\000D\000e\000s\000t\000r\000u\000k\000t\000o\000r\000e\000n}{subsection.3.19}% 44
\BOOKMARK [3][-]{subsubsection.3.19.3}{\376\377\000D\000o\000k\000u\000m\000e\000n\000t\000a\000t\000i\000o\000n\000\040\000d\000e\000r\000\040\000E\000l\000e\000m\000e\000n\000t\000f\000u\000n\000k\000t\000i\000o\000n\000e\000n}{subsection.3.19}% 45
\BOOKMARK [2][-]{subsection.3.20}{\376\377\000C\000o\000m\000O\000b\000j\000e\000c\000t\000s\000.\000C\000o\000m\000C\000l\000i\000e\000n\000t\000L\000e\000a\000v\000e\000\040\000K\000l\000a\000s\000s\000e\000n\000r\000e\000f\000e\000r\000e\000n\000z}{section.3}% 46
\BOOKMARK [3][-]{subsubsection.3.20.1}{\376\377\000A\000u\000s\000f\000\374\000h\000r\000l\000i\000c\000h\000e\000\040\000B\000e\000s\000c\000h\000r\000e\000i\000b\000u\000n\000g}{subsection.3.20}% 47
\BOOKMARK [2][-]{subsection.3.21}{\376\377\000C\000o\000m\000O\000b\000j\000e\000c\000t\000s\000.\000C\000o\000m\000C\000l\000i\000e\000n\000t\000Q\000u\000i\000t\000\040\000K\000l\000a\000s\000s\000e\000n\000r\000e\000f\000e\000r\000e\000n\000z}{section.3}% 48
\BOOKMARK [3][-]{subsubsection.3.21.1}{\376\377\000A\000u\000s\000f\000\374\000h\000r\000l\000i\000c\000h\000e\000\040\000B\000e\000s\000c\000h\000r\000e\000i\000b\000u\000n\000g}{subsection.3.21}% 49
\BOOKMARK [2][-]{subsection.3.22}{\376\377\000C\000o\000m\000O\000b\000j\000e\000c\000t\000s\000.\000C\000o\000m\000C\000r\000e\000a\000t\000e\000G\000a\000m\000e\000R\000e\000q\000u\000e\000s\000t\000\040\000K\000l\000a\000s\000s\000e\000n\000r\000e\000f\000e\000r\000e\000n\000z}{section.3}% 50
\BOOKMARK [3][-]{subsubsection.3.22.1}{\376\377\000A\000u\000s\000f\000\374\000h\000r\000l\000i\000c\000h\000e\000\040\000B\000e\000s\000c\000h\000r\000e\000i\000b\000u\000n\000g}{subsection.3.22}% 51
\BOOKMARK [3][-]{subsubsection.3.22.2}{\376\377\000B\000e\000s\000c\000h\000r\000e\000i\000b\000u\000n\000g\000\040\000d\000e\000r\000\040\000K\000o\000n\000s\000t\000r\000u\000k\000t\000o\000r\000e\000n\000\040\000u\000n\000d\000\040\000D\000e\000s\000t\000r\000u\000k\000t\000o\000r\000e\000n}{subsection.3.22}% 52
\BOOKMARK [3][-]{subsubsection.3.22.3}{\376\377\000D\000o\000k\000u\000m\000e\000n\000t\000a\000t\000i\000o\000n\000\040\000d\000e\000r\000\040\000E\000l\000e\000m\000e\000n\000t\000f\000u\000n\000k\000t\000i\000o\000n\000e\000n}{subsection.3.22}% 53
\BOOKMARK [2][-]{subsection.3.23}{\376\377\000C\000o\000m\000O\000b\000j\000e\000c\000t\000s\000.\000C\000o\000m\000I\000n\000i\000t\000G\000a\000m\000e\000L\000o\000b\000b\000y\000\040\000K\000l\000a\000s\000s\000e\000n\000r\000e\000f\000e\000r\000e\000n\000z}{section.3}% 54
\BOOKMARK [3][-]{subsubsection.3.23.1}{\376\377\000A\000u\000s\000f\000\374\000h\000r\000l\000i\000c\000h\000e\000\040\000B\000e\000s\000c\000h\000r\000e\000i\000b\000u\000n\000g}{subsection.3.23}% 55
\BOOKMARK [3][-]{subsubsection.3.23.2}{\376\377\000B\000e\000s\000c\000h\000r\000e\000i\000b\000u\000n\000g\000\040\000d\000e\000r\000\040\000K\000o\000n\000s\000t\000r\000u\000k\000t\000o\000r\000e\000n\000\040\000u\000n\000d\000\040\000D\000e\000s\000t\000r\000u\000k\000t\000o\000r\000e\000n}{subsection.3.23}% 56
\BOOKMARK [3][-]{subsubsection.3.23.3}{\376\377\000D\000o\000k\000u\000m\000e\000n\000t\000a\000t\000i\000o\000n\000\040\000d\000e\000r\000\040\000E\000l\000e\000m\000e\000n\000t\000f\000u\000n\000k\000t\000i\000o\000n\000e\000n}{subsection.3.23}% 57
\BOOKMARK [2][-]{subsection.3.24}{\376\377\000C\000o\000m\000O\000b\000j\000e\000c\000t\000s\000.\000C\000o\000m\000I\000n\000i\000t\000L\000o\000b\000b\000y\000\040\000K\000l\000a\000s\000s\000e\000n\000r\000e\000f\000e\000r\000e\000n\000z}{section.3}% 58
\BOOKMARK [3][-]{subsubsection.3.24.1}{\376\377\000A\000u\000s\000f\000\374\000h\000r\000l\000i\000c\000h\000e\000\040\000B\000e\000s\000c\000h\000r\000e\000i\000b\000u\000n\000g}{subsection.3.24}% 59
\BOOKMARK [3][-]{subsubsection.3.24.2}{\376\377\000B\000e\000s\000c\000h\000r\000e\000i\000b\000u\000n\000g\000\040\000d\000e\000r\000\040\000K\000o\000n\000s\000t\000r\000u\000k\000t\000o\000r\000e\000n\000\040\000u\000n\000d\000\040\000D\000e\000s\000t\000r\000u\000k\000t\000o\000r\000e\000n}{subsection.3.24}% 60
\BOOKMARK [3][-]{subsubsection.3.24.3}{\376\377\000D\000o\000k\000u\000m\000e\000n\000t\000a\000t\000i\000o\000n\000\040\000d\000e\000r\000\040\000E\000l\000e\000m\000e\000n\000t\000f\000u\000n\000k\000t\000i\000o\000n\000e\000n}{subsection.3.24}% 61
\BOOKMARK [2][-]{subsection.3.25}{\376\377\000C\000o\000m\000O\000b\000j\000e\000c\000t\000s\000.\000C\000o\000m\000J\000o\000i\000n\000R\000e\000q\000u\000e\000s\000t\000\040\000K\000l\000a\000s\000s\000e\000n\000r\000e\000f\000e\000r\000e\000n\000z}{section.3}% 62
\BOOKMARK [3][-]{subsubsection.3.25.1}{\376\377\000A\000u\000s\000f\000\374\000h\000r\000l\000i\000c\000h\000e\000\040\000B\000e\000s\000c\000h\000r\000e\000i\000b\000u\000n\000g}{subsection.3.25}% 63
\BOOKMARK [3][-]{subsubsection.3.25.2}{\376\377\000B\000e\000s\000c\000h\000r\000e\000i\000b\000u\000n\000g\000\040\000d\000e\000r\000\040\000K\000o\000n\000s\000t\000r\000u\000k\000t\000o\000r\000e\000n\000\040\000u\000n\000d\000\040\000D\000e\000s\000t\000r\000u\000k\000t\000o\000r\000e\000n}{subsection.3.25}% 64
\BOOKMARK [3][-]{subsubsection.3.25.3}{\376\377\000D\000o\000k\000u\000m\000e\000n\000t\000a\000t\000i\000o\000n\000\040\000d\000e\000r\000\040\000E\000l\000e\000m\000e\000n\000t\000f\000u\000n\000k\000t\000i\000o\000n\000e\000n}{subsection.3.25}% 65
\BOOKMARK [2][-]{subsection.3.26}{\376\377\000C\000o\000m\000O\000b\000j\000e\000c\000t\000s\000.\000C\000o\000m\000K\000i\000c\000k\000P\000l\000a\000y\000e\000r\000R\000e\000q\000u\000e\000s\000t\000\040\000K\000l\000a\000s\000s\000e\000n\000r\000e\000f\000e\000r\000e\000n\000z}{section.3}% 66
\BOOKMARK [3][-]{subsubsection.3.26.1}{\376\377\000A\000u\000s\000f\000\374\000h\000r\000l\000i\000c\000h\000e\000\040\000B\000e\000s\000c\000h\000r\000e\000i\000b\000u\000n\000g}{subsection.3.26}% 67
\BOOKMARK [3][-]{subsubsection.3.26.2}{\376\377\000B\000e\000s\000c\000h\000r\000e\000i\000b\000u\000n\000g\000\040\000d\000e\000r\000\040\000K\000o\000n\000s\000t\000r\000u\000k\000t\000o\000r\000e\000n\000\040\000u\000n\000d\000\040\000D\000e\000s\000t\000r\000u\000k\000t\000o\000r\000e\000n}{subsection.3.26}% 68
\BOOKMARK [3][-]{subsubsection.3.26.3}{\376\377\000D\000o\000k\000u\000m\000e\000n\000t\000a\000t\000i\000o\000n\000\040\000d\000e\000r\000\040\000E\000l\000e\000m\000e\000n\000t\000f\000u\000n\000k\000t\000i\000o\000n\000e\000n}{subsection.3.26}% 69
\BOOKMARK [2][-]{subsection.3.27}{\376\377\000C\000o\000m\000O\000b\000j\000e\000c\000t\000s\000.\000C\000o\000m\000L\000o\000b\000b\000y\000U\000p\000d\000a\000t\000e\000G\000a\000m\000e\000l\000i\000s\000t\000\040\000K\000l\000a\000s\000s\000e\000n\000r\000e\000f\000e\000r\000e\000n\000z}{section.3}% 70
\BOOKMARK [3][-]{subsubsection.3.27.1}{\376\377\000A\000u\000s\000f\000\374\000h\000r\000l\000i\000c\000h\000e\000\040\000B\000e\000s\000c\000h\000r\000e\000i\000b\000u\000n\000g}{subsection.3.27}% 71
\BOOKMARK [3][-]{subsubsection.3.27.2}{\376\377\000B\000e\000s\000c\000h\000r\000e\000i\000b\000u\000n\000g\000\040\000d\000e\000r\000\040\000K\000o\000n\000s\000t\000r\000u\000k\000t\000o\000r\000e\000n\000\040\000u\000n\000d\000\040\000D\000e\000s\000t\000r\000u\000k\000t\000o\000r\000e\000n}{subsection.3.27}% 72
\BOOKMARK [3][-]{subsubsection.3.27.3}{\376\377\000D\000o\000k\000u\000m\000e\000n\000t\000a\000t\000i\000o\000n\000\040\000d\000e\000r\000\040\000E\000l\000e\000m\000e\000n\000t\000f\000u\000n\000k\000t\000i\000o\000n\000e\000n}{subsection.3.27}% 73
\BOOKMARK [2][-]{subsection.3.28}{\376\377\000C\000o\000m\000O\000b\000j\000e\000c\000t\000s\000.\000C\000o\000m\000L\000o\000g\000i\000n\000R\000e\000q\000u\000e\000s\000t\000\040\000K\000l\000a\000s\000s\000e\000n\000r\000e\000f\000e\000r\000e\000n\000z}{section.3}% 74
\BOOKMARK [3][-]{subsubsection.3.28.1}{\376\377\000A\000u\000s\000f\000\374\000h\000r\000l\000i\000c\000h\000e\000\040\000B\000e\000s\000c\000h\000r\000e\000i\000b\000u\000n\000g}{subsection.3.28}% 75
\BOOKMARK [3][-]{subsubsection.3.28.2}{\376\377\000B\000e\000s\000c\000h\000r\000e\000i\000b\000u\000n\000g\000\040\000d\000e\000r\000\040\000K\000o\000n\000s\000t\000r\000u\000k\000t\000o\000r\000e\000n\000\040\000u\000n\000d\000\040\000D\000e\000s\000t\000r\000u\000k\000t\000o\000r\000e\000n}{subsection.3.28}% 76
\BOOKMARK [3][-]{subsubsection.3.28.3}{\376\377\000D\000o\000k\000u\000m\000e\000n\000t\000a\000t\000i\000o\000n\000\040\000d\000e\000r\000\040\000E\000l\000e\000m\000e\000n\000t\000f\000u\000n\000k\000t\000i\000o\000n\000e\000n}{subsection.3.28}% 77
\BOOKMARK [2][-]{subsection.3.29}{\376\377\000C\000o\000m\000O\000b\000j\000e\000c\000t\000s\000.\000C\000o\000m\000O\000b\000j\000e\000c\000t\000\040\000K\000l\000a\000s\000s\000e\000n\000r\000e\000f\000e\000r\000e\000n\000z}{section.3}% 78
\BOOKMARK [2][-]{subsection.3.30}{\376\377\000C\000o\000m\000O\000b\000j\000e\000c\000t\000s\000.\000C\000o\000m\000R\000u\000l\000e\000s\000e\000t\000\040\000K\000l\000a\000s\000s\000e\000n\000r\000e\000f\000e\000r\000e\000n\000z}{section.3}% 79
\BOOKMARK [3][-]{subsubsection.3.30.1}{\376\377\000A\000u\000s\000f\000\374\000h\000r\000l\000i\000c\000h\000e\000\040\000B\000e\000s\000c\000h\000r\000e\000i\000b\000u\000n\000g}{subsection.3.30}% 80
\BOOKMARK [3][-]{subsubsection.3.30.2}{\376\377\000B\000e\000s\000c\000h\000r\000e\000i\000b\000u\000n\000g\000\040\000d\000e\000r\000\040\000K\000o\000n\000s\000t\000r\000u\000k\000t\000o\000r\000e\000n\000\040\000u\000n\000d\000\040\000D\000e\000s\000t\000r\000u\000k\000t\000o\000r\000e\000n}{subsection.3.30}% 81
\BOOKMARK [3][-]{subsubsection.3.30.3}{\376\377\000D\000o\000k\000u\000m\000e\000n\000t\000a\000t\000i\000o\000n\000\040\000d\000e\000r\000\040\000E\000l\000e\000m\000e\000n\000t\000f\000u\000n\000k\000t\000i\000o\000n\000e\000n}{subsection.3.30}% 82
\BOOKMARK [2][-]{subsection.3.31}{\376\377\000C\000o\000m\000O\000b\000j\000e\000c\000t\000s\000.\000C\000o\000m\000S\000e\000r\000v\000e\000r\000A\000c\000k\000n\000o\000w\000l\000e\000d\000g\000e\000m\000e\000n\000t\000\040\000K\000l\000a\000s\000s\000e\000n\000r\000e\000f\000e\000r\000e\000n\000z}{section.3}% 83
\BOOKMARK [2][-]{subsection.3.32}{\376\377\000C\000o\000m\000O\000b\000j\000e\000c\000t\000s\000.\000C\000o\000m\000S\000t\000a\000r\000t\000G\000a\000m\000e\000\040\000K\000l\000a\000s\000s\000e\000n\000r\000e\000f\000e\000r\000e\000n\000z}{section.3}% 84
\BOOKMARK [3][-]{subsubsection.3.32.1}{\376\377\000A\000u\000s\000f\000\374\000h\000r\000l\000i\000c\000h\000e\000\040\000B\000e\000s\000c\000h\000r\000e\000i\000b\000u\000n\000g}{subsection.3.32}% 85
\BOOKMARK [2][-]{subsection.3.33}{\376\377\000C\000o\000m\000O\000b\000j\000e\000c\000t\000s\000.\000C\000o\000m\000U\000p\000d\000a\000t\000e\000P\000l\000a\000y\000e\000r\000l\000i\000s\000t\000\040\000K\000l\000a\000s\000s\000e\000n\000r\000e\000f\000e\000r\000e\000n\000z}{section.3}% 86
\BOOKMARK [3][-]{subsubsection.3.33.1}{\376\377\000A\000u\000s\000f\000\374\000h\000r\000l\000i\000c\000h\000e\000\040\000B\000e\000s\000c\000h\000r\000e\000i\000b\000u\000n\000g}{subsection.3.33}% 87
\BOOKMARK [3][-]{subsubsection.3.33.2}{\376\377\000B\000e\000s\000c\000h\000r\000e\000i\000b\000u\000n\000g\000\040\000d\000e\000r\000\040\000K\000o\000n\000s\000t\000r\000u\000k\000t\000o\000r\000e\000n\000\040\000u\000n\000d\000\040\000D\000e\000s\000t\000r\000u\000k\000t\000o\000r\000e\000n}{subsection.3.33}% 88
\BOOKMARK [3][-]{subsubsection.3.33.3}{\376\377\000D\000o\000k\000u\000m\000e\000n\000t\000a\000t\000i\000o\000n\000\040\000d\000e\000r\000\040\000E\000l\000e\000m\000e\000n\000t\000f\000u\000n\000k\000t\000i\000o\000n\000e\000n}{subsection.3.33}% 89
\BOOKMARK [2][-]{subsection.3.34}{\376\377\000C\000o\000m\000O\000b\000j\000e\000c\000t\000s\000.\000C\000o\000m\000W\000a\000r\000n\000i\000n\000g\000\040\000K\000l\000a\000s\000s\000e\000n\000r\000e\000f\000e\000r\000e\000n\000z}{section.3}% 90
\BOOKMARK [3][-]{subsubsection.3.34.1}{\376\377\000A\000u\000s\000f\000\374\000h\000r\000l\000i\000c\000h\000e\000\040\000B\000e\000s\000c\000h\000r\000e\000i\000b\000u\000n\000g}{subsection.3.34}% 91
\BOOKMARK [3][-]{subsubsection.3.34.2}{\376\377\000B\000e\000s\000c\000h\000r\000e\000i\000b\000u\000n\000g\000\040\000d\000e\000r\000\040\000K\000o\000n\000s\000t\000r\000u\000k\000t\000o\000r\000e\000n\000\040\000u\000n\000d\000\040\000D\000e\000s\000t\000r\000u\000k\000t\000o\000r\000e\000n}{subsection.3.34}% 92
\BOOKMARK [3][-]{subsubsection.3.34.3}{\376\377\000D\000o\000k\000u\000m\000e\000n\000t\000a\000t\000i\000o\000n\000\040\000d\000e\000r\000\040\000E\000l\000e\000m\000e\000n\000t\000f\000u\000n\000k\000t\000i\000o\000n\000e\000n}{subsection.3.34}% 93
\BOOKMARK [2][-]{subsection.3.35}{\376\377\000C\000l\000i\000e\000n\000t\000.\000V\000i\000e\000w\000.\000C\000r\000e\000a\000t\000e\000G\000a\000m\000e\000\040\000K\000l\000a\000s\000s\000e\000n\000r\000e\000f\000e\000r\000e\000n\000z}{section.3}% 94
\BOOKMARK [3][-]{subsubsection.3.35.1}{\376\377\000A\000u\000s\000f\000\374\000h\000r\000l\000i\000c\000h\000e\000\040\000B\000e\000s\000c\000h\000r\000e\000i\000b\000u\000n\000g}{subsection.3.35}% 95
\BOOKMARK [3][-]{subsubsection.3.35.2}{\376\377\000B\000e\000s\000c\000h\000r\000e\000i\000b\000u\000n\000g\000\040\000d\000e\000r\000\040\000K\000o\000n\000s\000t\000r\000u\000k\000t\000o\000r\000e\000n\000\040\000u\000n\000d\000\040\000D\000e\000s\000t\000r\000u\000k\000t\000o\000r\000e\000n}{subsection.3.35}% 96
\BOOKMARK [3][-]{subsubsection.3.35.3}{\376\377\000D\000o\000k\000u\000m\000e\000n\000t\000a\000t\000i\000o\000n\000\040\000d\000e\000r\000\040\000E\000l\000e\000m\000e\000n\000t\000f\000u\000n\000k\000t\000i\000o\000n\000e\000n}{subsection.3.35}% 97
\BOOKMARK [2][-]{subsection.3.36}{\376\377\000C\000l\000i\000e\000n\000t\000.\000V\000i\000e\000w\000.\000D\000i\000s\000c\000a\000r\000d\000P\000i\000l\000e\000\040\000K\000l\000a\000s\000s\000e\000n\000r\000e\000f\000e\000r\000e\000n\000z}{section.3}% 98
\BOOKMARK [3][-]{subsubsection.3.36.1}{\376\377\000A\000u\000s\000f\000\374\000h\000r\000l\000i\000c\000h\000e\000\040\000B\000e\000s\000c\000h\000r\000e\000i\000b\000u\000n\000g}{subsection.3.36}% 99
\BOOKMARK [2][-]{subsection.3.37}{\376\377\000C\000l\000i\000e\000n\000t\000.\000V\000i\000e\000w\000.\000D\000r\000a\000w\000D\000e\000c\000k\000\040\000K\000l\000a\000s\000s\000e\000n\000r\000e\000f\000e\000r\000e\000n\000z}{section.3}% 100
\BOOKMARK [3][-]{subsubsection.3.37.1}{\376\377\000A\000u\000s\000f\000\374\000h\000r\000l\000i\000c\000h\000e\000\040\000B\000e\000s\000c\000h\000r\000e\000i\000b\000u\000n\000g}{subsection.3.37}% 101
\BOOKMARK [2][-]{subsection.3.38}{\376\377\000C\000l\000i\000e\000n\000t\000.\000V\000i\000e\000w\000.\000G\000a\000m\000e\000\040\000K\000l\000a\000s\000s\000e\000n\000r\000e\000f\000e\000r\000e\000n\000z}{section.3}% 102
\BOOKMARK [3][-]{subsubsection.3.38.1}{\376\377\000A\000u\000s\000f\000\374\000h\000r\000l\000i\000c\000h\000e\000\040\000B\000e\000s\000c\000h\000r\000e\000i\000b\000u\000n\000g}{subsection.3.38}% 103
\BOOKMARK [3][-]{subsubsection.3.38.2}{\376\377\000B\000e\000s\000c\000h\000r\000e\000i\000b\000u\000n\000g\000\040\000d\000e\000r\000\040\000K\000o\000n\000s\000t\000r\000u\000k\000t\000o\000r\000e\000n\000\040\000u\000n\000d\000\040\000D\000e\000s\000t\000r\000u\000k\000t\000o\000r\000e\000n}{subsection.3.38}% 104
\BOOKMARK [3][-]{subsubsection.3.38.3}{\376\377\000D\000o\000k\000u\000m\000e\000n\000t\000a\000t\000i\000o\000n\000\040\000d\000e\000r\000\040\000E\000l\000e\000m\000e\000n\000t\000f\000u\000n\000k\000t\000i\000o\000n\000e\000n}{subsection.3.38}% 105
\BOOKMARK [2][-]{subsection.3.39}{\376\377\000R\000u\000l\000e\000s\000e\000t\000.\000G\000a\000m\000e\000C\000l\000i\000e\000n\000t\000U\000p\000d\000a\000t\000e\000\040\000K\000l\000a\000s\000s\000e\000n\000r\000e\000f\000e\000r\000e\000n\000z}{section.3}% 106
\BOOKMARK [3][-]{subsubsection.3.39.1}{\376\377\000A\000u\000s\000f\000\374\000h\000r\000l\000i\000c\000h\000e\000\040\000B\000e\000s\000c\000h\000r\000e\000i\000b\000u\000n\000g}{subsection.3.39}% 107
\BOOKMARK [3][-]{subsubsection.3.39.2}{\376\377\000D\000o\000k\000u\000m\000e\000n\000t\000a\000t\000i\000o\000n\000\040\000d\000e\000r\000\040\000E\000l\000e\000m\000e\000n\000t\000f\000u\000n\000k\000t\000i\000o\000n\000e\000n}{subsection.3.39}% 108
\BOOKMARK [2][-]{subsection.3.40}{\376\377\000C\000l\000i\000e\000n\000t\000.\000V\000i\000e\000w\000.\000G\000a\000m\000e\000L\000o\000b\000b\000y\000\040\000K\000l\000a\000s\000s\000e\000n\000r\000e\000f\000e\000r\000e\000n\000z}{section.3}% 109
\BOOKMARK [3][-]{subsubsection.3.40.1}{\376\377\000A\000u\000s\000f\000\374\000h\000r\000l\000i\000c\000h\000e\000\040\000B\000e\000s\000c\000h\000r\000e\000i\000b\000u\000n\000g}{subsection.3.40}% 110
\BOOKMARK [3][-]{subsubsection.3.40.2}{\376\377\000D\000o\000k\000u\000m\000e\000n\000t\000a\000t\000i\000o\000n\000\040\000d\000e\000r\000\040\000E\000l\000e\000m\000e\000n\000t\000f\000u\000n\000k\000t\000i\000o\000n\000e\000n}{subsection.3.40}% 111
\BOOKMARK [2][-]{subsection.3.41}{\376\377\000C\000l\000i\000e\000n\000t\000.\000V\000i\000e\000w\000.\000G\000a\000m\000e\000P\000a\000n\000e\000l\000\040\000K\000l\000a\000s\000s\000e\000n\000r\000e\000f\000e\000r\000e\000n\000z}{section.3}% 112
\BOOKMARK [3][-]{subsubsection.3.41.1}{\376\377\000A\000u\000s\000f\000\374\000h\000r\000l\000i\000c\000h\000e\000\040\000B\000e\000s\000c\000h\000r\000e\000i\000b\000u\000n\000g}{subsection.3.41}% 113
\BOOKMARK [2][-]{subsection.3.42}{\376\377\000R\000u\000l\000e\000s\000e\000t\000.\000G\000a\000m\000e\000P\000h\000a\000s\000e\000\040\000E\000n\000u\000m\000-\000R\000e\000f\000e\000r\000e\000n\000z}{section.3}% 114
\BOOKMARK [2][-]{subsection.3.43}{\376\377\000S\000e\000r\000v\000e\000r\000.\000G\000a\000m\000e\000S\000e\000r\000v\000e\000r\000\040\000K\000l\000a\000s\000s\000e\000n\000r\000e\000f\000e\000r\000e\000n\000z}{section.3}% 115
\BOOKMARK [3][-]{subsubsection.3.43.1}{\376\377\000A\000u\000s\000f\000\374\000h\000r\000l\000i\000c\000h\000e\000\040\000B\000e\000s\000c\000h\000r\000e\000i\000b\000u\000n\000g}{subsection.3.43}% 116
\BOOKMARK [3][-]{subsubsection.3.43.2}{\376\377\000B\000e\000s\000c\000h\000r\000e\000i\000b\000u\000n\000g\000\040\000d\000e\000r\000\040\000K\000o\000n\000s\000t\000r\000u\000k\000t\000o\000r\000e\000n\000\040\000u\000n\000d\000\040\000D\000e\000s\000t\000r\000u\000k\000t\000o\000r\000e\000n}{subsection.3.43}% 117
\BOOKMARK [3][-]{subsubsection.3.43.3}{\376\377\000D\000o\000k\000u\000m\000e\000n\000t\000a\000t\000i\000o\000n\000\040\000d\000e\000r\000\040\000E\000l\000e\000m\000e\000n\000t\000f\000u\000n\000k\000t\000i\000o\000n\000e\000n}{subsection.3.43}% 118
\BOOKMARK [2][-]{subsection.3.44}{\376\377\000S\000e\000r\000v\000e\000r\000.\000G\000a\000m\000e\000S\000e\000r\000v\000e\000r\000R\000e\000p\000r\000e\000s\000e\000n\000t\000a\000t\000i\000o\000n\000\040\000K\000l\000a\000s\000s\000e\000n\000r\000e\000f\000e\000r\000e\000n\000z}{section.3}% 119
\BOOKMARK [3][-]{subsubsection.3.44.1}{\376\377\000A\000u\000s\000f\000\374\000h\000r\000l\000i\000c\000h\000e\000\040\000B\000e\000s\000c\000h\000r\000e\000i\000b\000u\000n\000g}{subsection.3.44}% 120
\BOOKMARK [3][-]{subsubsection.3.44.2}{\376\377\000B\000e\000s\000c\000h\000r\000e\000i\000b\000u\000n\000g\000\040\000d\000e\000r\000\040\000K\000o\000n\000s\000t\000r\000u\000k\000t\000o\000r\000e\000n\000\040\000u\000n\000d\000\040\000D\000e\000s\000t\000r\000u\000k\000t\000o\000r\000e\000n}{subsection.3.44}% 121
\BOOKMARK [2][-]{subsection.3.45}{\376\377\000R\000u\000l\000e\000s\000e\000t\000.\000G\000a\000m\000e\000S\000t\000a\000t\000e\000\040\000K\000l\000a\000s\000s\000e\000n\000r\000e\000f\000e\000r\000e\000n\000z}{section.3}% 122
\BOOKMARK [3][-]{subsubsection.3.45.1}{\376\377\000A\000u\000s\000f\000\374\000h\000r\000l\000i\000c\000h\000e\000\040\000B\000e\000s\000c\000h\000r\000e\000i\000b\000u\000n\000g}{subsection.3.45}% 123
\BOOKMARK [3][-]{subsubsection.3.45.2}{\376\377\000D\000o\000k\000u\000m\000e\000n\000t\000a\000t\000i\000o\000n\000\040\000d\000e\000r\000\040\000E\000l\000e\000m\000e\000n\000t\000f\000u\000n\000k\000t\000i\000o\000n\000e\000n}{subsection.3.45}% 124
\BOOKMARK [2][-]{subsection.3.46}{\376\377\000R\000u\000l\000e\000s\000e\000t\000.\000H\000e\000a\000r\000t\000h\000s\000D\000e\000c\000k\000\040\000K\000l\000a\000s\000s\000e\000n\000r\000e\000f\000e\000r\000e\000n\000z}{section.3}% 125
\BOOKMARK [2][-]{subsection.3.47}{\376\377\000R\000u\000l\000e\000s\000e\000t\000.\000H\000e\000a\000r\000t\000s\000C\000a\000r\000d\000\040\000K\000l\000a\000s\000s\000e\000n\000r\000e\000f\000e\000r\000e\000n\000z}{section.3}% 126
\BOOKMARK [3][-]{subsubsection.3.47.1}{\376\377\000D\000o\000k\000u\000m\000e\000n\000t\000a\000t\000i\000o\000n\000\040\000d\000e\000r\000\040\000E\000l\000e\000m\000e\000n\000t\000f\000u\000n\000k\000t\000i\000o\000n\000e\000n}{subsection.3.47}% 127
\BOOKMARK [2][-]{subsection.3.48}{\376\377\000C\000l\000i\000e\000n\000t\000.\000V\000i\000e\000w\000.\000H\000e\000a\000r\000t\000s\000C\000a\000r\000d\000\040\000K\000l\000a\000s\000s\000e\000n\000r\000e\000f\000e\000r\000e\000n\000z}{section.3}% 128
\BOOKMARK [3][-]{subsubsection.3.48.1}{\376\377\000A\000u\000s\000f\000\374\000h\000r\000l\000i\000c\000h\000e\000\040\000B\000e\000s\000c\000h\000r\000e\000i\000b\000u\000n\000g}{subsection.3.48}% 129
\BOOKMARK [3][-]{subsubsection.3.48.2}{\376\377\000B\000e\000s\000c\000h\000r\000e\000i\000b\000u\000n\000g\000\040\000d\000e\000r\000\040\000K\000o\000n\000s\000t\000r\000u\000k\000t\000o\000r\000e\000n\000\040\000u\000n\000d\000\040\000D\000e\000s\000t\000r\000u\000k\000t\000o\000r\000e\000n}{subsection.3.48}% 130
\BOOKMARK [3][-]{subsubsection.3.48.3}{\376\377\000D\000o\000k\000u\000m\000e\000n\000t\000a\000t\000i\000o\000n\000\040\000d\000e\000r\000\040\000E\000l\000e\000m\000e\000n\000t\000f\000u\000n\000k\000t\000i\000o\000n\000e\000n}{subsection.3.48}% 131
\BOOKMARK [2][-]{subsection.3.49}{\376\377\000R\000u\000l\000e\000s\000e\000t\000.\000H\000e\000a\000r\000t\000s\000D\000a\000t\000a\000\040\000K\000l\000a\000s\000s\000e\000n\000r\000e\000f\000e\000r\000e\000n\000z}{section.3}% 132
\BOOKMARK [3][-]{subsubsection.3.49.1}{\376\377\000D\000o\000k\000u\000m\000e\000n\000t\000a\000t\000i\000o\000n\000\040\000d\000e\000r\000\040\000E\000l\000e\000m\000e\000n\000t\000f\000u\000n\000k\000t\000i\000o\000n\000e\000n}{subsection.3.49}% 133
\BOOKMARK [2][-]{subsection.3.50}{\376\377\000R\000u\000l\000e\000s\000e\000t\000.\000H\000e\000a\000r\000t\000s\000I\000D\000\040\000E\000n\000u\000m\000-\000R\000e\000f\000e\000r\000e\000n\000z}{section.3}% 134
\BOOKMARK [2][-]{subsection.3.51}{\376\377\000C\000l\000i\000e\000n\000t\000.\000V\000i\000e\000w\000.\000I\000n\000p\000u\000t\000N\000u\000m\000b\000e\000r\000\040\000K\000l\000a\000s\000s\000e\000n\000r\000e\000f\000e\000r\000e\000n\000z}{section.3}% 135
\BOOKMARK [3][-]{subsubsection.3.51.1}{\376\377\000A\000u\000s\000f\000\374\000h\000r\000l\000i\000c\000h\000e\000\040\000B\000e\000s\000c\000h\000r\000e\000i\000b\000u\000n\000g}{subsection.3.51}% 136
\BOOKMARK [3][-]{subsubsection.3.51.2}{\376\377\000D\000o\000k\000u\000m\000e\000n\000t\000a\000t\000i\000o\000n\000\040\000d\000e\000r\000\040\000E\000l\000e\000m\000e\000n\000t\000f\000u\000n\000k\000t\000i\000o\000n\000e\000n}{subsection.3.51}% 137
\BOOKMARK [2][-]{subsection.3.52}{\376\377\000C\000l\000i\000e\000n\000t\000.\000V\000i\000e\000w\000.\000L\000a\000n\000g\000u\000a\000g\000e\000\040\000E\000n\000u\000m\000-\000R\000e\000f\000e\000r\000e\000n\000z}{section.3}% 138
\BOOKMARK [3][-]{subsubsection.3.52.1}{\376\377\000A\000u\000s\000f\000\374\000h\000r\000l\000i\000c\000h\000e\000\040\000B\000e\000s\000c\000h\000r\000e\000i\000b\000u\000n\000g}{subsection.3.52}% 139
\BOOKMARK [2][-]{subsection.3.53}{\376\377\000C\000l\000i\000e\000n\000t\000.\000V\000i\000e\000w\000.\000L\000o\000b\000b\000y\000\040\000K\000l\000a\000s\000s\000e\000n\000r\000e\000f\000e\000r\000e\000n\000z}{section.3}% 140
\BOOKMARK [3][-]{subsubsection.3.53.1}{\376\377\000A\000u\000s\000f\000\374\000h\000r\000l\000i\000c\000h\000e\000\040\000B\000e\000s\000c\000h\000r\000e\000i\000b\000u\000n\000g}{subsection.3.53}% 141
\BOOKMARK [3][-]{subsubsection.3.53.2}{\376\377\000D\000o\000k\000u\000m\000e\000n\000t\000a\000t\000i\000o\000n\000\040\000d\000e\000r\000\040\000E\000l\000e\000m\000e\000n\000t\000f\000u\000n\000k\000t\000i\000o\000n\000e\000n}{subsection.3.53}% 142
\BOOKMARK [2][-]{subsection.3.54}{\376\377\000S\000e\000r\000v\000e\000r\000.\000L\000o\000b\000b\000y\000S\000e\000r\000v\000e\000r\000\040\000K\000l\000a\000s\000s\000e\000n\000r\000e\000f\000e\000r\000e\000n\000z}{section.3}% 143
\BOOKMARK [3][-]{subsubsection.3.54.1}{\376\377\000A\000u\000s\000f\000\374\000h\000r\000l\000i\000c\000h\000e\000\040\000B\000e\000s\000c\000h\000r\000e\000i\000b\000u\000n\000g}{subsection.3.54}% 144
\BOOKMARK [3][-]{subsubsection.3.54.2}{\376\377\000D\000o\000k\000u\000m\000e\000n\000t\000a\000t\000i\000o\000n\000\040\000d\000e\000r\000\040\000E\000l\000e\000m\000e\000n\000t\000f\000u\000n\000k\000t\000i\000o\000n\000e\000n}{subsection.3.54}% 145
\BOOKMARK [2][-]{subsection.3.55}{\376\377\000C\000l\000i\000e\000n\000t\000.\000V\000i\000e\000w\000.\000L\000o\000g\000i\000n\000\040\000K\000l\000a\000s\000s\000e\000n\000r\000e\000f\000e\000r\000e\000n\000z}{section.3}% 146
\BOOKMARK [3][-]{subsubsection.3.55.1}{\376\377\000A\000u\000s\000f\000\374\000h\000r\000l\000i\000c\000h\000e\000\040\000B\000e\000s\000c\000h\000r\000e\000i\000b\000u\000n\000g}{subsection.3.55}% 147
\BOOKMARK [3][-]{subsubsection.3.55.2}{\376\377\000D\000o\000k\000u\000m\000e\000n\000t\000a\000t\000i\000o\000n\000\040\000d\000e\000r\000\040\000E\000l\000e\000m\000e\000n\000t\000f\000u\000n\000k\000t\000i\000o\000n\000e\000n}{subsection.3.55}% 148
\BOOKMARK [2][-]{subsection.3.56}{\376\377\000C\000l\000i\000e\000n\000t\000.\000M\000e\000s\000s\000a\000g\000e\000L\000i\000s\000t\000e\000n\000e\000r\000T\000h\000r\000e\000a\000d\000\040\000K\000l\000a\000s\000s\000e\000n\000r\000e\000f\000e\000r\000e\000n\000z}{section.3}% 149
\BOOKMARK [2][-]{subsection.3.57}{\376\377\000C\000o\000m\000O\000b\000j\000e\000c\000t\000s\000.\000M\000s\000g\000C\000a\000r\000d\000\040\000K\000l\000a\000s\000s\000e\000n\000r\000e\000f\000e\000r\000e\000n\000z}{section.3}% 150
\BOOKMARK [3][-]{subsubsection.3.57.1}{\376\377\000A\000u\000s\000f\000\374\000h\000r\000l\000i\000c\000h\000e\000\040\000B\000e\000s\000c\000h\000r\000e\000i\000b\000u\000n\000g}{subsection.3.57}% 151
\BOOKMARK [3][-]{subsubsection.3.57.2}{\376\377\000B\000e\000s\000c\000h\000r\000e\000i\000b\000u\000n\000g\000\040\000d\000e\000r\000\040\000K\000o\000n\000s\000t\000r\000u\000k\000t\000o\000r\000e\000n\000\040\000u\000n\000d\000\040\000D\000e\000s\000t\000r\000u\000k\000t\000o\000r\000e\000n}{subsection.3.57}% 152
\BOOKMARK [3][-]{subsubsection.3.57.3}{\376\377\000D\000o\000k\000u\000m\000e\000n\000t\000a\000t\000i\000o\000n\000\040\000d\000e\000r\000\040\000E\000l\000e\000m\000e\000n\000t\000f\000u\000n\000k\000t\000i\000o\000n\000e\000n}{subsection.3.57}% 153
\BOOKMARK [2][-]{subsection.3.58}{\376\377\000C\000o\000m\000O\000b\000j\000e\000c\000t\000s\000.\000M\000s\000g\000C\000a\000r\000d\000R\000e\000q\000u\000e\000s\000t\000\040\000K\000l\000a\000s\000s\000e\000n\000r\000e\000f\000e\000r\000e\000n\000z}{section.3}% 154
\BOOKMARK [3][-]{subsubsection.3.58.1}{\376\377\000A\000u\000s\000f\000\374\000h\000r\000l\000i\000c\000h\000e\000\040\000B\000e\000s\000c\000h\000r\000e\000i\000b\000u\000n\000g}{subsection.3.58}% 155
\BOOKMARK [2][-]{subsection.3.59}{\376\377\000C\000o\000m\000O\000b\000j\000e\000c\000t\000s\000.\000M\000s\000g\000G\000a\000m\000e\000E\000n\000d\000\040\000K\000l\000a\000s\000s\000e\000n\000r\000e\000f\000e\000r\000e\000n\000z}{section.3}% 156
\BOOKMARK [3][-]{subsubsection.3.59.1}{\376\377\000A\000u\000s\000f\000\374\000h\000r\000l\000i\000c\000h\000e\000\040\000B\000e\000s\000c\000h\000r\000e\000i\000b\000u\000n\000g}{subsection.3.59}% 157
\BOOKMARK [2][-]{subsection.3.60}{\376\377\000C\000o\000m\000O\000b\000j\000e\000c\000t\000s\000.\000M\000s\000g\000M\000u\000l\000t\000i\000C\000a\000r\000d\000s\000\040\000K\000l\000a\000s\000s\000e\000n\000r\000e\000f\000e\000r\000e\000n\000z}{section.3}% 158
\BOOKMARK [3][-]{subsubsection.3.60.1}{\376\377\000A\000u\000s\000f\000\374\000h\000r\000l\000i\000c\000h\000e\000\040\000B\000e\000s\000c\000h\000r\000e\000i\000b\000u\000n\000g}{subsection.3.60}% 159
\BOOKMARK [3][-]{subsubsection.3.60.2}{\376\377\000B\000e\000s\000c\000h\000r\000e\000i\000b\000u\000n\000g\000\040\000d\000e\000r\000\040\000K\000o\000n\000s\000t\000r\000u\000k\000t\000o\000r\000e\000n\000\040\000u\000n\000d\000\040\000D\000e\000s\000t\000r\000u\000k\000t\000o\000r\000e\000n}{subsection.3.60}% 160
\BOOKMARK [3][-]{subsubsection.3.60.3}{\376\377\000D\000o\000k\000u\000m\000e\000n\000t\000a\000t\000i\000o\000n\000\040\000d\000e\000r\000\040\000E\000l\000e\000m\000e\000n\000t\000f\000u\000n\000k\000t\000i\000o\000n\000e\000n}{subsection.3.60}% 161
\BOOKMARK [2][-]{subsection.3.61}{\376\377\000C\000o\000m\000O\000b\000j\000e\000c\000t\000s\000.\000M\000s\000g\000M\000u\000l\000t\000i\000C\000a\000r\000d\000s\000R\000e\000q\000u\000e\000s\000t\000\040\000K\000l\000a\000s\000s\000e\000n\000r\000e\000f\000e\000r\000e\000n\000z}{section.3}% 162
\BOOKMARK [3][-]{subsubsection.3.61.1}{\376\377\000D\000o\000k\000u\000m\000e\000n\000t\000a\000t\000i\000o\000n\000\040\000d\000e\000r\000\040\000E\000l\000e\000m\000e\000n\000t\000f\000u\000n\000k\000t\000i\000o\000n\000e\000n}{subsection.3.61}% 163
\BOOKMARK [2][-]{subsection.3.62}{\376\377\000C\000o\000m\000O\000b\000j\000e\000c\000t\000s\000.\000M\000s\000g\000M\000u\000l\000t\000i\000p\000l\000e\000C\000a\000r\000d\000s\000R\000e\000q\000u\000e\000s\000t\000\040\000K\000l\000a\000s\000s\000e\000n\000r\000e\000f\000e\000r\000e\000n\000z}{section.3}% 164
\BOOKMARK [2][-]{subsection.3.63}{\376\377\000C\000o\000m\000O\000b\000j\000e\000c\000t\000s\000.\000M\000s\000g\000N\000u\000m\000b\000e\000r\000\040\000K\000l\000a\000s\000s\000e\000n\000r\000e\000f\000e\000r\000e\000n\000z}{section.3}% 165
\BOOKMARK [3][-]{subsubsection.3.63.1}{\376\377\000A\000u\000s\000f\000\374\000h\000r\000l\000i\000c\000h\000e\000\040\000B\000e\000s\000c\000h\000r\000e\000i\000b\000u\000n\000g}{subsection.3.63}% 166
\BOOKMARK [3][-]{subsubsection.3.63.2}{\376\377\000B\000e\000s\000c\000h\000r\000e\000i\000b\000u\000n\000g\000\040\000d\000e\000r\000\040\000K\000o\000n\000s\000t\000r\000u\000k\000t\000o\000r\000e\000n\000\040\000u\000n\000d\000\040\000D\000e\000s\000t\000r\000u\000k\000t\000o\000r\000e\000n}{subsection.3.63}% 167
\BOOKMARK [3][-]{subsubsection.3.63.3}{\376\377\000D\000o\000k\000u\000m\000e\000n\000t\000a\000t\000i\000o\000n\000\040\000d\000e\000r\000\040\000E\000l\000e\000m\000e\000n\000t\000f\000u\000n\000k\000t\000i\000o\000n\000e\000n}{subsection.3.63}% 168
\BOOKMARK [2][-]{subsection.3.64}{\376\377\000C\000o\000m\000O\000b\000j\000e\000c\000t\000s\000.\000M\000s\000g\000N\000u\000m\000b\000e\000r\000R\000e\000q\000u\000e\000s\000t\000\040\000K\000l\000a\000s\000s\000e\000n\000r\000e\000f\000e\000r\000e\000n\000z}{section.3}% 169
\BOOKMARK [2][-]{subsection.3.65}{\376\377\000C\000o\000m\000O\000b\000j\000e\000c\000t\000s\000.\000M\000s\000g\000S\000e\000l\000e\000c\000t\000i\000o\000n\000\040\000K\000l\000a\000s\000s\000e\000n\000r\000e\000f\000e\000r\000e\000n\000z}{section.3}% 170
\BOOKMARK [3][-]{subsubsection.3.65.1}{\376\377\000A\000u\000s\000f\000\374\000h\000r\000l\000i\000c\000h\000e\000\040\000B\000e\000s\000c\000h\000r\000e\000i\000b\000u\000n\000g}{subsection.3.65}% 171
\BOOKMARK [3][-]{subsubsection.3.65.2}{\376\377\000B\000e\000s\000c\000h\000r\000e\000i\000b\000u\000n\000g\000\040\000d\000e\000r\000\040\000K\000o\000n\000s\000t\000r\000u\000k\000t\000o\000r\000e\000n\000\040\000u\000n\000d\000\040\000D\000e\000s\000t\000r\000u\000k\000t\000o\000r\000e\000n}{subsection.3.65}% 172
\BOOKMARK [3][-]{subsubsection.3.65.3}{\376\377\000D\000o\000k\000u\000m\000e\000n\000t\000a\000t\000i\000o\000n\000\040\000d\000e\000r\000\040\000E\000l\000e\000m\000e\000n\000t\000f\000u\000n\000k\000t\000i\000o\000n\000e\000n}{subsection.3.65}% 173
\BOOKMARK [2][-]{subsection.3.66}{\376\377\000C\000o\000m\000O\000b\000j\000e\000c\000t\000s\000.\000M\000s\000g\000S\000e\000l\000e\000c\000t\000i\000o\000n\000R\000e\000q\000u\000e\000s\000t\000\040\000K\000l\000a\000s\000s\000e\000n\000r\000e\000f\000e\000r\000e\000n\000z}{section.3}% 174
\BOOKMARK [3][-]{subsubsection.3.66.1}{\376\377\000A\000u\000s\000f\000\374\000h\000r\000l\000i\000c\000h\000e\000\040\000B\000e\000s\000c\000h\000r\000e\000i\000b\000u\000n\000g}{subsection.3.66}% 175
\BOOKMARK [2][-]{subsection.3.67}{\376\377\000C\000o\000m\000O\000b\000j\000e\000c\000t\000s\000.\000M\000s\000g\000U\000s\000e\000r\000\040\000K\000l\000a\000s\000s\000e\000n\000r\000e\000f\000e\000r\000e\000n\000z}{section.3}% 176
\BOOKMARK [3][-]{subsubsection.3.67.1}{\376\377\000A\000u\000s\000f\000\374\000h\000r\000l\000i\000c\000h\000e\000\040\000B\000e\000s\000c\000h\000r\000e\000i\000b\000u\000n\000g}{subsection.3.67}% 177
\BOOKMARK [3][-]{subsubsection.3.67.2}{\376\377\000B\000e\000s\000c\000h\000r\000e\000i\000b\000u\000n\000g\000\040\000d\000e\000r\000\040\000K\000o\000n\000s\000t\000r\000u\000k\000t\000o\000r\000e\000n\000\040\000u\000n\000d\000\040\000D\000e\000s\000t\000r\000u\000k\000t\000o\000r\000e\000n}{subsection.3.67}% 178
\BOOKMARK [3][-]{subsubsection.3.67.3}{\376\377\000D\000o\000k\000u\000m\000e\000n\000t\000a\000t\000i\000o\000n\000\040\000d\000e\000r\000\040\000E\000l\000e\000m\000e\000n\000t\000f\000u\000n\000k\000t\000i\000o\000n\000e\000n}{subsection.3.67}% 179
\BOOKMARK [2][-]{subsection.3.68}{\376\377\000C\000l\000i\000e\000n\000t\000.\000M\000V\000M\000e\000s\000s\000a\000g\000e\000s\000\040\000S\000c\000h\000n\000i\000t\000t\000s\000t\000e\000l\000l\000e\000n\000r\000e\000f\000e\000r\000e\000n\000z}{section.3}% 180
\BOOKMARK [2][-]{subsection.3.69}{\376\377\000R\000u\000l\000e\000s\000e\000t\000.\000O\000t\000h\000e\000r\000D\000a\000t\000a\000\040\000K\000l\000a\000s\000s\000e\000n\000r\000e\000f\000e\000r\000e\000n\000z}{section.3}% 181
\BOOKMARK [3][-]{subsubsection.3.69.1}{\376\377\000D\000o\000k\000u\000m\000e\000n\000t\000a\000t\000i\000o\000n\000\040\000d\000e\000r\000\040\000E\000l\000e\000m\000e\000n\000t\000f\000u\000n\000k\000t\000i\000o\000n\000e\000n}{subsection.3.69}% 182
\BOOKMARK [2][-]{subsection.3.70}{\376\377\000C\000l\000i\000e\000n\000t\000.\000V\000i\000e\000w\000.\000O\000t\000h\000e\000r\000P\000l\000a\000y\000e\000r\000\040\000K\000l\000a\000s\000s\000e\000n\000r\000e\000f\000e\000r\000e\000n\000z}{section.3}% 183
\BOOKMARK [3][-]{subsubsection.3.70.1}{\376\377\000A\000u\000s\000f\000\374\000h\000r\000l\000i\000c\000h\000e\000\040\000B\000e\000s\000c\000h\000r\000e\000i\000b\000u\000n\000g}{subsection.3.70}% 184
\BOOKMARK [2][-]{subsection.3.71}{\376\377\000C\000l\000i\000e\000n\000t\000.\000V\000i\000e\000w\000.\000O\000w\000n\000H\000a\000n\000d\000\040\000K\000l\000a\000s\000s\000e\000n\000r\000e\000f\000e\000r\000e\000n\000z}{section.3}% 185
\BOOKMARK [3][-]{subsubsection.3.71.1}{\376\377\000A\000u\000s\000f\000\374\000h\000r\000l\000i\000c\000h\000e\000\040\000B\000e\000s\000c\000h\000r\000e\000i\000b\000u\000n\000g}{subsection.3.71}% 186
\BOOKMARK [2][-]{subsection.3.72}{\376\377\000C\000l\000i\000e\000n\000t\000.\000V\000i\000e\000w\000.\000P\000a\000s\000s\000w\000o\000r\000d\000\040\000K\000l\000a\000s\000s\000e\000n\000r\000e\000f\000e\000r\000e\000n\000z}{section.3}% 187
\BOOKMARK [3][-]{subsubsection.3.72.1}{\376\377\000A\000u\000s\000f\000\374\000h\000r\000l\000i\000c\000h\000e\000\040\000B\000e\000s\000c\000h\000r\000e\000i\000b\000u\000n\000g}{subsection.3.72}% 188
\BOOKMARK [3][-]{subsubsection.3.72.2}{\376\377\000D\000o\000k\000u\000m\000e\000n\000t\000a\000t\000i\000o\000n\000\040\000d\000e\000r\000\040\000E\000l\000e\000m\000e\000n\000t\000f\000u\000n\000k\000t\000i\000o\000n\000e\000n}{subsection.3.72}% 189
\BOOKMARK [2][-]{subsection.3.73}{\376\377\000S\000e\000r\000v\000e\000r\000.\000P\000l\000a\000y\000e\000r\000\040\000K\000l\000a\000s\000s\000e\000n\000r\000e\000f\000e\000r\000e\000n\000z}{section.3}% 190
\BOOKMARK [3][-]{subsubsection.3.73.1}{\376\377\000A\000u\000s\000f\000\374\000h\000r\000l\000i\000c\000h\000e\000\040\000B\000e\000s\000c\000h\000r\000e\000i\000b\000u\000n\000g}{subsection.3.73}% 191
\BOOKMARK [3][-]{subsubsection.3.73.2}{\376\377\000B\000e\000s\000c\000h\000r\000e\000i\000b\000u\000n\000g\000\040\000d\000e\000r\000\040\000K\000o\000n\000s\000t\000r\000u\000k\000t\000o\000r\000e\000n\000\040\000u\000n\000d\000\040\000D\000e\000s\000t\000r\000u\000k\000t\000o\000r\000e\000n}{subsection.3.73}% 192
\BOOKMARK [3][-]{subsubsection.3.73.3}{\376\377\000D\000o\000k\000u\000m\000e\000n\000t\000a\000t\000i\000o\000n\000\040\000d\000e\000r\000\040\000E\000l\000e\000m\000e\000n\000t\000f\000u\000n\000k\000t\000i\000o\000n\000e\000n}{subsection.3.73}% 193
\BOOKMARK [2][-]{subsection.3.74}{\376\377\000R\000u\000l\000e\000s\000e\000t\000.\000P\000l\000a\000y\000e\000r\000S\000t\000a\000t\000e\000\040\000K\000l\000a\000s\000s\000e\000n\000r\000e\000f\000e\000r\000e\000n\000z}{section.3}% 194
\BOOKMARK [3][-]{subsubsection.3.74.1}{\376\377\000A\000u\000s\000f\000\374\000h\000r\000l\000i\000c\000h\000e\000\040\000B\000e\000s\000c\000h\000r\000e\000i\000b\000u\000n\000g}{subsection.3.74}% 195
\BOOKMARK [3][-]{subsubsection.3.74.2}{\376\377\000D\000o\000k\000u\000m\000e\000n\000t\000a\000t\000i\000o\000n\000\040\000d\000e\000r\000\040\000E\000l\000e\000m\000e\000n\000t\000f\000u\000n\000k\000t\000i\000o\000n\000e\000n}{subsection.3.74}% 196
\BOOKMARK [2][-]{subsection.3.75}{\376\377\000C\000o\000m\000O\000b\000j\000e\000c\000t\000s\000.\000R\000u\000l\000e\000s\000e\000t\000M\000e\000s\000s\000a\000g\000e\000\040\000K\000l\000a\000s\000s\000e\000n\000r\000e\000f\000e\000r\000e\000n\000z}{section.3}% 197
\BOOKMARK [3][-]{subsubsection.3.75.1}{\376\377\000A\000u\000s\000f\000\374\000h\000r\000l\000i\000c\000h\000e\000\040\000B\000e\000s\000c\000h\000r\000e\000i\000b\000u\000n\000g}{subsection.3.75}% 198
\BOOKMARK [2][-]{subsection.3.76}{\376\377\000R\000u\000l\000e\000s\000e\000t\000.\000R\000u\000l\000e\000s\000e\000t\000T\000y\000p\000e\000\040\000E\000n\000u\000m\000-\000R\000e\000f\000e\000r\000e\000n\000z}{section.3}% 199
\BOOKMARK [2][-]{subsection.3.77}{\376\377\000C\000l\000i\000e\000n\000t\000.\000V\000i\000e\000w\000.\000S\000c\000o\000r\000e\000W\000i\000n\000d\000o\000w\000\040\000K\000l\000a\000s\000s\000e\000n\000r\000e\000f\000e\000r\000e\000n\000z}{section.3}% 200
\BOOKMARK [3][-]{subsubsection.3.77.1}{\376\377\000A\000u\000s\000f\000\374\000h\000r\000l\000i\000c\000h\000e\000\040\000B\000e\000s\000c\000h\000r\000e\000i\000b\000u\000n\000g}{subsection.3.77}% 201
\BOOKMARK [3][-]{subsubsection.3.77.2}{\376\377\000D\000o\000k\000u\000m\000e\000n\000t\000a\000t\000i\000o\000n\000\040\000d\000e\000r\000\040\000E\000l\000e\000m\000e\000n\000t\000f\000u\000n\000k\000t\000i\000o\000n\000e\000n}{subsection.3.77}% 202
\BOOKMARK [2][-]{subsection.3.78}{\376\377\000S\000e\000r\000v\000e\000r\000.\000S\000e\000r\000v\000e\000r\000\040\000K\000l\000a\000s\000s\000e\000n\000r\000e\000f\000e\000r\000e\000n\000z}{section.3}% 203
\BOOKMARK [3][-]{subsubsection.3.78.1}{\376\377\000A\000u\000s\000f\000\374\000h\000r\000l\000i\000c\000h\000e\000\040\000B\000e\000s\000c\000h\000r\000e\000i\000b\000u\000n\000g}{subsection.3.78}% 204
\BOOKMARK [3][-]{subsubsection.3.78.2}{\376\377\000D\000o\000k\000u\000m\000e\000n\000t\000a\000t\000i\000o\000n\000\040\000d\000e\000r\000\040\000E\000l\000e\000m\000e\000n\000t\000f\000u\000n\000k\000t\000i\000o\000n\000e\000n}{subsection.3.78}% 205
\BOOKMARK [2][-]{subsection.3.79}{\376\377\000R\000u\000l\000e\000s\000e\000t\000.\000S\000e\000r\000v\000e\000r\000H\000e\000a\000r\000t\000s\000\040\000K\000l\000a\000s\000s\000e\000n\000r\000e\000f\000e\000r\000e\000n\000z}{section.3}% 206
\BOOKMARK [3][-]{subsubsection.3.79.1}{\376\377\000A\000u\000s\000f\000\374\000h\000r\000l\000i\000c\000h\000e\000\040\000B\000e\000s\000c\000h\000r\000e\000i\000b\000u\000n\000g}{subsection.3.79}% 207
\BOOKMARK [3][-]{subsubsection.3.79.2}{\376\377\000D\000o\000k\000u\000m\000e\000n\000t\000a\000t\000i\000o\000n\000\040\000d\000e\000r\000\040\000E\000l\000e\000m\000e\000n\000t\000f\000u\000n\000k\000t\000i\000o\000n\000e\000n}{subsection.3.79}% 208
\BOOKMARK [2][-]{subsection.3.80}{\376\377\000S\000e\000r\000v\000e\000r\000.\000S\000e\000r\000v\000e\000r\000M\000a\000i\000n\000\040\000K\000l\000a\000s\000s\000e\000n\000r\000e\000f\000e\000r\000e\000n\000z}{section.3}% 209
\BOOKMARK [3][-]{subsubsection.3.80.1}{\376\377\000A\000u\000s\000f\000\374\000h\000r\000l\000i\000c\000h\000e\000\040\000B\000e\000s\000c\000h\000r\000e\000i\000b\000u\000n\000g}{subsection.3.80}% 210
\BOOKMARK [3][-]{subsubsection.3.80.2}{\376\377\000D\000o\000k\000u\000m\000e\000n\000t\000a\000t\000i\000o\000n\000\040\000d\000e\000r\000\040\000E\000l\000e\000m\000e\000n\000t\000f\000u\000n\000k\000t\000i\000o\000n\000e\000n}{subsection.3.80}% 211
\BOOKMARK [2][-]{subsection.3.81}{\376\377\000R\000u\000l\000e\000s\000e\000t\000.\000S\000e\000r\000v\000e\000r\000R\000u\000l\000e\000s\000e\000t\000\040\000K\000l\000a\000s\000s\000e\000n\000r\000e\000f\000e\000r\000e\000n\000z}{section.3}% 212
\BOOKMARK [3][-]{subsubsection.3.81.1}{\376\377\000A\000u\000s\000f\000\374\000h\000r\000l\000i\000c\000h\000e\000\040\000B\000e\000s\000c\000h\000r\000e\000i\000b\000u\000n\000g}{subsection.3.81}% 213
\BOOKMARK [3][-]{subsubsection.3.81.2}{\376\377\000D\000o\000k\000u\000m\000e\000n\000t\000a\000t\000i\000o\000n\000\040\000d\000e\000r\000\040\000E\000l\000e\000m\000e\000n\000t\000f\000u\000n\000k\000t\000i\000o\000n\000e\000n}{subsection.3.81}% 214
\BOOKMARK [2][-]{subsection.3.82}{\376\377\000R\000u\000l\000e\000s\000e\000t\000.\000S\000e\000r\000v\000e\000r\000W\000i\000z\000a\000r\000d\000\040\000K\000l\000a\000s\000s\000e\000n\000r\000e\000f\000e\000r\000e\000n\000z}{section.3}% 215
\BOOKMARK [3][-]{subsubsection.3.82.1}{\376\377\000A\000u\000s\000f\000\374\000h\000r\000l\000i\000c\000h\000e\000\040\000B\000e\000s\000c\000h\000r\000e\000i\000b\000u\000n\000g}{subsection.3.82}% 216
\BOOKMARK [3][-]{subsubsection.3.82.2}{\376\377\000D\000o\000k\000u\000m\000e\000n\000t\000a\000t\000i\000o\000n\000\040\000d\000e\000r\000\040\000E\000l\000e\000m\000e\000n\000t\000f\000u\000n\000k\000t\000i\000o\000n\000e\000n}{subsection.3.82}% 217
\BOOKMARK [2][-]{subsection.3.83}{\376\377\000C\000l\000i\000e\000n\000t\000.\000V\000i\000e\000w\000N\000o\000t\000i\000f\000i\000c\000a\000t\000i\000o\000n\000\040\000E\000n\000u\000m\000-\000R\000e\000f\000e\000r\000e\000n\000z}{section.3}% 218
\BOOKMARK [2][-]{subsection.3.84}{\376\377\000C\000l\000i\000e\000n\000t\000.\000V\000i\000e\000w\000.\000W\000a\000r\000n\000i\000n\000g\000\040\000K\000l\000a\000s\000s\000e\000n\000r\000e\000f\000e\000r\000e\000n\000z}{section.3}% 219
\BOOKMARK [3][-]{subsubsection.3.84.1}{\376\377\000A\000u\000s\000f\000\374\000h\000r\000l\000i\000c\000h\000e\000\040\000B\000e\000s\000c\000h\000r\000e\000i\000b\000u\000n\000g}{subsection.3.84}% 220
\BOOKMARK [3][-]{subsubsection.3.84.2}{\376\377\000D\000o\000k\000u\000m\000e\000n\000t\000a\000t\000i\000o\000n\000\040\000d\000e\000r\000\040\000E\000l\000e\000m\000e\000n\000t\000f\000u\000n\000k\000t\000i\000o\000n\000e\000n}{subsection.3.84}% 221
\BOOKMARK [2][-]{subsection.3.85}{\376\377\000R\000u\000l\000e\000s\000e\000t\000.\000W\000i\000z\000a\000r\000d\000C\000a\000r\000d\000\040\000K\000l\000a\000s\000s\000e\000n\000r\000e\000f\000e\000r\000e\000n\000z}{section.3}% 222
\BOOKMARK [2][-]{subsection.3.86}{\376\377\000R\000u\000l\000e\000s\000e\000t\000.\000W\000i\000z\000a\000r\000d\000D\000e\000c\000k\000\040\000K\000l\000a\000s\000s\000e\000n\000r\000e\000f\000e\000r\000e\000n\000z}{section.3}% 223
\BOOKMARK [2][-]{subsection.3.87}{\376\377\000C\000l\000i\000e\000n\000t\000.\000V\000i\000e\000w\000.\000W\000i\000z\000C\000a\000r\000d\000\040\000K\000l\000a\000s\000s\000e\000n\000r\000e\000f\000e\000r\000e\000n\000z}{section.3}% 224
\BOOKMARK [3][-]{subsubsection.3.87.1}{\376\377\000A\000u\000s\000f\000\374\000h\000r\000l\000i\000c\000h\000e\000\040\000B\000e\000s\000c\000h\000r\000e\000i\000b\000u\000n\000g}{subsection.3.87}% 225
\BOOKMARK [3][-]{subsubsection.3.87.2}{\376\377\000B\000e\000s\000c\000h\000r\000e\000i\000b\000u\000n\000g\000\040\000d\000e\000r\000\040\000K\000o\000n\000s\000t\000r\000u\000k\000t\000o\000r\000e\000n\000\040\000u\000n\000d\000\040\000D\000e\000s\000t\000r\000u\000k\000t\000o\000r\000e\000n}{subsection.3.87}% 226
\BOOKMARK [3][-]{subsubsection.3.87.3}{\376\377\000D\000o\000k\000u\000m\000e\000n\000t\000a\000t\000i\000o\000n\000\040\000d\000e\000r\000\040\000E\000l\000e\000m\000e\000n\000t\000f\000u\000n\000k\000t\000i\000o\000n\000e\000n}{subsection.3.87}% 227
\BOOKMARK [2][-]{subsection.3.88}{\376\377\000R\000u\000l\000e\000s\000e\000t\000.\000W\000i\000z\000D\000a\000t\000a\000\040\000K\000l\000a\000s\000s\000e\000n\000r\000e\000f\000e\000r\000e\000n\000z}{section.3}% 228
\BOOKMARK [3][-]{subsubsection.3.88.1}{\376\377\000D\000o\000k\000u\000m\000e\000n\000t\000a\000t\000i\000o\000n\000\040\000d\000e\000r\000\040\000E\000l\000e\000m\000e\000n\000t\000f\000u\000n\000k\000t\000i\000o\000n\000e\000n}{subsection.3.88}% 229
\BOOKMARK [2][-]{subsection.3.89}{\376\377\000R\000u\000l\000e\000s\000e\000t\000.\000W\000i\000z\000I\000D\000\040\000E\000n\000u\000m\000-\000R\000e\000f\000e\000r\000e\000n\000z}{section.3}% 230
\BOOKMARK [0][-]{section*.67}{\376\377\000I\000n\000d\000e\000x}{}% 231
