<<<<<<< HEAD
\BOOKMARK [1][-]{section.1}{Einleitung}{}% 1
\BOOKMARK [1][-]{section.2}{Systemvoraussetzungen}{}% 2
\BOOKMARK [1][-]{section.3}{Installation}{}% 3
\BOOKMARK [1][-]{section.4}{Haftungsausschluss}{}% 4
\BOOKMARK [1][-]{section.5}{Spiel}{}% 5
\BOOKMARK [2][-]{subsection.5.1}{Beschreibung der Oberfl\344che und Bedienung}{section.5}% 6
\BOOKMARK [2][-]{subsection.5.2}{Einloggen}{section.5}% 7
\BOOKMARK [2][-]{subsection.5.3}{Spiel betreten}{section.5}% 8
\BOOKMARK [2][-]{subsection.5.4}{Spiel erstellen}{section.5}% 9
\BOOKMARK [2][-]{subsection.5.5}{Spiel spielen}{section.5}% 10
\BOOKMARK [3][-]{subsubsection.5.5.1}{Wizard}{subsection.5.5}% 11
\BOOKMARK [3][-]{subsubsection.5.5.2}{Hearts}{subsection.5.5}% 12
\BOOKMARK [1][-]{section.6}{Fehlermeldungen und Behebung}{}% 13
\BOOKMARK [1][-]{section.7}{Entwicklung eines neuen Regelwerkes}{}% 14
\BOOKMARK [1][-]{section.8}{Glossar}{}% 15
=======
\BOOKMARK [1][-]{section.1}{Einleitung}{}% 1
\BOOKMARK [1][-]{section.2}{Systemvoraussetzungen}{}% 2
\BOOKMARK [1][-]{section.3}{Installation}{}% 3
\BOOKMARK [1][-]{section.4}{Haftungsausschluss}{}% 4
\BOOKMARK [1][-]{section.5}{Spiel}{}% 5
\BOOKMARK [2][-]{subsection.5.1}{Einloggen}{section.5}% 6
\BOOKMARK [2][-]{subsection.5.2}{Spiel betreten}{section.5}% 7
\BOOKMARK [2][-]{subsection.5.3}{Spiel erstellen}{section.5}% 8
\BOOKMARK [2][-]{subsection.5.4}{Spiel spielen}{section.5}% 9
\BOOKMARK [3][-]{subsubsection.5.4.1}{Wizard}{subsection.5.4}% 10
\BOOKMARK [3][-]{subsubsection.5.4.2}{Hearts}{subsection.5.4}% 11
\BOOKMARK [1][-]{section.6}{Fehlermeldungen und Behebung}{}% 12
\BOOKMARK [1][-]{section.7}{Entwicklung eines neuen Regelwerkes}{}% 13
>>>>>>> refs/heads/master
