\BOOKMARK [1][-]{section.1}{\376\377\000H\000i\000e\000r\000a\000r\000c\000h\000i\000e\000-\000V\000e\000r\000z\000e\000i\000c\000h\000n\000i\000s}{}% 1
\BOOKMARK [2][-]{subsection.1.1}{\376\377\000K\000l\000a\000s\000s\000e\000n\000h\000i\000e\000r\000a\000r\000c\000h\000i\000e}{section.1}% 2
\BOOKMARK [1][-]{section.2}{\376\377\000K\000l\000a\000s\000s\000e\000n\000-\000V\000e\000r\000z\000e\000i\000c\000h\000n\000i\000s}{}% 3
\BOOKMARK [2][-]{subsection.2.1}{\376\377\000A\000u\000f\000l\000i\000s\000t\000u\000n\000g\000\040\000d\000e\000r\000\040\000K\000l\000a\000s\000s\000e\000n}{section.2}% 4
\BOOKMARK [1][-]{section.3}{\376\377\000K\000l\000a\000s\000s\000e\000n\000-\000D\000o\000k\000u\000m\000e\000n\000t\000a\000t\000i\000o\000n}{}% 5
\BOOKMARK [2][-]{subsection.3.1}{\376\377\000R\000u\000l\000e\000s\000e\000t\000.\000C\000a\000r\000d\000\040\000K\000l\000a\000s\000s\000e\000n\000r\000e\000f\000e\000r\000e\000n\000z}{section.3}% 6
\BOOKMARK [3][-]{subsubsection.3.1.1}{\376\377\000A\000u\000s\000f\000\374\000h\000r\000l\000i\000c\000h\000e\000\040\000B\000e\000s\000c\000h\000r\000e\000i\000b\000u\000n\000g}{subsection.3.1}% 7
\BOOKMARK [3][-]{subsubsection.3.1.2}{\376\377\000D\000o\000k\000u\000m\000e\000n\000t\000a\000t\000i\000o\000n\000\040\000d\000e\000r\000\040\000E\000l\000e\000m\000e\000n\000t\000f\000u\000n\000k\000t\000i\000o\000n\000e\000n}{subsection.3.1}% 8
\BOOKMARK [2][-]{subsection.3.2}{\376\377\000R\000u\000l\000e\000s\000e\000t\000.\000C\000l\000i\000e\000n\000t\000H\000e\000a\000r\000t\000s\000\040\000K\000l\000a\000s\000s\000e\000n\000r\000e\000f\000e\000r\000e\000n\000z}{section.3}% 9
\BOOKMARK [3][-]{subsubsection.3.2.1}{\376\377\000D\000o\000k\000u\000m\000e\000n\000t\000a\000t\000i\000o\000n\000\040\000d\000e\000r\000\040\000E\000l\000e\000m\000e\000n\000t\000f\000u\000n\000k\000t\000i\000o\000n\000e\000n}{subsection.3.2}% 10
\BOOKMARK [2][-]{subsection.3.3}{\376\377\000R\000u\000l\000e\000s\000e\000t\000.\000C\000l\000i\000e\000n\000t\000R\000u\000l\000e\000s\000e\000t\000\040\000K\000l\000a\000s\000s\000e\000n\000r\000e\000f\000e\000r\000e\000n\000z}{section.3}% 11
\BOOKMARK [3][-]{subsubsection.3.3.1}{\376\377\000A\000u\000s\000f\000\374\000h\000r\000l\000i\000c\000h\000e\000\040\000B\000e\000s\000c\000h\000r\000e\000i\000b\000u\000n\000g}{subsection.3.3}% 12
\BOOKMARK [3][-]{subsubsection.3.3.2}{\376\377\000D\000o\000k\000u\000m\000e\000n\000t\000a\000t\000i\000o\000n\000\040\000d\000e\000r\000\040\000E\000l\000e\000m\000e\000n\000t\000f\000u\000n\000k\000t\000i\000o\000n\000e\000n}{subsection.3.3}% 13
\BOOKMARK [2][-]{subsection.3.4}{\376\377\000R\000u\000l\000e\000s\000e\000t\000.\000C\000l\000i\000e\000n\000t\000W\000i\000z\000a\000r\000d\000\040\000K\000l\000a\000s\000s\000e\000n\000r\000e\000f\000e\000r\000e\000n\000z}{section.3}% 14
\BOOKMARK [3][-]{subsubsection.3.4.1}{\376\377\000D\000o\000k\000u\000m\000e\000n\000t\000a\000t\000i\000o\000n\000\040\000d\000e\000r\000\040\000E\000l\000e\000m\000e\000n\000t\000f\000u\000n\000k\000t\000i\000o\000n\000e\000n}{subsection.3.4}% 15
\BOOKMARK [2][-]{subsection.3.5}{\376\377\000R\000u\000l\000e\000s\000e\000t\000.\000C\000o\000l\000o\000u\000r\000\040\000E\000n\000u\000m\000-\000R\000e\000f\000e\000r\000e\000n\000z}{section.3}% 16
\BOOKMARK [2][-]{subsection.3.6}{\376\377\000R\000u\000l\000e\000s\000e\000t\000.\000G\000a\000m\000e\000C\000l\000i\000e\000n\000t\000U\000p\000d\000a\000t\000e\000\040\000K\000l\000a\000s\000s\000e\000n\000r\000e\000f\000e\000r\000e\000n\000z}{section.3}% 17
\BOOKMARK [3][-]{subsubsection.3.6.1}{\376\377\000A\000u\000s\000f\000\374\000h\000r\000l\000i\000c\000h\000e\000\040\000B\000e\000s\000c\000h\000r\000e\000i\000b\000u\000n\000g}{subsection.3.6}% 18
\BOOKMARK [3][-]{subsubsection.3.6.2}{\376\377\000D\000o\000k\000u\000m\000e\000n\000t\000a\000t\000i\000o\000n\000\040\000d\000e\000r\000\040\000E\000l\000e\000m\000e\000n\000t\000f\000u\000n\000k\000t\000i\000o\000n\000e\000n}{subsection.3.6}% 19
\BOOKMARK [2][-]{subsection.3.7}{\376\377\000R\000u\000l\000e\000s\000e\000t\000.\000G\000a\000m\000e\000P\000h\000a\000s\000e\000\040\000E\000n\000u\000m\000-\000R\000e\000f\000e\000r\000e\000n\000z}{section.3}% 20
\BOOKMARK [2][-]{subsection.3.8}{\376\377\000R\000u\000l\000e\000s\000e\000t\000.\000G\000a\000m\000e\000S\000t\000a\000t\000e\000\040\000K\000l\000a\000s\000s\000e\000n\000r\000e\000f\000e\000r\000e\000n\000z}{section.3}% 21
\BOOKMARK [3][-]{subsubsection.3.8.1}{\376\377\000A\000u\000s\000f\000\374\000h\000r\000l\000i\000c\000h\000e\000\040\000B\000e\000s\000c\000h\000r\000e\000i\000b\000u\000n\000g}{subsection.3.8}% 22
\BOOKMARK [3][-]{subsubsection.3.8.2}{\376\377\000D\000o\000k\000u\000m\000e\000n\000t\000a\000t\000i\000o\000n\000\040\000d\000e\000r\000\040\000E\000l\000e\000m\000e\000n\000t\000f\000u\000n\000k\000t\000i\000o\000n\000e\000n}{subsection.3.8}% 23
\BOOKMARK [2][-]{subsection.3.9}{\376\377\000R\000u\000l\000e\000s\000e\000t\000.\000H\000e\000a\000r\000t\000s\000C\000a\000r\000d\000\040\000K\000l\000a\000s\000s\000e\000n\000r\000e\000f\000e\000r\000e\000n\000z}{section.3}% 24
\BOOKMARK [3][-]{subsubsection.3.9.1}{\376\377\000D\000o\000k\000u\000m\000e\000n\000t\000a\000t\000i\000o\000n\000\040\000d\000e\000r\000\040\000E\000l\000e\000m\000e\000n\000t\000f\000u\000n\000k\000t\000i\000o\000n\000e\000n}{subsection.3.9}% 25
\BOOKMARK [2][-]{subsection.3.10}{\376\377\000R\000u\000l\000e\000s\000e\000t\000.\000H\000e\000a\000r\000t\000s\000D\000a\000t\000a\000\040\000K\000l\000a\000s\000s\000e\000n\000r\000e\000f\000e\000r\000e\000n\000z}{section.3}% 26
\BOOKMARK [3][-]{subsubsection.3.10.1}{\376\377\000D\000o\000k\000u\000m\000e\000n\000t\000a\000t\000i\000o\000n\000\040\000d\000e\000r\000\040\000E\000l\000e\000m\000e\000n\000t\000f\000u\000n\000k\000t\000i\000o\000n\000e\000n}{subsection.3.10}% 27
\BOOKMARK [2][-]{subsection.3.11}{\376\377\000R\000u\000l\000e\000s\000e\000t\000.\000H\000e\000a\000r\000t\000s\000I\000D\000\040\000E\000n\000u\000m\000-\000R\000e\000f\000e\000r\000e\000n\000z}{section.3}% 28
\BOOKMARK [2][-]{subsection.3.12}{\376\377\000R\000u\000l\000e\000s\000e\000t\000.\000O\000t\000h\000e\000r\000D\000a\000t\000a\000\040\000K\000l\000a\000s\000s\000e\000n\000r\000e\000f\000e\000r\000e\000n\000z}{section.3}% 29
\BOOKMARK [3][-]{subsubsection.3.12.1}{\376\377\000D\000o\000k\000u\000m\000e\000n\000t\000a\000t\000i\000o\000n\000\040\000d\000e\000r\000\040\000E\000l\000e\000m\000e\000n\000t\000f\000u\000n\000k\000t\000i\000o\000n\000e\000n}{subsection.3.12}% 30
\BOOKMARK [2][-]{subsection.3.13}{\376\377\000R\000u\000l\000e\000s\000e\000t\000.\000P\000l\000a\000y\000e\000r\000S\000t\000a\000t\000e\000\040\000K\000l\000a\000s\000s\000e\000n\000r\000e\000f\000e\000r\000e\000n\000z}{section.3}% 31
\BOOKMARK [3][-]{subsubsection.3.13.1}{\376\377\000A\000u\000s\000f\000\374\000h\000r\000l\000i\000c\000h\000e\000\040\000B\000e\000s\000c\000h\000r\000e\000i\000b\000u\000n\000g}{subsection.3.13}% 32
\BOOKMARK [3][-]{subsubsection.3.13.2}{\376\377\000D\000o\000k\000u\000m\000e\000n\000t\000a\000t\000i\000o\000n\000\040\000d\000e\000r\000\040\000E\000l\000e\000m\000e\000n\000t\000f\000u\000n\000k\000t\000i\000o\000n\000e\000n}{subsection.3.13}% 33
\BOOKMARK [2][-]{subsection.3.14}{\376\377\000R\000u\000l\000e\000s\000e\000t\000.\000R\000u\000l\000e\000s\000e\000t\000T\000y\000p\000e\000\040\000E\000n\000u\000m\000-\000R\000e\000f\000e\000r\000e\000n\000z}{section.3}% 34
\BOOKMARK [2][-]{subsection.3.15}{\376\377\000R\000u\000l\000e\000s\000e\000t\000.\000S\000e\000r\000v\000e\000r\000H\000e\000a\000r\000t\000s\000\040\000K\000l\000a\000s\000s\000e\000n\000r\000e\000f\000e\000r\000e\000n\000z}{section.3}% 35
\BOOKMARK [3][-]{subsubsection.3.15.1}{\376\377\000A\000u\000s\000f\000\374\000h\000r\000l\000i\000c\000h\000e\000\040\000B\000e\000s\000c\000h\000r\000e\000i\000b\000u\000n\000g}{subsection.3.15}% 36
\BOOKMARK [3][-]{subsubsection.3.15.2}{\376\377\000D\000o\000k\000u\000m\000e\000n\000t\000a\000t\000i\000o\000n\000\040\000d\000e\000r\000\040\000E\000l\000e\000m\000e\000n\000t\000f\000u\000n\000k\000t\000i\000o\000n\000e\000n}{subsection.3.15}% 37
\BOOKMARK [2][-]{subsection.3.16}{\376\377\000R\000u\000l\000e\000s\000e\000t\000.\000S\000e\000r\000v\000e\000r\000R\000u\000l\000e\000s\000e\000t\000\040\000K\000l\000a\000s\000s\000e\000n\000r\000e\000f\000e\000r\000e\000n\000z}{section.3}% 38
\BOOKMARK [3][-]{subsubsection.3.16.1}{\376\377\000A\000u\000s\000f\000\374\000h\000r\000l\000i\000c\000h\000e\000\040\000B\000e\000s\000c\000h\000r\000e\000i\000b\000u\000n\000g}{subsection.3.16}% 39
\BOOKMARK [3][-]{subsubsection.3.16.2}{\376\377\000D\000o\000k\000u\000m\000e\000n\000t\000a\000t\000i\000o\000n\000\040\000d\000e\000r\000\040\000E\000l\000e\000m\000e\000n\000t\000f\000u\000n\000k\000t\000i\000o\000n\000e\000n}{subsection.3.16}% 40
\BOOKMARK [2][-]{subsection.3.17}{\376\377\000R\000u\000l\000e\000s\000e\000t\000.\000S\000e\000r\000v\000e\000r\000W\000i\000z\000a\000r\000d\000\040\000K\000l\000a\000s\000s\000e\000n\000r\000e\000f\000e\000r\000e\000n\000z}{section.3}% 41
\BOOKMARK [3][-]{subsubsection.3.17.1}{\376\377\000A\000u\000s\000f\000\374\000h\000r\000l\000i\000c\000h\000e\000\040\000B\000e\000s\000c\000h\000r\000e\000i\000b\000u\000n\000g}{subsection.3.17}% 42
\BOOKMARK [3][-]{subsubsection.3.17.2}{\376\377\000D\000o\000k\000u\000m\000e\000n\000t\000a\000t\000i\000o\000n\000\040\000d\000e\000r\000\040\000E\000l\000e\000m\000e\000n\000t\000f\000u\000n\000k\000t\000i\000o\000n\000e\000n}{subsection.3.17}% 43
\BOOKMARK [2][-]{subsection.3.18}{\376\377\000R\000u\000l\000e\000s\000e\000t\000.\000W\000i\000z\000a\000r\000d\000C\000a\000r\000d\000\040\000K\000l\000a\000s\000s\000e\000n\000r\000e\000f\000e\000r\000e\000n\000z}{section.3}% 44
\BOOKMARK [2][-]{subsection.3.19}{\376\377\000R\000u\000l\000e\000s\000e\000t\000.\000W\000i\000z\000D\000a\000t\000a\000\040\000K\000l\000a\000s\000s\000e\000n\000r\000e\000f\000e\000r\000e\000n\000z}{section.3}% 45
\BOOKMARK [3][-]{subsubsection.3.19.1}{\376\377\000D\000o\000k\000u\000m\000e\000n\000t\000a\000t\000i\000o\000n\000\040\000d\000e\000r\000\040\000E\000l\000e\000m\000e\000n\000t\000f\000u\000n\000k\000t\000i\000o\000n\000e\000n}{subsection.3.19}% 46
\BOOKMARK [2][-]{subsection.3.20}{\376\377\000R\000u\000l\000e\000s\000e\000t\000.\000W\000i\000z\000I\000D\000\040\000E\000n\000u\000m\000-\000R\000e\000f\000e\000r\000e\000n\000z}{section.3}% 47
\BOOKMARK [0][-]{section*.17}{\376\377\000I\000n\000d\000e\000x}{}% 48
